time="2020-11-18T23:21:04+06:00" level=info msg=main port=7000
time="2020-11-18T23:21:11+06:00" level=info msg="Sign_in 3" error= host="[::1]:57182" path=/v1/signin status=200
time="2020-11-18T23:21:15+06:00" level=info msg="Forget_password_send_message  2" error="pq: zero-length delimited identifier at or near \"\"\"\"" host="[::1]:57182" path=/v1/reset_password status=417
time="2020-11-18T23:23:35+06:00" level=info msg=GET_FILE message="closing the file..." ok=true
time="2020-11-18T23:23:35+06:00" level=info msg=fn_rotate_log_files message="finishing the rotate fr goroutine" ok=true
time="2020-11-18T23:23:38+06:00" level=info msg=main port=7000
time="2020-11-18T23:23:40+06:00" level=info msg="Forget_password_send_message  2" error="pq: zero-length delimited identifier at or near \"\"\"\"" host="[::1]:58400" path=/v1/reset_password status=417
time="2020-11-18T23:24:23+06:00" level=info msg=fn_rotate_log_files message="finishing the rotate fr goroutine" ok=true
time="2020-11-18T23:24:23+06:00" level=info msg=GET_FILE message="closing the file..." ok=true
time="2020-11-18T23:24:26+06:00" level=info msg=main port=7000
time="2020-11-18T23:24:29+06:00" level=info msg="Forget_password_send_message  2" error="pq: zero-length delimited identifier at or near \"\"\"\"" host="[::1]:58808" path=/v1/reset_password status=417
time="2020-11-18T23:24:53+06:00" level=info msg=GET_FILE message="closing the file..." ok=true
time="2020-11-18T23:24:53+06:00" level=info msg=fn_rotate_log_files message="finishing the rotate fr goroutine" ok=true
time="2020-11-18T23:25:06+06:00" level=info msg=main port=7000
time="2020-11-18T23:27:02+06:00" level=info msg=main port=7000
time="2020-11-18T23:27:20+06:00" level=info msg="Forget_password_send_message  2" error= host="[::1]:60104" path=/v1/reset_password status=200
time="2020-11-18T23:29:09+06:00" level=info msg="Forget_password_send_message  2" error= host="[::1]:60104" path=/v1/reset_password status=200
time="2020-11-18T23:30:44+06:00" level=info msg=main port=7000
time="2020-11-18T23:30:50+06:00" level=info msg=main port=7000
time="2020-11-18T23:30:51+06:00" level=info msg="Forget_password_send_message  2" error= host="[::1]:34154" path=/v1/reset_password status=200
time="2020-11-18T23:30:53+06:00" level=info msg="Forget_password_send_message  2" error= host="[::1]:34154" path=/v1/reset_password status=200
time="2020-11-18T23:32:11+06:00" level=info msg=GET_FILE message="closing the file..." ok=true
time="2020-11-18T23:32:11+06:00" level=info msg=fn_rotate_log_files message="finishing the rotate fr goroutine" ok=true
time="2020-11-18T23:32:11+06:00" level=info msg="Sign_in 3" error="password either does not match or invalid" host="[::1]:34792" path=/v1/signin status=417
time="2020-11-18T23:32:11+06:00" level=info msg="Forget_password_send_message  2" error="sql: database is closed" host="[::1]:34154" path=/v1/reset_password status=417
time="2020-11-18T23:32:14+06:00" level=info msg=main port=7000
time="2020-11-18T23:32:24+06:00" level=info msg="Sign_in 3" error= host="[::1]:34988" path=/v1/signin status=200
time="2020-11-18T23:32:43+06:00" level=info msg=GET_FILE message="closing the file..." ok=true
time="2020-11-18T23:32:43+06:00" level=info msg=fn_rotate_log_files message="finishing the rotate fr goroutine" ok=true
time="2020-11-18T23:32:43+06:00" level=info msg="Forget_password_send_message  2" error="sql: database is closed" host="[::1]:34988" path=/v1/reset_password status=417
time="2020-11-18T23:32:47+06:00" level=info msg=main port=7000
time="2020-11-18T23:37:00+06:00" level=info msg=main port=7000
time="2020-11-18T23:37:08+06:00" level=info msg="Sign_in 3" error= host="[::1]:37554" path=/v1/signin status=200
time="2020-11-18T23:37:15+06:00" level=info msg="Sign_in 3" error= host="[::1]:37554" path=/v1/signin status=200
time="2020-11-18T23:37:55+06:00" level=info msg=GET_FILE message="closing the file..." ok=true
time="2020-11-18T23:37:55+06:00" level=info msg=fn_rotate_log_files message="finishing the rotate fr goroutine" ok=true
time="2020-11-18T23:37:55+06:00" level=info msg="Forget_password_send_message  2" error="sql: database is closed" host="[::1]:37554" path=/v1/reset_password status=417
time="2020-11-18T23:37:58+06:00" level=info msg=main port=7000
time="2020-11-18T23:38:13+06:00" level=info msg=GET_FILE message="closing the file..." ok=true
time="2020-11-18T23:38:13+06:00" level=info msg=fn_rotate_log_files message="finishing the rotate fr goroutine" ok=true
time="2020-11-18T23:38:16+06:00" level=info msg=main port=7000
time="2020-11-18T23:38:36+06:00" level=info msg=main port=7000
time="2020-11-18T23:39:30+06:00" level=info msg=main port=7000
time="2020-11-18T23:39:39+06:00" level=info msg="Forget_password_send_message  2" error= host="[::1]:38794" path=/v1/reset_password status=200
time="2020-11-18T23:39:46+06:00" level=info msg="Sign_in 3" error= host="[::1]:38794" path=/v1/signin status=200
time="2020-11-18T23:39:51+06:00" level=info msg=main port=7000
time="2020-11-18T23:40:00+06:00" level=info msg=main port=7000
time="2020-11-18T23:40:08+06:00" level=info msg="Sign_in 3" error= host="[::1]:39106" path=/v1/signin status=200
time="2020-11-18T23:40:12+06:00" level=info msg="Sign_in 3" error="password is wrong" host="[::1]:39106" path=/v1/signin status=417
time="2020-11-18T23:40:20+06:00" level=info msg="Sign_in 3" error="password is wrong" host="[::1]:39106" path=/v1/signin status=417
time="2020-11-18T23:40:24+06:00" level=info msg="Sign_in 3" error= host="[::1]:39106" path=/v1/signin status=200
time="2020-11-18T23:40:31+06:00" level=info msg="Forget_password_send_message  2" error= host="[::1]:39106" path=/v1/reset_password status=200
time="2020-11-18T23:41:39+06:00" level=info msg=GET_FILE message="closing the file..." ok=true
time="2020-11-18T23:41:39+06:00" level=info msg=fn_rotate_log_files message="finishing the rotate fr goroutine" ok=true
time="2020-11-18T23:41:43+06:00" level=info msg=main port=7000
time="2020-11-18T23:41:44+06:00" level=info msg="Forget_password_send_message  2" error= host="[::1]:39916" path=/v1/reset_password status=200
time="2020-11-18T23:42:12+06:00" level=info msg="Forget_password_send_message  2" error= host="[::1]:39916" path=/v1/reset_password status=200
time="2020-11-18T23:42:15+06:00" level=info msg="Forget_password_send_message  2" error="code record not found" host="[::1]:39916" path=/v1/reset_password status=417
time="2020-11-18T23:42:31+06:00" level=info msg="Sign_in 3" error="password is wrong" host="[::1]:39916" path=/v1/signin status=417
time="2020-11-18T23:42:34+06:00" level=info msg="Sign_in 3" error= host="[::1]:39916" path=/v1/signin status=200
time="2020-11-19T00:00:22+06:00" level=info msg=GET_FILE message="closing the file..." ok=true
time="2020-11-19T00:00:22+06:00" level=info msg=fn_rotate_log_files message="finishing the rotate fr goroutine" ok=true
