time="2020-08-30T11:59:49+06:00" level=info msg=INIT_DB message="connected to Postgres..." ok=true
time="2020-08-30T11:59:50+06:00" level=info msg=main port=7000
time="2020-08-30T12:23:32+06:00" level=info msg=INIT_DB message="connected to Postgres..." ok=true
time="2020-08-30T12:23:32+06:00" level=info msg=main port=7000
time="2020-08-30T12:24:42+06:00" level=info msg=INIT_DB message="connected to Postgres..." ok=true
time="2020-08-30T12:24:43+06:00" level=info msg=main port=7000
time="2020-08-30T12:25:38+06:00" level=info msg=INIT_DB message="connected to Postgres..." ok=true
time="2020-08-30T12:25:39+06:00" level=info msg=main port=7000
time="2020-08-30T12:29:26+06:00" level=info msg="Admin_create_user 2" error="pq: argument of WHERE must be type boolean, not type text" host="[::1]:32908" path=/v1/administrate/user status=400
time="2020-08-30T12:29:32+06:00" level=info msg=INIT_DB message="connected to Postgres..." ok=true
time="2020-08-30T12:29:32+06:00" level=info msg=main port=7000
time="2020-08-30T12:30:06+06:00" level=info msg="Admin_create_user 2" error="pq: duplicate key value violates unique constraint \"emails_pkey\"" host="[::1]:32926" path=/v1/administrate/user status=400
time="2020-08-30T12:30:46+06:00" level=info msg=INIT_DB message="connected to Postgres..." ok=true
time="2020-08-30T12:30:47+06:00" level=info msg=main port=7000
time="2020-08-30T12:41:55+06:00" level=info msg="Admin_create_user 2" error="pq: duplicate key value violates unique constraint \"emails_pkey\"" host="[::1]:32952" path=/v1/administrate/user status=400
time="2020-08-30T12:42:55+06:00" level=info msg=INIT_DB message="connected to Postgres..." ok=true
time="2020-08-30T12:42:55+06:00" level=info msg=main port=7000
time="2020-08-30T12:48:33+06:00" level=info msg=INIT_DB message="connected to Postgres..." ok=true
time="2020-08-30T12:48:33+06:00" level=info msg=main port=7000
time="2020-08-30T13:18:36+06:00" level=info msg="Admin_create_user 2" error="pq: duplicate key value violates unique constraint \"phones_pkey\"" host="[::1]:33072" path=/v1/administrate/user status=400
time="2020-08-30T16:31:57+06:00" level=info msg=INIT_DB message="connected to Postgres..." ok=true
time="2020-08-30T16:31:57+06:00" level=info msg=main port=7000
time="2020-08-30T16:32:23+06:00" level=info msg="Admin_create_user 2" error= host="[::1]:33974" path=/v1/administrate/user status=200
time="2020-08-30T20:27:47+06:00" level=info msg=INIT_DB message="connected to Postgres..." ok=true
time="2020-08-30T20:27:47+06:00" level=info msg=main port=7000
time="2020-08-30T20:31:00+06:00" level=info msg=INIT_DB message="connected to Postgres..." ok=true
time="2020-08-30T20:31:00+06:00" level=info msg=main port=7000
time="2020-08-30T20:53:32+06:00" level=info msg=INIT_DB message="connected to Postgres..." ok=true
time="2020-08-30T20:53:32+06:00" level=info msg=main port=7000
time="2020-08-30T20:54:53+06:00" level=info msg=INIT_DB message="connected to Postgres..." ok=true
time="2020-08-30T20:54:53+06:00" level=info msg=main port=7000
time="2020-08-30T20:56:41+06:00" level=info msg=INIT_DB message="connected to Postgres..." ok=true
time="2020-08-30T20:56:42+06:00" level=info msg=main port=7000
time="2020-08-30T20:56:56+06:00" level=info error= host="[::1]:35874" path=/v1/administrate/user/info status=200
time="2020-08-30T22:59:00+06:00" level=info msg=INIT_DB message="connected to Postgres..." ok=true
time="2020-08-30T22:59:01+06:00" level=info msg=main port=7000
time="2020-08-30T23:02:57+06:00" level=info error= host="[::1]:35984" path=/v1/administrate/user/info status=200
time="2020-08-30T23:57:04+06:00" level=info msg=INIT_DB message="connected to Postgres..." ok=true
time="2020-08-30T23:57:04+06:00" level=info msg=main port=7000
time="2020-08-31T00:03:25+06:00" level=info error="pq: zero-length delimited identifier at or near \"\"\"\"" host="[::1]:36802" path=/v1/administrate/user/info status=417
