time="2020-08-04T15:34:43+06:00" level=info msg="Create_project 2" error="pq: invalid input syntax for type timestamp with time zone: \"\"" host="[::1]:55440" path=/v1/projects_make_changes/project status=400
time="2020-08-04T15:35:56+06:00" level=info msg=INIT_DB message="connected to Postgres..." ok=true
time="2020-08-04T15:35:56+06:00" level=info msg=main port=7000
time="2020-08-04T15:36:50+06:00" level=info msg=INIT_DB message="connected to Postgres..." ok=true
time="2020-08-04T15:36:50+06:00" level=info msg=main port=7000
time="2020-08-04T15:37:06+06:00" level=info msg=INIT_DB message="connected to Postgres..." ok=true
time="2020-08-04T15:37:07+06:00" level=info msg=main port=7000
time="2020-08-04T15:37:29+06:00" level=info msg=INIT_DB message="connected to Postgres..." ok=true
time="2020-08-04T15:37:30+06:00" level=info msg=main port=7000
time="2020-08-04T15:45:55+06:00" level=info msg=INIT_DB message="connected to Postgres..." ok=true
time="2020-08-04T15:45:55+06:00" level=info msg=main port=7000
time="2020-08-04T15:52:13+06:00" level=info msg=INIT_DB message="connected to Postgres..." ok=true
time="2020-08-04T15:52:14+06:00" level=info msg=main port=7000
time="2020-08-04T15:55:50+06:00" level=info msg=INIT_DB message="connected to Postgres..." ok=true
time="2020-08-04T15:55:50+06:00" level=info msg=main port=7000
time="2020-08-04T15:56:09+06:00" level=info msg="Create_project 2" error="pq: invalid input syntax for type timestamp with time zone: \"Address: 894565748512\"" host="[::1]:55820" path=/v1/projects_make_changes/project status=400
time="2020-08-04T15:56:14+06:00" level=info msg=INIT_DB message="connected to Postgres..." ok=true
time="2020-08-04T15:56:14+06:00" level=info msg=main port=7000
time="2020-08-04T15:56:22+06:00" level=info msg="Create_project 2" error="pq: invalid input syntax for type timestamp with time zone: \"Address: 894565748512\"" host="[::1]:55840" path=/v1/projects_make_changes/project status=400
time="2020-08-04T15:57:36+06:00" level=info msg=INIT_DB message="connected to Postgres..." ok=true
time="2020-08-04T15:57:36+06:00" level=info msg=main port=7000
time="2020-08-04T15:58:12+06:00" level=info msg="Create_project 2" error="pq: invalid input syntax for type timestamp with time zone: \"Address: 894565748512\"" host="[::1]:55862" path=/v1/projects_make_changes/project status=400
time="2020-08-04T15:58:17+06:00" level=info msg=INIT_DB message="connected to Postgres..." ok=true
time="2020-08-04T15:58:18+06:00" level=info msg=main port=7000
time="2020-08-04T16:00:12+06:00" level=info msg="Create_project 2" error="pq: invalid input syntax for type timestamp with time zone: \"Address: 894565748512\"" host="[::1]:55900" path=/v1/projects_make_changes/project status=400
time="2020-08-04T16:00:58+06:00" level=info msg=INIT_DB message="connected to Postgres..." ok=true
time="2020-08-04T16:00:58+06:00" level=info msg=main port=7000
time="2020-08-04T16:04:29+06:00" level=info msg=INIT_DB message="connected to Postgres..." ok=true
time="2020-08-04T16:04:29+06:00" level=info msg=main port=7000
time="2020-08-04T16:05:35+06:00" level=info msg="Create_project 2" error= host="[::1]:56046" path=/v1/projects_make_changes/project status=200
time="2020-08-04T16:12:07+06:00" level=info msg=INIT_DB message="connected to Postgres..." ok=true
time="2020-08-04T16:12:07+06:00" level=info msg=main port=7000
time="2020-08-04T17:19:52+06:00" level=info msg="Create_project 2" error="pq: duplicate key value violates unique constraint \"organizations_bin_key\"" host="[::1]:56170" path=/v1/projects_make_changes/project status=400
time="2020-08-04T17:37:06+06:00" level=info msg="Create_project 2" error= host="[::1]:56170" path=/v1/projects_make_changes/project status=200
time="2020-08-04T17:46:31+06:00" level=info msg="Create_project 2" error="pq: duplicate key value violates unique constraint \"projects_name_key\"" host="[::1]:56170" path=/v1/projects_make_changes/project status=400
time="2020-08-04T17:46:37+06:00" level=info msg=INIT_DB message="connected to Postgres..." ok=true
time="2020-08-04T17:46:37+06:00" level=info msg=main port=7000
time="2020-08-04T17:47:38+06:00" level=info msg="Create_project 2" error= host="[::1]:57216" path=/v1/projects_make_changes/project status=200
time="2020-08-04T17:48:00+06:00" level=info msg="Create_project 2" error= host="[::1]:57216" path=/v1/projects_make_changes/project status=200
