time="2020-09-30T05:58:47+06:00" level=info msg=INIT_DB message="connected to Postgres..." ok=true
time="2020-09-30T05:58:48+06:00" level=info msg=main port=7000
time="2020-09-30T05:59:47+06:00" level=info msg="JWT_TOKEN 1" error="could not be split correctly" host="[::1]:33304" path=/v1/user/profile/other status=421
time="2020-09-30T06:00:09+06:00" level=info msg="Update_user_profile json" error=EOF host="[::1]:33304" path=/v1/user/profile/other status=400
time="2020-09-30T12:32:38+06:00" level=info msg=INIT_DB message="connected to Postgres..." ok=true
time="2020-09-30T12:32:39+06:00" level=info msg=main port=7000
time="2020-09-30T12:33:34+06:00" level=info error="not admin. your role is " host="[::1]:34616" path=/v1/user status=405
time="2020-09-30T12:33:59+06:00" level=info msg="Sign_in 3" error= host="[::1]:34616" path=/v1/signin status=200
time="2020-09-30T12:34:48+06:00" level=info msg="Create_user_based_on_role 1" error="record not found" host="[::1]:34616" path=/v1/user status=417
time="2020-09-30T12:37:34+06:00" level=info msg="Create_user_based_on_role 1" error= host="[::1]:34616" path=/v1/user status=201
time="2020-09-30T12:37:57+06:00" level=info msg=INIT_DB message="connected to Postgres..." ok=true
time="2020-09-30T12:37:58+06:00" level=info msg=main port=7000
time="2020-09-30T12:45:07+06:00" level=info error="not admin. your role is investor" host="[::1]:34722" path=/v1/profile/other status=405
time="2020-09-30T12:45:13+06:00" level=info msg=INIT_DB message="connected to Postgres..." ok=true
time="2020-09-30T12:45:14+06:00" level=info msg=main port=7000
time="2020-09-30T12:46:27+06:00" level=info msg="Update_user_profile update" error= host="[::1]:34752" path=/v1/profile/other status=200
time="2020-09-30T12:48:34+06:00" level=info msg=INIT_DB message="connected to Postgres..." ok=true
time="2020-09-30T12:48:35+06:00" level=info msg=main port=7000
time="2020-09-30T12:50:13+06:00" level=info msg="Update_user_profile update" error= host="[::1]:34786" path=/v1/profile/other status=200
time="2020-09-30T12:50:27+06:00" level=info msg=INIT_DB message="connected to Postgres..." ok=true
time="2020-09-30T12:50:28+06:00" level=info msg=main port=7000
time="2020-09-30T12:51:20+06:00" level=info msg="Update_user_profile update" error= host="[::1]:34808" path=/v1/profile/other status=200
time="2020-09-30T12:54:24+06:00" level=info msg=INIT_DB message="connected to Postgres..." ok=true
time="2020-09-30T12:54:25+06:00" level=info msg=main port=7000
time="2020-09-30T12:54:38+06:00" level=info msg="Get_full_user_info 1" error= host="[::1]:34862" path=/v1/profile status=200
time="2020-09-30T12:54:55+06:00" level=info error="not admin. your role is finance_dep" host="[::1]:34862" path=/v1/user status=405
time="2020-09-30T12:55:13+06:00" level=info msg="User_get_by_role get" error="pq: syntax error at or near \")\"" host="[::1]:34862" path=/v1/user status=417
time="2020-09-30T12:56:15+06:00" level=info msg=INIT_DB message="connected to Postgres..." ok=true
time="2020-09-30T12:56:16+06:00" level=info msg=main port=7000
time="2020-09-30T12:58:32+06:00" level=info msg="User_get_by_role get" error= host="[::1]:34900" path=/v1/user status=200
time="2020-09-30T12:59:29+06:00" level=info error="not admin. your role is " host="[::1]:34900" path=/v1/user status=405
time="2020-09-30T12:59:48+06:00" level=info msg="User_get_by_role get" error= host="[::1]:34900" path=/v1/user status=200
time="2020-09-30T13:00:12+06:00" level=info msg="User_get_by_role get" error= host="[::1]:34900" path=/v1/user status=200
time="2020-09-30T13:03:51+06:00" level=info msg="Get_full_user_info 1" error= host="[::1]:34900" path=/v1/profile status=200
time="2020-09-30T13:14:52+06:00" level=info error= host="[::1]:34900" path=/v1/categor status=200
time="2020-09-30T13:15:06+06:00" level=info msg="Categors_create_read_update_delete role" error="role is " host="[::1]:34900" path=/v1/categor status=405
time="2020-09-30T13:15:29+06:00" level=info error="pq: duplicate key value violates unique constraint \"categors_pkey\"" host="[::1]:34900" path=/v1/categor status=417
time="2020-09-30T13:15:44+06:00" level=info error="pq: duplicate key value violates unique constraint \"categors_pkey\"" host="[::1]:34900" path=/v1/categor status=417
time="2020-09-30T13:15:56+06:00" level=info error= host="[::1]:34900" path=/v1/categor status=200
time="2020-09-30T13:16:14+06:00" level=info error= host="[::1]:34900" path=/v1/categor status=200
time="2020-09-30T13:17:00+06:00" level=info error= host="[::1]:34900" path=/v1/role status=200
time="2020-09-30T13:21:01+06:00" level=info msg="Ganta_get_parent_ganta_steps ganta" error= host="[::1]:34900" path=/v1/project/docs status=200
time="2020-09-30T13:21:19+06:00" level=info msg="Ganta_get_parent_ganta_steps ganta" error= host="[::1]:34900" path=/v1/ganta/restricted/parents status=200
time="2020-09-30T13:25:05+06:00" level=info msg=INIT_DB message="connected to Postgres..." ok=true
time="2020-09-30T13:25:06+06:00" level=info msg=main port=7000
time="2020-09-30T13:25:24+06:00" level=info msg="Project_get_all_assigned_users 1" error= host="[::1]:35116" path=/v1/list/users/by_project status=200
time="2020-09-30T13:27:53+06:00" level=info msg="Project_get_all_assigned_users 1" error= host="[::1]:35116" path=/v1/list/users/by_project status=200
time="2020-09-30T13:28:46+06:00" level=info msg="Get_projects_by_user_id 1" error= host="[::1]:35116" path=/v1/list/projects/by_user status=200
time="2020-09-30T13:28:55+06:00" level=info msg="Get_projects_by_user_id 1" error= host="[::1]:35116" path=/v1/list/projects/by_user status=200
time="2020-09-30T13:29:43+06:00" level=info msg="User_project_get_all 1" error= host="[::1]:35116" path=/v1/list/projects/all status=200
time="2020-09-30T13:30:42+06:00" level=info msg="User_project_get_all 1" error= host="[::1]:35116" path=/v1/list/projects/own status=200
time="2020-09-30T13:30:53+06:00" level=info msg="Sign_in 3" error= host="[::1]:35116" path=/v1/signin status=200
time="2020-09-30T13:31:06+06:00" level=info msg="User_project_get_all 1" error= host="[::1]:35116" path=/v1/list/projects/own status=200
time="2020-09-30T13:31:09+06:00" level=info msg="Sign_in 3" error= host="[::1]:35116" path=/v1/signin status=200
time="2020-09-30T13:31:20+06:00" level=info msg="User_project_get_all 1" error= host="[::1]:35116" path=/v1/list/projects/own status=200
time="2020-09-30T13:35:51+06:00" level=info error= host="[::1]:35116" path=/v1/organization status=200
time="2020-09-30T13:40:03+06:00" level=info error= host="[::1]:35116" path=/v1/project/status status=200
time="2020-09-30T13:43:46+06:00" level=info msg="Project_add_document_to_project 1.0" error="request Content-Type isn't multipart/form-data" host="[::1]:35116" path=/v1/project/docs status=400
time="2020-09-30T13:45:46+06:00" level=info msg=MAIN error= host="[::1]:35116" path=/v1/ status=400
time="2020-09-30T13:47:09+06:00" level=info msg=INIT_DB message="connected to Postgres..." ok=true
time="2020-09-30T13:47:09+06:00" level=info msg=main port=7000
time="2020-09-30T13:47:49+06:00" level=info msg="Ganta_shift_to_the_next_ganta_step status" error="this step cannot be passed manually" host="[::1]:35304" path=/v1/ganta/change/status status=405
time="2020-09-30T13:49:20+06:00" level=info msg="Sign_in 3" error= host="[::1]:35304" path=/v1/signin status=200
time="2020-09-30T13:49:43+06:00" level=info msg="Ganta_shift_to_the_next_ganta_step status" error= host="[::1]:35304" path=/v1/ganta/change/status status=200
time="2020-09-30T16:20:51+06:00" level=info msg=INIT_DB message="connected to Postgres..." ok=true
time="2020-09-30T16:20:51+06:00" level=info msg=main port=7000
time="2020-09-30T16:22:19+06:00" level=info error= host="[::1]:36390" path=/v1/project/status status=200
time="2020-09-30T16:23:52+06:00" level=info msg="Ganta_can_user_change_current_status ganta" error="you cannot change the status of the project" host="[::1]:36390" path=/v1/ganta/change/check_permission status=405
time="2020-09-30T16:26:32+06:00" level=info msg="Ganta_can_user_change_current_status ganta" error="you cannot change the status of the project" host="[::1]:36390" path=/v1/ganta/change/check_permission status=405
time="2020-09-30T16:27:10+06:00" level=info msg="Ganta_can_user_change_current_status ganta" error= host="[::1]:36390" path=/v1/ganta/change/check_permission status=200
time="2020-09-30T16:28:04+06:00" level=info msg="Ganta_can_user_change_current_status ganta" error= host="[::1]:36390" path=/v1/ganta/change/check_permission status=200
time="2020-09-30T16:28:27+06:00" level=info msg="Ganta_can_user_change_current_status ganta" error= host="[::1]:36390" path=/v1/ganta/change/check_permission status=200
time="2020-09-30T16:29:05+06:00" level=info msg="Ganta_can_user_change_current_status ganta" error= host="[::1]:36390" path=/v1/ganta/change/check_permission status=200
time="2020-09-30T16:29:09+06:00" level=info msg=INIT_DB message="connected to Postgres..." ok=true
time="2020-09-30T16:29:09+06:00" level=info msg=main port=7000
time="2020-09-30T16:29:18+06:00" level=info msg="Ganta_can_user_change_current_status ganta" error= host="[::1]:36470" path=/v1/ganta/change/check_permission status=200
time="2020-09-30T16:36:39+06:00" level=info msg="Sign_in 3" error= host="[::1]:36470" path=/v1/signin status=200
time="2020-09-30T16:38:06+06:00" level=info msg=INIT_DB message="connected to Postgres..." ok=true
time="2020-09-30T16:38:06+06:00" level=info msg=main port=7000
time="2020-09-30T16:39:41+06:00" level=info msg=INIT_DB message="connected to Postgres..." ok=true
time="2020-09-30T16:39:42+06:00" level=info msg=main port=7000
time="2020-09-30T16:40:00+06:00" level=info msg="Ganta_shift_to_the_next_ganta_step status" error="unsupported destination, should be slice or struct" host="[::1]:36580" path=/v1/ganta/change/status status=417
time="2020-09-30T16:41:32+06:00" level=info msg=INIT_DB message="connected to Postgres..." ok=true
time="2020-09-30T16:41:32+06:00" level=info msg=main port=7000
time="2020-09-30T16:42:11+06:00" level=info msg=INIT_DB message="connected to Postgres..." ok=true
time="2020-09-30T16:42:12+06:00" level=info msg=main port=7000
time="2020-09-30T16:59:11+06:00" level=info msg=INIT_DB message="connected to Postgres..." ok=true
time="2020-09-30T16:59:11+06:00" level=info msg=main port=7000
time="2020-09-30T17:04:38+06:00" level=info msg=INIT_DB message="connected to Postgres..." ok=true
time="2020-09-30T17:04:39+06:00" level=info msg=main port=7000
