time="2020-10-05T16:35:01+06:00" level=info msg=INIT_DB message="connected to Postgres..." ok=true
time="2020-10-05T16:35:01+06:00" level=info msg=main port=7000
time="2020-10-05T16:35:11+06:00" level=info msg=GET_FILE message="closing the file..." ok=true
time="2020-10-05T16:35:11+06:00" level=info msg=fn_rotate_log_files message="finishing the rotate fr goroutine" ok=true
time="2020-10-05T16:35:20+06:00" level=info msg=INIT_DB message="connected to Postgres..." ok=true
time="2020-10-05T16:35:20+06:00" level=info msg=main port=7000
time="2020-10-05T16:36:50+06:00" level=info msg=INIT_DB message="connected to Postgres..." ok=true
time="2020-10-05T16:36:51+06:00" level=info msg=main port=7000
time="2020-10-05T16:37:46+06:00" level=info msg="Sign_in 3" error= host="[::1]:57974" path=/v1/signin status=200
time="2020-10-05T16:39:51+06:00" level=info msg="Create_project service" error="driver: bad connection" host="[::1]:57974" path=/v1/project status=417
time="2020-10-05T16:43:26+06:00" level=info msg="Create_project service" error= host="[::1]:57974" path=/v1/project status=417
time="2020-10-05T16:46:02+06:00" level=info msg=INIT_DB message="connected to Postgres..." ok=true
time="2020-10-05T16:46:02+06:00" level=info msg=main port=7000
time="2020-10-05T16:46:55+06:00" level=info msg=INIT_DB message="connected to Postgres..." ok=true
time="2020-10-05T16:46:55+06:00" level=info msg=main port=7000
time="2020-10-05T16:48:54+06:00" level=info msg=INIT_DB message="connected to Postgres..." ok=true
time="2020-10-05T16:48:55+06:00" level=info msg=main port=7000
time="2020-10-05T17:24:37+06:00" level=info msg=INIT_DB message="connected to Postgres..." ok=true
time="2020-10-05T17:24:37+06:00" level=info msg=main port=7000
time="2020-10-05T17:25:20+06:00" level=info msg=INIT_DB message="connected to Postgres..." ok=true
time="2020-10-05T17:25:20+06:00" level=info msg=main port=7000
time="2020-10-05T17:25:52+06:00" level=info msg=INIT_DB message="connected to Postgres..." ok=true
time="2020-10-05T17:25:53+06:00" level=info msg=main port=7000
time="2020-10-05T17:27:01+06:00" level=info msg=INIT_DB message="connected to Postgres..." ok=true
time="2020-10-05T17:27:01+06:00" level=info msg=main port=7000
time="2020-10-05T17:27:33+06:00" level=info msg=INIT_DB message="connected to Postgres..." ok=true
time="2020-10-05T17:27:34+06:00" level=info msg=main port=7000
time="2020-10-05T17:29:10+06:00" level=info msg=INIT_DB message="connected to Postgres..." ok=true
time="2020-10-05T17:29:11+06:00" level=info msg=main port=7000
time="2020-10-05T17:36:50+06:00" level=info msg=INIT_DB message="connected to Postgres..." ok=true
time="2020-10-05T17:36:50+06:00" level=info msg=main port=7000
time="2020-10-05T17:37:07+06:00" level=info msg="Create_project service" error="driver: bad connection" host="[::1]:33192" path=/v1/project status=417
time="2020-10-05T17:38:04+06:00" level=info msg=INIT_DB message="connected to Postgres..." ok=true
time="2020-10-05T17:38:04+06:00" level=info msg=main port=7000
time="2020-10-05T17:38:52+06:00" level=info msg="Create_project service" error="driver: bad connection" host="[::1]:33220" path=/v1/project status=417
time="2020-10-05T17:38:56+06:00" level=info msg=INIT_DB message="connected to Postgres..." ok=true
time="2020-10-05T17:38:57+06:00" level=info msg=main port=7000
time="2020-10-05T17:39:31+06:00" level=info msg="Create_project service" error="pq: unexpected Parse response 'C'" host="[::1]:33242" path=/v1/project status=417
time="2020-10-05T17:39:40+06:00" level=info msg=INIT_DB message="connected to Postgres..." ok=true
time="2020-10-05T17:39:40+06:00" level=info msg=main port=7000
time="2020-10-05T17:50:48+06:00" level=info msg="Create_project service" error="driver: bad connection" host="[::1]:33262" path=/v1/project status=417
time="2020-10-05T17:50:56+06:00" level=info msg=INIT_DB message="connected to Postgres..." ok=true
time="2020-10-05T17:50:56+06:00" level=info msg=main port=7000
time="2020-10-05T17:53:50+06:00" level=info msg=INIT_DB message="connected to Postgres..." ok=true
time="2020-10-05T17:53:51+06:00" level=info msg=main port=7000
time="2020-10-05T17:53:57+06:00" level=info msg="Create_project service" error= host="[::1]:33462" path=/v1/project status=200
time="2020-10-05T17:56:01+06:00" level=info msg=INIT_DB message="connected to Postgres..." ok=true
time="2020-10-05T17:56:01+06:00" level=info msg=main port=7000
time="2020-10-05T18:08:48+06:00" level=info msg=INIT_DB message="connected to Postgres..." ok=true
time="2020-10-05T18:08:48+06:00" level=info msg=main port=7000
time="2020-10-05T18:09:48+06:00" level=info msg=INIT_DB message="connected to Postgres..." ok=true
time="2020-10-05T18:09:48+06:00" level=info msg=main port=7000
time="2020-10-05T18:11:58+06:00" level=info msg=INIT_DB message="connected to Postgres..." ok=true
time="2020-10-05T18:11:58+06:00" level=info msg=main port=7000
time="2020-10-05T18:18:19+06:00" level=info msg=INIT_DB message="connected to Postgres..." ok=true
time="2020-10-05T18:18:19+06:00" level=info msg=main port=7000
time="2020-10-05T18:18:48+06:00" level=info msg=INIT_DB message="connected to Postgres..." ok=true
time="2020-10-05T18:18:48+06:00" level=info msg=main port=7000
time="2020-10-05T20:49:32+06:00" level=info msg=INIT_DB message="connected to Postgres..." ok=true
time="2020-10-05T20:49:33+06:00" level=info msg=main port=7000
time="2020-10-05T20:52:37+06:00" level=info msg=INIT_DB message="connected to Postgres..." ok=true
time="2020-10-05T20:52:38+06:00" level=info msg=main port=7000
time="2020-10-05T20:55:55+06:00" level=info msg=INIT_DB message="connected to Postgres..." ok=true
time="2020-10-05T20:55:56+06:00" level=info msg=main port=7000
time="2020-10-05T20:57:52+06:00" level=info msg=INIT_DB message="connected to Postgres..." ok=true
time="2020-10-05T20:57:52+06:00" level=info msg=main port=7000
time="2020-10-05T21:02:00+06:00" level=info msg=INIT_DB message="connected to Postgres..." ok=true
time="2020-10-05T21:02:01+06:00" level=info msg=main port=7000
time="2020-10-05T21:14:25+06:00" level=info msg=INIT_DB message="connected to Postgres..." ok=true
time="2020-10-05T21:14:26+06:00" level=info msg=main port=7000
time="2020-10-05T21:16:02+06:00" level=info msg=INIT_DB message="connected to Postgres..." ok=true
time="2020-10-05T21:16:02+06:00" level=info msg=main port=7000
time="2020-10-05T21:19:20+06:00" level=info msg=INIT_DB message="connected to Postgres..." ok=true
time="2020-10-05T21:19:21+06:00" level=info msg=main port=7000
time="2020-10-05T21:19:29+06:00" level=info msg=INIT_DB message="connected to Postgres..." ok=true
time="2020-10-05T21:19:30+06:00" level=info msg=main port=7000
time="2020-10-05T21:20:21+06:00" level=info msg=INIT_DB message="connected to Postgres..." ok=true
time="2020-10-05T21:20:22+06:00" level=info msg=main port=7000
time="2020-10-05T21:47:02+06:00" level=info msg="Create_project service" error= host="[::1]:36064" path=/v1/project status=200
time="2020-10-05T21:49:56+06:00" level=info msg=INIT_DB message="connected to Postgres..." ok=true
time="2020-10-05T21:49:57+06:00" level=info msg=main port=7000
time="2020-10-05T21:55:36+06:00" level=info msg="Create_project service" error= host="[::1]:37310" path=/v1/project status=200
time="2020-10-05T21:56:00+06:00" level=info msg=INIT_DB message="connected to Postgres..." ok=true
time="2020-10-05T21:56:01+06:00" level=info msg=main port=7000
time="2020-10-05T21:56:06+06:00" level=info msg="Create_project service" error= host="[::1]:37354" path=/v1/project status=200
time="2020-10-06T07:25:38+06:00" level=info msg=GET_FILE message="closing the file..." ok=true
time="2020-10-06T07:25:38+06:00" level=info msg=fn_rotate_log_files message="finishing the rotate fr goroutine" ok=true
