time="2020-09-22T00:47:51+06:00" level=info msg=INIT_DB message="connected to Postgres..." ok=true
time="2020-09-22T00:47:52+06:00" level=info msg=main port=7000
time="2020-09-22T00:49:18+06:00" level=info msg=INIT_DB message="connected to Postgres..." ok=true
time="2020-09-22T00:49:18+06:00" level=info msg=main port=7000
time="2020-09-22T00:49:24+06:00" level=info msg="check_whether_user_has_such_permission 2" error="user has not got such permission or invalid parameters have been provided" host="[::1]:58966" path=/v1/administrate/ganta/withoutdoc status=424
time="2020-09-22T00:49:39+06:00" level=info msg="Sign_in 3" error= host="[::1]:58966" path=/v1/all/signin status=200
time="2020-09-22T00:50:33+06:00" level=info msg="is.Get_ganta_documents default Ganta_get_all_steps_by_project_id" error= host="[::1]:58966" path=/v1/administrate/ganta/withoutdoc status=200
time="2020-09-22T00:51:22+06:00" level=info msg="Sign_in 3" error= host="[::1]:58966" path=/v1/all/signin status=200
time="2020-09-22T00:54:33+06:00" level=info msg=" Ganta_get_all_steps_by_project_id" error="not admin, investor of the project or spk user, who is assigned to it" host="[::1]:58966" path=/v1/projects_comment/ganta/onewithdoc status=405
time="2020-09-22T00:55:24+06:00" level=info msg=" Ganta_get_all_steps_by_project_id" error="not admin, investor of the project or spk user, who is assigned to it" host="[::1]:58966" path=/v1/projects_comment/ganta/onewithdoc status=405
time="2020-09-22T00:55:37+06:00" level=info msg=" Ganta_get_all_steps_by_project_id" error="not admin, investor of the project or spk user, who is assigned to it" host="[::1]:58966" path=/v1/projects_comment/ganta/onewithdoc status=405
time="2020-09-22T00:56:21+06:00" level=info msg=" Ganta_get_all_steps_by_project_id" error="not admin, investor of the project or spk user, who is assigned to it" host="[::1]:58966" path=/v1/projects_comment/ganta/onewithdoc status=405
time="2020-09-22T00:56:26+06:00" level=info msg=INIT_DB message="connected to Postgres..." ok=true
time="2020-09-22T00:56:27+06:00" level=info msg=main port=7000
time="2020-09-22T00:57:34+06:00" level=info msg=" Ganta_get_all_steps_by_project_id" error="not admin, investor of the project or spk user, who is assigned to it" host="[::1]:59082" path=/v1/projects_comment/ganta/onewithdoc status=405
time="2020-09-22T00:57:39+06:00" level=info msg=INIT_DB message="connected to Postgres..." ok=true
time="2020-09-22T00:57:40+06:00" level=info msg=main port=7000
time="2020-09-22T00:59:23+06:00" level=info msg=INIT_DB message="connected to Postgres..." ok=true
time="2020-09-22T00:59:23+06:00" level=info msg=main port=7000
time="2020-09-22T00:59:38+06:00" level=info msg="is.Get_ganta_documents onewithdoc Ganta_get_all_steps_by_project_id" error= host="[::1]:59160" path=/v1/projects_comment/ganta/onewithdoc status=200
time="2020-09-22T12:57:20+06:00" level=info msg=INIT_DB message="connected to Postgres..." ok=true
time="2020-09-22T12:57:21+06:00" level=info msg=main port=7000
time="2020-09-22T12:58:48+06:00" level=info msg="JWT_TOKEN 1" error="could not be split correctly" host="[::1]:50154" path=/v1/intest status=421
time="2020-09-22T12:58:48+06:00" level=info msg="JWT_TOKEN 1" error="could not be split correctly" host="[::1]:50156" path=/v1/intest status=421
time="2020-09-22T12:59:57+06:00" level=info msg="JWT_TOKEN 1" error="could not be split correctly" host="[::1]:50200" path=/v1/v1/all/signin status=421
time="2020-09-22T13:00:45+06:00" level=info msg=INIT_DB message="connected to Postgres..." ok=true
time="2020-09-22T13:00:45+06:00" level=info msg=main port=7000
time="2020-09-22T13:01:01+06:00" level=info msg="Sign_in 3" error= host="[::1]:50222" path=/v1/all/signin status=200
time="2020-09-22T13:02:30+06:00" level=info msg=INIT_DB message="connected to Postgres..." ok=true
time="2020-09-22T13:02:31+06:00" level=info msg=main port=7000
time="2020-09-22T13:23:55+06:00" level=info msg=INIT_DB message="connected to Postgres..." ok=true
time="2020-09-22T13:24:13+06:00" level=info msg=main port=7000
time="2020-09-22T13:29:53+06:00" level=info msg=INIT_DB message="connected to Postgres..." ok=true
time="2020-09-22T13:29:55+06:00" level=info msg=main port=7000
time="2020-09-22T13:31:15+06:00" level=info msg=INIT_DB message="connected to Postgres..." ok=true
time="2020-09-22T13:31:21+06:00" level=info msg=main port=7000
time="2020-09-22T13:31:47+06:00" level=info msg=INIT_DB message="connected to Postgres..." ok=true
time="2020-09-22T13:31:47+06:00" level=info msg=main port=7000
time="2020-09-22T13:32:08+06:00" level=info msg=INIT_DB message="connected to Postgres..." ok=true
time="2020-09-22T13:32:08+06:00" level=info msg=main port=7000
time="2020-09-22T13:34:08+06:00" level=info msg=INIT_DB message="connected to Postgres..." ok=true
time="2020-09-22T13:34:09+06:00" level=info msg=main port=7000
time="2020-09-22T13:35:21+06:00" level=info msg=INIT_DB message="connected to Postgres..." ok=true
time="2020-09-22T13:35:22+06:00" level=info msg=main port=7000
time="2020-09-22T13:39:28+06:00" level=info msg=INIT_DB message="connected to Postgres..." ok=true
time="2020-09-22T13:39:29+06:00" level=info msg=main port=7000
time="2020-09-22T13:40:08+06:00" level=info msg=INIT_DB message="connected to Postgres..." ok=true
time="2020-09-22T13:40:09+06:00" level=info msg=main port=7000
time="2020-09-22T13:42:37+06:00" level=info msg=INIT_DB message="connected to Postgres..." ok=true
time="2020-09-22T13:42:37+06:00" level=info msg=main port=7000
time="2020-09-22T14:05:51+06:00" level=info msg=INIT_DB message="connected to Postgres..." ok=true
time="2020-09-22T14:05:51+06:00" level=info msg=main port=7000
time="2020-09-22T15:17:40+06:00" level=info msg=INIT_DB message="connected to Postgres..." ok=true
time="2020-09-22T15:17:41+06:00" level=info msg=main port=7000
time="2020-09-22T15:19:52+06:00" level=info msg=INIT_DB message="connected to Postgres..." ok=true
time="2020-09-22T15:19:52+06:00" level=info msg=main port=7000
time="2020-09-22T15:20:54+06:00" level=info msg=INIT_DB message="connected to Postgres..." ok=true
time="2020-09-22T15:21:01+06:00" level=info msg=main port=7000
time="2020-09-22T15:28:07+06:00" level=info msg=INIT_DB message="connected to Postgres..." ok=true
time="2020-09-22T15:28:18+06:00" level=info msg=main port=7000
time="2020-09-22T15:46:56+06:00" level=info msg=INIT_DB message="connected to Postgres..." ok=true
time="2020-09-22T15:46:56+06:00" level=info msg=main port=7000
time="2020-09-22T15:49:26+06:00" level=info msg=INIT_DB message="connected to Postgres..." ok=true
time="2020-09-22T15:49:27+06:00" level=info msg=main port=7000
time="2020-09-22T15:50:01+06:00" level=info msg=INIT_DB message="connected to Postgres..." ok=true
time="2020-09-22T15:50:02+06:00" level=info msg=main port=7000
time="2020-09-22T15:52:34+06:00" level=info msg=INIT_DB message="connected to Postgres..." ok=true
time="2020-09-22T15:52:42+06:00" level=info msg=main port=7000
time="2020-09-22T16:44:16+06:00" level=info msg=INIT_DB message="connected to Postgres..." ok=true
time="2020-09-22T16:44:16+06:00" level=info msg=main port=7000
