time="2020-11-19T00:00:26+06:00" level=info msg=main port=7000
time="2020-11-19T00:00:32+06:00" level=info msg=GET_FILE message="closing the file..." ok=true
time="2020-11-19T00:00:32+06:00" level=info msg=fn_rotate_log_files message="finishing the rotate fr goroutine" ok=true
time="2020-11-19T00:00:35+06:00" level=info msg=main port=7000
time="2020-11-19T00:05:31+06:00" level=info error= host="[::1]:52030" path=/v1/organization status=200
time="2020-11-19T00:06:08+06:00" level=info msg=GET_FILE message="closing the file..." ok=true
time="2020-11-19T00:06:08+06:00" level=info msg=fn_rotate_log_files message="finishing the rotate fr goroutine" ok=true
time="2020-11-19T00:06:12+06:00" level=info msg=main port=7000
time="2020-11-19T00:06:47+06:00" level=info msg="Create_user_based_on_role 1" error="pq: duplicate key value violates unique constraint \"emails_address_key\"" host="[::1]:52666" path=/v1/user status=417
time="2020-11-19T00:07:14+06:00" level=info msg=GET_FILE message="closing the file..." ok=true
time="2020-11-19T00:07:14+06:00" level=info msg=fn_rotate_log_files message="finishing the rotate fr goroutine" ok=true
time="2020-11-19T00:07:18+06:00" level=info msg=main port=7000
time="2020-11-19T00:10:45+06:00" level=info msg=main port=7000
time="2020-11-19T00:10:51+06:00" level=info msg="Create_user_based_on_role 1" error="pq: duplicate key value violates unique constraint \"emails_address_key\"" host="[::1]:54712" path=/v1/user status=409
time="2020-11-19T00:11:15+06:00" level=info msg="Create_user_based_on_role 1" error= host="[::1]:54712" path=/v1/user status=200
time="2020-11-19T00:11:27+06:00" level=info msg=GET_FILE message="closing the file..." ok=true
time="2020-11-19T00:11:27+06:00" level=info msg=fn_rotate_log_files message="finishing the rotate fr goroutine" ok=true
time="2020-11-19T00:11:33+06:00" level=info msg=main port=7000
time="2020-11-19T00:20:28+06:00" level=info msg=main port=7000
time="2020-11-19T00:22:02+06:00" level=info msg=main port=7000
time="2020-11-19T00:22:46+06:00" level=info msg="Create_user_based_on_role 1" error= host="[::1]:60716" path=/v1/user status=200
time="2020-11-19T00:23:36+06:00" level=info msg="Create_user_based_on_role 1" error= host="[::1]:60716" path=/v1/user status=200
time="2020-11-19T00:31:07+06:00" level=info msg="Sign_in 3" error= host="[::1]:60716" path=/v1/signin status=200
time="2020-11-19T00:31:31+06:00" level=info msg="Sign_in 3" error="password is wrong" host="[::1]:60716" path=/v1/signin status=417
time="2020-11-19T00:31:43+06:00" level=info msg="Sign_in 3" error= host="[::1]:60716" path=/v1/signin status=200
time="2020-11-19T00:46:57+06:00" level=info msg="User_email_confirm c" error="code is not valid or email is already in use" host="[::1]:60716" path=/v1/confirmation/email status=400
time="2020-11-19T00:47:07+06:00" level=info msg="User_email_confirm c" error="code is not valid or email is already in use" host="[::1]:60716" path=/v1/confirmation/email status=400
time="2020-11-19T00:48:32+06:00" level=info msg=GET_FILE message="closing the file..." ok=true
time="2020-11-19T00:48:32+06:00" level=info msg=fn_rotate_log_files message="finishing the rotate fr goroutine" ok=true
time="2020-11-19T00:48:35+06:00" level=info msg=main port=7000
time="2020-11-19T00:48:36+06:00" level=info msg="User_email_confirm c" error="email is already in use" host="[::1]:45298" path=/v1/confirmation/email status=409
time="2020-11-19T00:49:05+06:00" level=info msg="User_email_confirm c" error= host="[::1]:45298" path=/v1/confirmation/email status=200
time="2020-11-19T00:50:48+06:00" level=info msg=GET_FILE message="closing the file..." ok=true
time="2020-11-19T00:50:48+06:00" level=info msg=fn_rotate_log_files message="finishing the rotate fr goroutine" ok=true
time="2020-11-19T00:50:51+06:00" level=info msg=main port=7000
time="2020-11-19T00:50:52+06:00" level=info msg="Sign_in 3" error= host="[::1]:46428" path=/v1/signin status=200
time="2020-11-19T00:51:11+06:00" level=info msg=GET_FILE message="closing the file..." ok=true
time="2020-11-19T00:51:11+06:00" level=info msg=fn_rotate_log_files message="finishing the rotate fr goroutine" ok=true
time="2020-11-19T00:51:14+06:00" level=info msg=main port=7000
time="2020-11-19T00:51:15+06:00" level=info msg="Sign_in 3" error= host="[::1]:46628" path=/v1/signin status=200
time="2020-11-19T00:54:03+06:00" level=info msg=GET_FILE message="closing the file..." ok=true
time="2020-11-19T00:54:03+06:00" level=info msg=fn_rotate_log_files message="finishing the rotate fr goroutine" ok=true
time="2020-11-19T00:54:06+06:00" level=info msg=main port=7000
time="2020-11-19T00:54:07+06:00" level=info msg="Sign_in 3" error="email address has not been verified yet" host="[::1]:48074" path=/v1/signin status=406
time="2020-11-19T00:54:38+06:00" level=info msg="Create_user_based_on_role 1" error="pq: duplicate key value violates unique constraint \"emails_address_key\"" host="[::1]:48074" path=/v1/user status=409
time="2020-11-19T00:55:19+06:00" level=info msg=GET_FILE message="closing the file..." ok=true
time="2020-11-19T00:55:19+06:00" level=info msg=fn_rotate_log_files message="finishing the rotate fr goroutine" ok=true
time="2020-11-19T00:55:22+06:00" level=info msg=main port=7000
time="2020-11-19T00:55:23+06:00" level=info msg="Create_user_based_on_role 1" error="pq: duplicate key value violates unique constraint \"emails_address_key\"" host="[::1]:48720" path=/v1/user status=409
time="2020-11-19T00:55:44+06:00" level=info msg=GET_FILE message="closing the file..." ok=true
time="2020-11-19T00:55:44+06:00" level=info msg=fn_rotate_log_files message="finishing the rotate fr goroutine" ok=true
time="2020-11-19T00:55:47+06:00" level=info msg=main port=7000
time="2020-11-19T00:58:41+06:00" level=info msg=GET_FILE message="closing the file..." ok=true
time="2020-11-19T00:58:41+06:00" level=info msg=fn_rotate_log_files message="finishing the rotate fr goroutine" ok=true
time="2020-11-19T00:58:44+06:00" level=info msg=main port=7000
time="2020-11-19T00:58:49+06:00" level=info msg="Create_user_based_on_role 1" error="pq: duplicate key value violates unique constraint \"emails_address_key\"" host="[::1]:50438" path=/v1/user status=409
time="2020-11-19T00:58:58+06:00" level=info msg=GET_FILE message="closing the file..." ok=true
time="2020-11-19T00:58:58+06:00" level=info msg=fn_rotate_log_files message="finishing the rotate fr goroutine" ok=true
time="2020-11-19T00:59:02+06:00" level=info msg=main port=7000
time="2020-11-19T01:00:22+06:00" level=info msg=main port=7000
time="2020-11-19T01:00:57+06:00" level=info msg=main port=7000
time="2020-11-19T01:02:52+06:00" level=info msg=main port=7000
time="2020-11-19T01:03:06+06:00" level=info msg="Create_user_based_on_role 1" error="record not found" host="[::1]:52498" path=/v1/user status=417
time="2020-11-19T01:07:05+06:00" level=info msg=main port=7000
time="2020-11-19T01:08:24+06:00" level=info msg=main port=7000
time="2020-11-19T01:09:02+06:00" level=info msg=main port=7000
time="2020-11-19T01:09:54+06:00" level=info msg=main port=7000
time="2020-11-19T01:10:08+06:00" level=info msg="Create_user_based_on_role 1" error="pq: duplicate key value violates unique constraint \"emails_address_key\"" host="[::1]:56072" path=/v1/user status=409
time="2020-11-19T01:10:53+06:00" level=info msg=main port=7000
time="2020-11-19T01:16:46+06:00" level=info msg=main port=7000
time="2020-11-19T01:17:14+06:00" level=info msg="Create_user_based_on_role 1" error="pq: duplicate key value violates unique constraint \"emails_address_key\"" host="[::1]:59484" path=/v1/user status=409
time="2020-11-19T01:17:52+06:00" level=info msg="Create_user_based_on_role 1" error="record not found" host="[::1]:59484" path=/v1/user status=417
time="2020-11-19T08:35:33+06:00" level=info msg=main port=7000
time="2020-11-19T08:35:58+06:00" level=info msg="Sign_up up" error= host="[::1]:51146" path=/v1/signup status=200
time="2020-11-19T08:37:16+06:00" level=info msg="Sign_in 3" error="email address has not been verified yet" host="[::1]:51146" path=/v1/signin status=406
time="2020-11-19T08:38:01+06:00" level=info msg="Sign_up up" error="delete: record not found" host="[::1]:51146" path=/v1/signup status=417
time="2020-11-19T08:40:14+06:00" level=info msg="Sign_up up" error="delete: record not found" host="[::1]:51146" path=/v1/signup status=417
time="2020-11-19T08:43:08+06:00" level=info msg="Sign_up up" error="delete: record not found" host="[::1]:51146" path=/v1/signup status=417
time="2020-11-19T08:43:37+06:00" level=info msg="Sign_up up" error="delete: record not found" host="[::1]:51146" path=/v1/signup status=417
time="2020-11-19T08:43:42+06:00" level=info msg=main port=7000
time="2020-11-19T08:44:40+06:00" level=info msg="Sign_up up" error= host="[::1]:55158" path=/v1/signup status=200
time="2020-11-19T08:46:48+06:00" level=info msg=main port=7000
time="2020-11-19T08:47:54+06:00" level=info msg=GET_FILE message="closing the file..." ok=true
time="2020-11-19T08:47:54+06:00" level=info msg=fn_rotate_log_files message="finishing the rotate fr goroutine" ok=true
time="2020-11-19T08:47:57+06:00" level=info msg=main port=7000
time="2020-11-19T08:48:11+06:00" level=info msg="User_email_confirm c" error= host="[::1]:57408" path=/v1/confirmation/email status=200
time="2020-11-19T08:50:06+06:00" level=info msg="Create_user_based_on_role 1" error="pq: duplicate key value violates unique constraint \"emails_address_key\"" host="[::1]:57408" path=/v1/user status=409
time="2020-11-19T08:50:13+06:00" level=info msg=GET_FILE message="closing the file..." ok=true
time="2020-11-19T08:50:13+06:00" level=info msg=fn_rotate_log_files message="finishing the rotate fr goroutine" ok=true
time="2020-11-19T08:50:16+06:00" level=info msg=main port=7000
time="2020-11-19T08:54:47+06:00" level=info msg=main port=7000
time="2020-11-19T08:55:38+06:00" level=info msg="Create_user_based_on_role 1" error="pq: duplicate key value violates unique constraint \"emails_address_key\"" host="[::1]:60676" path=/v1/user status=409
time="2020-11-19T09:00:52+06:00" level=info msg=main port=7000
time="2020-11-19T09:02:27+06:00" level=info msg=main port=7000
time="2020-11-19T09:02:42+06:00" level=info msg="Create_user_based_on_role 1" error= host="[::1]:36216" path=/v1/user status=200
