time="2020-07-27T16:01:00+06:00" level=info msg=INIT_DB message="connected to Postgres..." ok=true
time="2020-07-27T16:01:00+06:00" level=info msg=main port=7000
time="2020-07-27T16:49:15+06:00" level=info msg=GET_FILE message="closing the file..." ok=true
time="2020-07-27T16:49:15+06:00" level=info msg=fn_rotate_log_files message="finishing the rotate fr goroutine" ok=true
time="2020-07-27T16:49:18+06:00" level=info msg=INIT_DB message="connected to Postgres..." ok=true
time="2020-07-27T16:49:18+06:00" level=info msg=main port=7000
time="2020-07-27T17:00:36+06:00" level=info msg=GET_FILE message="closing the file..." ok=true
time="2020-07-27T17:00:36+06:00" level=info msg=fn_rotate_log_files message="finishing the rotate fr goroutine" ok=true
time="2020-07-27T17:00:39+06:00" level=info msg=INIT_DB message="connected to Postgres..." ok=true
time="2020-07-27T17:00:39+06:00" level=info msg=main port=7000
time="2020-07-27T17:00:43+06:00" level=info msg=MAIN error= host="[::1]:32778" path=/ status=200
time="2020-07-27T17:01:36+06:00" level=info msg=GET_FILE message="closing the file..." ok=true
time="2020-07-27T17:01:36+06:00" level=info msg=fn_rotate_log_files message="finishing the rotate fr goroutine" ok=true
time="2020-07-27T17:01:38+06:00" level=info msg=INIT_DB message="connected to Postgres..." ok=true
time="2020-07-27T17:01:38+06:00" level=info msg=main port=7000
time="2020-07-27T17:01:39+06:00" level=info msg=MAIN error= host="[::1]:32796" path=/ status=200
time="2020-07-27T17:01:46+06:00" level=info msg=MAIN error= host="[::1]:32796" path=/ status=200
time="2020-07-27T17:02:02+06:00" level=info msg=MAIN error= host="[::1]:32796" path=/ status=200
time="2020-07-27T17:02:32+06:00" level=info msg=GET_FILE message="closing the file..." ok=true
time="2020-07-27T17:02:32+06:00" level=info msg=fn_rotate_log_files message="finishing the rotate fr goroutine" ok=true
time="2020-07-27T17:02:35+06:00" level=info msg=INIT_DB message="connected to Postgres..." ok=true
time="2020-07-27T17:02:35+06:00" level=info msg=main port=7000
time="2020-07-27T17:02:37+06:00" level=info msg=MAIN error= host="[::1]:32814" path=/ status=200
time="2020-07-27T17:03:33+06:00" level=info msg=GET_FILE message="closing the file..." ok=true
time="2020-07-27T17:03:33+06:00" level=info msg=fn_rotate_log_files message="finishing the rotate fr goroutine" ok=true
time="2020-07-27T17:03:35+06:00" level=info msg=INIT_DB message="connected to Postgres..." ok=true
time="2020-07-27T17:03:35+06:00" level=info msg=main port=7000
time="2020-07-27T17:03:38+06:00" level=info msg=MAIN error= host="[::1]:32832" path=/ status=200
time="2020-07-27T17:04:51+06:00" level=info msg=GET_FILE message="closing the file..." ok=true
time="2020-07-27T17:04:51+06:00" level=info msg=fn_rotate_log_files message="finishing the rotate fr goroutine" ok=true
time="2020-07-27T17:20:54+06:00" level=info msg=INIT_DB message="connected to Postgres..." ok=true
time="2020-07-27T17:20:55+06:00" level=info msg=main port=7000
time="2020-07-27T17:21:20+06:00" level=info msg=INIT_DB message="connected to Postgres..." ok=true
time="2020-07-27T17:21:20+06:00" level=info msg=main port=7000
time="2020-07-27T17:21:29+06:00" level=info msg=INIT_DB message="connected to Postgres..." ok=true
time="2020-07-27T17:21:29+06:00" level=info msg=main port=7000
time="2020-07-27T17:26:54+06:00" level=info msg=INIT_DB message="connected to Postgres..." ok=true
time="2020-07-27T17:26:55+06:00" level=info msg=main port=7000
time="2020-07-27T17:27:16+06:00" level=info msg=INIT_DB message="connected to Postgres..." ok=true
time="2020-07-27T17:27:16+06:00" level=info msg=main port=7000
time="2020-07-27T17:31:26+06:00" level=info msg=INIT_DB message="connected to Postgres..." ok=true
time="2020-07-27T17:31:26+06:00" level=info msg=main port=7000
time="2020-07-27T17:32:49+06:00" level=info msg=INIT_DB message="connected to Postgres..." ok=true
time="2020-07-27T17:32:49+06:00" level=info msg=main port=7000
time="2020-07-27T17:35:54+06:00" level=info msg=INIT_DB message="connected to Postgres..." ok=true
time="2020-07-27T17:35:54+06:00" level=info msg=main port=7000
time="2020-07-27T17:37:55+06:00" level=info msg=INIT_DB message="connected to Postgres..." ok=true
time="2020-07-27T17:37:55+06:00" level=info msg=main port=7000
time="2020-07-27T17:38:44+06:00" level=info msg=INIT_DB message="connected to Postgres..." ok=true
time="2020-07-27T17:38:44+06:00" level=info msg=main port=7000
time="2020-07-27T17:40:12+06:00" level=info msg=INIT_DB message="connected to Postgres..." ok=true
time="2020-07-27T17:40:12+06:00" level=info msg=main port=7000
time="2020-07-27T17:40:47+06:00" level=info msg=INIT_DB message="connected to Postgres..." ok=true
time="2020-07-27T17:40:48+06:00" level=info msg=main port=7000
time="2020-07-27T17:44:59+06:00" level=info msg=INIT_DB message="connected to Postgres..." ok=true
time="2020-07-27T17:45:00+06:00" level=info msg=main port=7000
time="2020-07-27T17:46:58+06:00" level=info msg=INIT_DB message="connected to Postgres..." ok=true
time="2020-07-27T17:46:58+06:00" level=info msg=main port=7000
time="2020-07-27T17:48:17+06:00" level=info msg=INIT_DB message="connected to Postgres..." ok=true
time="2020-07-27T17:48:17+06:00" level=info msg=main port=7000
time="2020-07-27T20:04:34+06:00" level=info msg=INIT_DB message="connected to Postgres..." ok=true
time="2020-07-27T20:04:35+06:00" level=info msg=main port=7000
time="2020-07-27T20:06:55+06:00" level=info msg=INIT_DB message="connected to Postgres..." ok=true
time="2020-07-27T20:06:55+06:00" level=info msg=main port=7000
time="2020-07-27T20:07:20+06:00" level=info msg=Investor_sign_up error= host="[::1]:35260" path=/signup/investor status=200
time="2020-07-27T20:32:48+06:00" level=info msg=INIT_DB message="connected to Postgres..." ok=true
time="2020-07-27T20:32:48+06:00" level=info msg=main port=7000
time="2020-07-27T20:33:42+06:00" level=info msg=Investor_sign_up error= host="[::1]:35426" path=/signup/investor status=200
