time="2020-09-14T12:42:22+06:00" level=info msg=INIT_DB message="connected to Postgres..." ok=true
time="2020-09-14T12:42:22+06:00" level=info msg=main port=7000
time="2020-09-14T13:23:24+06:00" level=info msg=GET_FILE message="closing the file..." ok=true
time="2020-09-14T13:23:24+06:00" level=info msg=fn_rotate_log_files message="finishing the rotate fr goroutine" ok=true
time="2020-09-14T13:23:28+06:00" level=info msg=INIT_DB message="connected to Postgres..." ok=true
time="2020-09-14T13:23:28+06:00" level=info msg=main port=7000
time="2020-09-14T13:28:30+06:00" level=info error= host="[::1]:60380" path=/v1/administrate/project status=200
time="2020-09-14T13:33:47+06:00" level=info msg=INIT_DB message="connected to Postgres..." ok=true
time="2020-09-14T13:33:48+06:00" level=info msg=main port=7000
time="2020-09-14T13:34:36+06:00" level=info msg=INIT_DB message="connected to Postgres..." ok=true
time="2020-09-14T13:34:37+06:00" level=info msg=main port=7000
time="2020-09-14T13:35:59+06:00" level=info msg=INIT_DB message="connected to Postgres..." ok=true
time="2020-09-14T13:35:59+06:00" level=info msg=main port=7000
time="2020-09-14T13:36:13+06:00" level=info error= host="[::1]:60594" path=/v1/administrate/project status=200
time="2020-09-14T13:38:15+06:00" level=info error="cannot delete default users" host="[::1]:60594" path=/v1/administrate/project status=417
time="2020-09-14T13:38:33+06:00" level=info error="cannot delete default users" host="[::1]:60594" path=/v1/administrate/project status=417
time="2020-09-14T13:40:20+06:00" level=info error="cannot delete default users" host="[::1]:60594" path=/v1/administrate/project status=417
time="2020-09-14T13:40:37+06:00" level=info error="cannot delete default users" host="[::1]:60594" path=/v1/administrate/project status=417
time="2020-09-14T13:40:41+06:00" level=info msg=INIT_DB message="connected to Postgres..." ok=true
time="2020-09-14T13:40:42+06:00" level=info msg=main port=7000
time="2020-09-14T13:41:13+06:00" level=info error="cannot delete default users" host="[::1]:60646" path=/v1/administrate/project status=417
time="2020-09-14T13:41:17+06:00" level=info msg=INIT_DB message="connected to Postgres..." ok=true
time="2020-09-14T13:41:18+06:00" level=info msg=main port=7000
time="2020-09-14T13:41:33+06:00" level=info error="record not found" host="[::1]:60672" path=/v1/administrate/project status=417
time="2020-09-14T13:41:48+06:00" level=info msg=INIT_DB message="connected to Postgres..." ok=true
time="2020-09-14T13:41:49+06:00" level=info msg=main port=7000
time="2020-09-14T13:42:52+06:00" level=info msg=INIT_DB message="connected to Postgres..." ok=true
time="2020-09-14T13:42:53+06:00" level=info msg=main port=7000
time="2020-09-14T13:43:03+06:00" level=info error= host="[::1]:60722" path=/v1/administrate/project status=200
time="2020-09-14T13:43:32+06:00" level=info error="cannot delete default users" host="[::1]:60722" path=/v1/administrate/project status=417
time="2020-09-14T13:43:39+06:00" level=info error= host="[::1]:60722" path=/v1/administrate/project status=200
time="2020-09-14T18:14:06+06:00" level=info msg=INIT_DB message="connected to Postgres..." ok=true
time="2020-09-14T18:14:07+06:00" level=info msg=main port=7000
time="2020-09-14T22:43:27+06:00" level=info msg=INIT_DB message="connected to Postgres..." ok=true
time="2020-09-14T22:43:28+06:00" level=info msg=main port=7000
time="2020-09-14T23:30:51+06:00" level=info msg=INIT_DB message="connected to Postgres..." ok=true
time="2020-09-14T23:30:52+06:00" level=info msg=main port=7000
time="2020-09-14T23:38:10+06:00" level=info msg=INIT_DB message="connected to Postgres..." ok=true
time="2020-09-14T23:38:10+06:00" level=info msg=main port=7000
