time="2020-10-17T00:04:07+06:00" level=info msg=main port=7000
time="2020-10-17T00:13:18+06:00" level=info msg=GET_FILE message="closing the file..." ok=true
time="2020-10-17T00:13:18+06:00" level=info msg=fn_rotate_log_files message="finishing the rotate fr goroutine" ok=true
time="2020-10-17T00:13:21+06:00" level=info msg=main port=7000
time="2020-10-17T00:15:52+06:00" level=info msg=GET_FILE message="closing the file..." ok=true
time="2020-10-17T00:15:52+06:00" level=info msg=fn_rotate_log_files message="finishing the rotate fr goroutine" ok=true
time="2020-10-17T00:15:55+06:00" level=info msg=main port=7000
time="2020-10-17T00:18:18+06:00" level=info msg=GET_FILE message="closing the file..." ok=true
time="2020-10-17T00:18:18+06:00" level=info msg=fn_rotate_log_files message="finishing the rotate fr goroutine" ok=true
time="2020-10-17T00:18:21+06:00" level=info msg=main port=7000
time="2020-10-17T00:19:07+06:00" level=info msg=GET_FILE message="closing the file..." ok=true
time="2020-10-17T00:19:07+06:00" level=info msg=fn_rotate_log_files message="finishing the rotate fr goroutine" ok=true
time="2020-10-17T00:19:10+06:00" level=info msg=main port=7000
time="2020-10-17T00:20:26+06:00" level=info msg=GET_FILE message="closing the file..." ok=true
time="2020-10-17T00:20:26+06:00" level=info msg=fn_rotate_log_files message="finishing the rotate fr goroutine" ok=true
time="2020-10-17T00:20:29+06:00" level=info msg=main port=7000
time="2020-10-17T00:21:05+06:00" level=info msg=GET_FILE message="closing the file..." ok=true
time="2020-10-17T00:21:05+06:00" level=info msg=fn_rotate_log_files message="finishing the rotate fr goroutine" ok=true
time="2020-10-17T00:21:08+06:00" level=info msg=main port=7000
time="2020-10-17T00:21:41+06:00" level=info msg=GET_FILE message="closing the file..." ok=true
time="2020-10-17T00:21:41+06:00" level=info msg=fn_rotate_log_files message="finishing the rotate fr goroutine" ok=true
time="2020-10-17T00:21:44+06:00" level=info msg=main port=7000
time="2020-10-17T00:22:30+06:00" level=info msg=GET_FILE message="closing the file..." ok=true
time="2020-10-17T00:22:30+06:00" level=info msg=fn_rotate_log_files message="finishing the rotate fr goroutine" ok=true
time="2020-10-17T00:22:33+06:00" level=info msg=main port=7000
time="2020-10-17T00:23:06+06:00" level=info msg=fn_rotate_log_files message="finishing the rotate fr goroutine" ok=true
time="2020-10-17T00:23:06+06:00" level=info msg=GET_FILE message="closing the file..." ok=true
time="2020-10-17T00:23:09+06:00" level=info msg=main port=7000
time="2020-10-17T00:23:28+06:00" level=info msg=GET_FILE message="closing the file..." ok=true
time="2020-10-17T00:23:28+06:00" level=info msg=fn_rotate_log_files message="finishing the rotate fr goroutine" ok=true
time="2020-10-17T00:23:38+06:00" level=info msg=main port=7000
time="2020-10-17T00:23:42+06:00" level=info msg=MAIN error= host="[::1]:42376" path=/v1/home status=400
time="2020-10-17T00:23:49+06:00" level=info msg=GET_FILE message="closing the file..." ok=true
time="2020-10-17T00:23:49+06:00" level=info msg=fn_rotate_log_files message="finishing the rotate fr goroutine" ok=true
time="2020-10-17T00:23:52+06:00" level=info msg=main port=7000
time="2020-10-17T00:23:55+06:00" level=info msg=MAIN error= host="[::1]:42490" path=/download/home status=400
time="2020-10-17T00:24:36+06:00" level=info msg=fn_rotate_log_files message="finishing the rotate fr goroutine" ok=true
time="2020-10-17T00:24:36+06:00" level=info msg=GET_FILE message="closing the file..." ok=true
time="2020-10-17T00:24:39+06:00" level=info msg=main port=7000
time="2020-10-17T00:24:41+06:00" level=info msg="Document_download stat" error="stat /documents/docs/aaa.tx: no such file or directory" host="[::1]:42866" path=/download/documents/docs/aaa.tx status=400
time="2020-10-17T00:39:59+06:00" level=info msg=GET_FILE message="closing the file..." ok=true
time="2020-10-17T00:39:59+06:00" level=info msg=fn_rotate_log_files message="finishing the rotate fr goroutine" ok=true
time="2020-10-17T00:40:02+06:00" level=info msg=main port=7000
time="2020-10-17T00:40:19+06:00" level=info msg="Document_download stat" error="stat /documents/docs/CAtf5vi4nc3VB4IZDOc41kzJlQ5eNqX7FwhFydOqLEWF7PY9Gm.pdf: no such file or directory" host="[::1]:50394" path=/download/documents/docs/CAtf5vi4nc3VB4IZDOc41kzJlQ5eNqX7FwhFydOqLEWF7PY9Gm.pdf status=400
time="2020-10-17T00:40:56+06:00" level=info msg=GET_FILE message="closing the file..." ok=true
time="2020-10-17T00:40:56+06:00" level=info msg=fn_rotate_log_files message="finishing the rotate fr goroutine" ok=true
time="2020-10-17T00:41:04+06:00" level=info msg=main port=7000
time="2020-10-17T00:41:32+06:00" level=info msg=GET_FILE message="closing the file..." ok=true
time="2020-10-17T00:41:32+06:00" level=info msg=fn_rotate_log_files message="finishing the rotate fr goroutine" ok=true
time="2020-10-17T00:41:35+06:00" level=info msg=main port=7000
time="2020-10-17T00:41:52+06:00" level=info msg=GET_FILE message="closing the file..." ok=true
time="2020-10-17T00:41:52+06:00" level=info msg=fn_rotate_log_files message="finishing the rotate fr goroutine" ok=true
time="2020-10-17T00:41:56+06:00" level=info msg=main port=7000
time="2020-10-17T00:41:56+06:00" level=info msg="Document_download stat" error="stat /documents/docs/CAtf5vi4nc3VB4IZDOc41kzJlQ5eNqX7FwhFydOqLEWF7PY9Gm.pdf: no such file or directory" host="[::1]:51216" path=/download/documents/docs/CAtf5vi4nc3VB4IZDOc41kzJlQ5eNqX7FwhFydOqLEWF7PY9Gm.pdf status=400
time="2020-10-17T00:41:58+06:00" level=info msg="Document_download stat" error="stat /documents/docs/CAtf5vi4nc3VB4IZDOc41kzJlQ5eNqX7FwhFydOqLEWF7PY9Gm.pdf: no such file or directory" host="[::1]:51216" path=/download/documents/docs/CAtf5vi4nc3VB4IZDOc41kzJlQ5eNqX7FwhFydOqLEWF7PY9Gm.pdf status=400
time="2020-10-17T00:42:05+06:00" level=info msg="Document_download stat" error="stat /documents/docs/CAtf5vi4nc3VB4IZDOc41kzJlQ5eNqX7FwhFydOqLEWF7PY9Gm.pdf: no such file or directory" host="[::1]:51216" path=/download/documents/docs/CAtf5vi4nc3VB4IZDOc41kzJlQ5eNqX7FwhFydOqLEWF7PY9Gm.pdf status=400
time="2020-10-17T00:42:35+06:00" level=info msg=GET_FILE message="closing the file..." ok=true
time="2020-10-17T00:42:35+06:00" level=info msg=fn_rotate_log_files message="finishing the rotate fr goroutine" ok=true
time="2020-10-17T00:43:18+06:00" level=info msg=main port=7000
time="2020-10-17T00:43:19+06:00" level=info msg="Document_download stat" error="stat /home/yerassyl/go/src/invest/invest/documents/docs/CAtf5vi4nc3VB4IZDOc41kzJlQ5eNqX7FwhFydOqLEWF7PY9Gm.pdf: not a directory" host="[::1]:51888" path=/download/documents/docs/CAtf5vi4nc3VB4IZDOc41kzJlQ5eNqX7FwhFydOqLEWF7PY9Gm.pdf status=400
time="2020-10-17T00:43:22+06:00" level=info msg="Document_download stat" error="stat /home/yerassyl/go/src/invest/invest/documents/docs/CAtf5vi4nc3VB4IZDOc41kzJlQ5eNqX7FwhFydOqLEWF7PY9Gm.pdf: not a directory" host="[::1]:51888" path=/download/documents/docs/CAtf5vi4nc3VB4IZDOc41kzJlQ5eNqX7FwhFydOqLEWF7PY9Gm.pdf status=400
time="2020-10-17T00:43:32+06:00" level=info msg=GET_FILE message="closing the file..." ok=true
time="2020-10-17T00:43:32+06:00" level=info msg=fn_rotate_log_files message="finishing the rotate fr goroutine" ok=true
time="2020-10-17T00:43:35+06:00" level=info msg=main port=7000
time="2020-10-17T00:43:49+06:00" level=info msg=GET_FILE message="closing the file..." ok=true
time="2020-10-17T00:43:49+06:00" level=info msg=fn_rotate_log_files message="finishing the rotate fr goroutine" ok=true
time="2020-10-17T00:43:52+06:00" level=info msg=main port=7000
time="2020-10-17T01:06:46+06:00" level=info msg=GET_FILE message="closing the file..." ok=true
time="2020-10-17T01:06:46+06:00" level=info msg=fn_rotate_log_files message="finishing the rotate fr goroutine" ok=true
time="2020-10-17T01:06:49+06:00" level=info msg=main port=7000
time="2020-10-17T01:07:50+06:00" level=info msg=GET_FILE message="closing the file..." ok=true
time="2020-10-17T01:07:50+06:00" level=info msg=fn_rotate_log_files message="finishing the rotate fr goroutine" ok=true
time="2020-10-17T01:07:53+06:00" level=info msg=main port=7000
time="2020-10-17T01:09:47+06:00" level=info msg=GET_FILE message="closing the file..." ok=true
time="2020-10-17T01:09:47+06:00" level=info msg=fn_rotate_log_files message="finishing the rotate fr goroutine" ok=true
time="2020-10-17T01:09:51+06:00" level=info msg=main port=7000
time="2020-10-17T01:11:44+06:00" level=info msg=GET_FILE message="closing the file..." ok=true
time="2020-10-17T01:11:44+06:00" level=info msg=fn_rotate_log_files message="finishing the rotate fr goroutine" ok=true
time="2020-10-17T01:11:47+06:00" level=info msg=main port=7000
time="2020-10-17T02:12:08+06:00" level=info msg=GET_FILE message="closing the file..." ok=true
time="2020-10-17T02:12:08+06:00" level=info msg=fn_rotate_log_files message="finishing the rotate fr goroutine" ok=true
time="2020-10-17T02:12:11+06:00" level=info msg=main port=7000
time="2020-10-17T02:15:06+06:00" level=info msg=GET_FILE message="closing the file..." ok=true
time="2020-10-17T02:15:06+06:00" level=info msg=fn_rotate_log_files message="finishing the rotate fr goroutine" ok=true
time="2020-10-17T02:15:09+06:00" level=info msg=main port=7000
time="2020-10-17T02:15:50+06:00" level=info msg=GET_FILE message="closing the file..." ok=true
time="2020-10-17T02:15:50+06:00" level=info msg=fn_rotate_log_files message="finishing the rotate fr goroutine" ok=true
time="2020-10-17T02:15:54+06:00" level=info msg=main port=7000
time="2020-10-17T02:57:38+06:00" level=info msg=main port=7000
time="2020-10-17T02:58:28+06:00" level=info msg=main port=7000
time="2020-10-17T02:59:55+06:00" level=info msg=main port=7000
time="2020-10-17T03:00:07+06:00" level=info msg=main port=7000
time="2020-10-17T03:01:36+06:00" level=info msg="Project_add_document_to_project add" error= host="[::1]:34868" path=/v1/project/docs/file status=200
time="2020-10-17T03:02:08+06:00" level=info msg=GET_FILE message="closing the file..." ok=true
time="2020-10-17T03:02:08+06:00" level=info msg=fn_rotate_log_files message="finishing the rotate fr goroutine" ok=true
time="2020-10-17T03:02:17+06:00" level=info msg=main port=7000
time="2020-10-17T03:02:35+06:00" level=info msg=main port=7000
time="2020-10-17T03:02:50+06:00" level=info msg=main port=7000
time="2020-10-17T03:03:55+06:00" level=info msg="Project_add_document_to_project add" error= host="[::1]:35572" path=/v1/project/docs/file status=200
time="2020-10-17T03:10:35+06:00" level=info msg="Project_add_document_to_project access project" error="record not found" host="[::1]:35572" path=/v1/project/docs/file status=417
time="2020-10-17T03:11:02+06:00" level=info msg="Project_add_document_to_project access project" error="record not found" host="[::1]:35572" path=/v1/project/docs/file status=417
time="2020-10-17T03:12:44+06:00" level=info msg="Project_add_document_to_project access project" error="record not found" host="[::1]:35572" path=/v1/project/docs/file status=417
time="2020-10-17T03:13:07+06:00" level=info msg="Project_add_document_to_project add" error= host="[::1]:35572" path=/v1/project/docs/file status=200
time="2020-10-17T03:31:57+06:00" level=info msg=main port=7000
time="2020-10-17T03:31:59+06:00" level=info msg=GET_FILE message="closing the file..." ok=true
time="2020-10-17T03:31:59+06:00" level=info msg=fn_rotate_log_files message="finishing the rotate fr goroutine" ok=true
time="2020-10-17T06:31:18+06:00" level=info msg=main port=7000
time="2020-10-17T06:34:22+06:00" level=info msg="Project_add_document_to_project add" error="driver: bad connection" host="[::1]:45846" path=/v1/project/docs/file status=417
time="2020-10-17T06:34:30+06:00" level=info msg=main port=7000
time="2020-10-17T06:35:27+06:00" level=info msg="Project_add_document_to_project add" error= host="[::1]:47394" path=/v1/project/docs/file status=200
time="2020-10-17T06:36:20+06:00" level=info msg="User_get_by_role get" error= host="[::1]:47394" path=/v1/user status=200
time="2020-10-17T06:36:39+06:00" level=info msg=main port=7000
time="2020-10-17T06:36:46+06:00" level=info msg="User_get_by_role get" error= host="[::1]:48490" path=/v1/user status=200
time="2020-10-17T06:38:13+06:00" level=info msg="User_get_by_role get" error= host="[::1]:48490" path=/v1/user status=200
time="2020-10-17T06:41:35+06:00" level=info msg=main port=7000
time="2020-10-17T06:42:26+06:00" level=info msg="Project_add_document_to_project add" error= host="[::1]:50904" path=/v1/project/docs/file status=200
time="2020-10-17T07:09:42+06:00" level=info msg=main port=7000
time="2020-10-17T07:10:04+06:00" level=info msg="Project_get_status_of_project proj" error= host="[::1]:36800" path=/v1/project/status status=200
time="2020-10-17T07:11:30+06:00" level=info msg="Project_add_document_to_project add" error= host="[::1]:36800" path=/v1/project/docs/file status=200
time="2020-10-17T07:11:58+06:00" level=info msg="Project_get_status_of_project proj" error= host="[::1]:36800" path=/v1/project/status status=200
time="2020-10-17T08:56:22+06:00" level=info msg=main port=7000
time="2020-10-17T08:56:24+06:00" level=info msg=GET_FILE message="closing the file..." ok=true
time="2020-10-17T08:56:24+06:00" level=info msg=fn_rotate_log_files message="finishing the rotate fr goroutine" ok=true
time="2020-10-17T09:01:01+06:00" level=info msg=main port=7000
time="2020-10-17T09:01:11+06:00" level=info msg="Project_get_status_of_project proj" error= host="[::1]:33596" path=/v1/project/status status=200
time="2020-10-17T09:01:22+06:00" level=info msg="Project_add_document_to_project add" error= host="[::1]:33596" path=/v1/project/docs/file status=200
time="2020-10-17T09:01:33+06:00" level=info msg="Project_get_status_of_project proj" error= host="[::1]:33596" path=/v1/project/status status=200
time="2020-10-17T09:01:57+06:00" level=info error="record not found" host="[::1]:33596" path=/v1/assign status=417
time="2020-10-17T09:02:04+06:00" level=info msg="Admin_assign_user_to_project asg" error= host="[::1]:33596" path=/v1/assign status=200
time="2020-10-17T09:02:14+06:00" level=info msg="Project_get_status_of_project proj" error= host="[::1]:33596" path=/v1/project/status status=200
time="2020-10-17T09:02:29+06:00" level=info error="record not found" host="[::1]:33596" path=/v1/ganta/change/status status=417
time="2020-10-17T09:02:36+06:00" level=info msg="Sign_in 3" error= host="[::1]:33596" path=/v1/signin status=200
time="2020-10-17T09:02:52+06:00" level=info error="record not found" host="[::1]:33596" path=/v1/ganta/change/status status=417
time="2020-10-17T09:03:01+06:00" level=info msg="Ganta_shift_to_the_next_ganta_step status" error= host="[::1]:33596" path=/v1/ganta/change/status status=200
time="2020-10-17T09:03:06+06:00" level=info msg="Project_get_status_of_project proj" error= host="[::1]:33596" path=/v1/project/status status=200
time="2020-10-17T09:04:03+06:00" level=info msg=GET_FILE message="closing the file..." ok=true
time="2020-10-17T09:04:03+06:00" level=info msg=fn_rotate_log_files message="finishing the rotate fr goroutine" ok=true
time="2020-10-17T09:04:13+06:00" level=info msg=main port=7000
time="2020-10-17T09:04:25+06:00" level=info msg=GET_FILE message="closing the file..." ok=true
time="2020-10-17T09:04:25+06:00" level=info msg=fn_rotate_log_files message="finishing the rotate fr goroutine" ok=true
time="2020-10-17T09:06:31+06:00" level=info msg=main port=7000
time="2020-10-17T09:06:33+06:00" level=info msg=GET_FILE message="closing the file..." ok=true
time="2020-10-17T09:06:33+06:00" level=info msg=fn_rotate_log_files message="finishing the rotate fr goroutine" ok=true
time="2020-10-17T09:26:18+06:00" level=info msg=main port=7000
time="2020-10-17T09:26:31+06:00" level=info msg="Project_get_status_of_project proj" error= host="[::1]:46110" path=/v1/project/status status=200
time="2020-10-17T09:26:49+06:00" level=info msg="Project_get_status_of_project proj" error= host="[::1]:46110" path=/v1/project/status status=200
time="2020-10-17T09:31:01+06:00" level=info msg="Project_add_document_to_project add" error= host="[::1]:46110" path=/v1/project/docs/file status=200
time="2020-10-17T09:32:07+06:00" level=info msg="Admin_assign_user_to_project asg" error= host="[::1]:46110" path=/v1/assign status=200
time="2020-10-17T09:34:06+06:00" level=info msg="Ganta_shift_to_the_next_ganta_step status" error= host="[::1]:46110" path=/v1/ganta/change/status status=200
time="2020-10-17T09:36:56+06:00" level=info msg=main port=7000
time="2020-10-17T09:40:58+06:00" level=info msg="Add_comment_to_project 2" error= host="[::1]:52650" path=/v1/spk_comment status=200
time="2020-10-17T09:43:28+06:00" level=info msg="Project_get_status_of_project proj" error= host="[::1]:52650" path=/v1/project/status status=200
time="2020-10-17T09:53:36+06:00" level=info msg="Project_remove_document remove" error= host="[::1]:52650" path=/v1/project/docs/file/delete status=200
time="2020-10-17T09:56:59+06:00" level=info msg="Project_add_document_to_project add" error= host="[::1]:52650" path=/v1/project/docs/file status=200
time="2020-10-17T10:29:14+06:00" level=info msg=main port=7000
time="2020-10-17T10:29:57+06:00" level=info msg="Add_comment_to_project 2" error= host="[::1]:49112" path=/v1/spk_comment status=200
time="2020-10-17T11:01:54+06:00" level=info msg="Add_comment_to_project 2" error= host="[::1]:49112" path=/v1/spk_comment status=200
time="2020-10-17T11:03:36+06:00" level=info msg=main port=7000
time="2020-10-17T11:03:39+06:00" level=info msg="Add_comment_to_project step" error="this user is not responsible for the current step" host="[::1]:38422" path=/v1/spk_comment status=405
time="2020-10-17T12:04:31+06:00" level=info msg="Add_comment_to_project 2" error= host="[::1]:38422" path=/v1/spk_comment status=200
time="2020-10-17T12:11:00+06:00" level=info msg="Sign_in 3" error= host="[::1]:38422" path=/v1/signin status=200
time="2020-10-17T12:11:48+06:00" level=info msg="Add_comment_to_project 2" error= host="[::1]:38422" path=/v1/spk_comment status=200
time="2020-10-17T12:12:58+06:00" level=info msg=main port=7000
time="2020-10-17T12:24:49+06:00" level=info error="record not found" host="[::1]:42058" path=/v1/ganta/change/status status=417
time="2020-10-17T12:25:14+06:00" level=info msg="Ganta_shift_to_the_next_ganta_step status" error= host="[::1]:42058" path=/v1/ganta/change/status status=200
time="2020-10-17T12:34:38+06:00" level=info msg=main port=7000
time="2020-10-17T12:34:43+06:00" level=info msg=GET_FILE message="closing the file..." ok=true
time="2020-10-17T12:34:43+06:00" level=info msg=fn_rotate_log_files message="finishing the rotate fr goroutine" ok=true
time="2020-10-17T12:44:25+06:00" level=info msg=main port=7000
time="2020-10-17T12:44:29+06:00" level=info msg=GET_FILE message="closing the file..." ok=true
time="2020-10-17T12:44:29+06:00" level=info msg=fn_rotate_log_files message="finishing the rotate fr goroutine" ok=true
time="2020-10-17T13:09:10+06:00" level=info msg=main port=7000
time="2020-10-17T13:09:29+06:00" level=info msg="Forget_password_send_message  2" error= host="[::1]:35900" path=/v1/reset_password status=200
time="2020-10-17T13:11:36+06:00" level=info msg="Forget_password_send_message  2" error= host="[::1]:35900" path=/v1/reset_password status=200
time="2020-10-17T13:12:55+06:00" level=info msg="Forget_password_send_message  2" error= host="[::1]:35900" path=/v1/reset_password status=200
time="2020-10-17T13:13:05+06:00" level=info msg=GET_FILE message="closing the file..." ok=true
time="2020-10-17T13:13:05+06:00" level=info msg=fn_rotate_log_files message="finishing the rotate fr goroutine" ok=true
time="2020-10-17T13:13:15+06:00" level=info msg=main port=7000
time="2020-10-17T13:13:17+06:00" level=info msg="Forget_password_send_message  2" error= host="[::1]:38092" path=/v1/reset_password status=200
time="2020-10-17T13:15:25+06:00" level=info msg="User_email_confirm c" error= host="[::1]:38092" path=/v1/confirmation/email status=200
time="2020-10-18T03:04:44+06:00" level=info msg=GET_FILE message="closing the file..." ok=true
time="2020-10-18T03:04:44+06:00" level=info msg=fn_rotate_log_files message="finishing the rotate fr goroutine" ok=true
