time="2020-08-07T19:02:17+06:00" level=info msg=INIT_DB message="connected to Postgres..." ok=true
time="2020-08-07T19:02:18+06:00" level=info msg=main port=7000
time="2020-08-07T19:02:20+06:00" level=info msg=GET_FILE message="closing the file..." ok=true
time="2020-08-07T19:02:20+06:00" level=info msg=fn_rotate_log_files message="finishing the rotate fr goroutine" ok=true
time="2020-08-07T19:02:22+06:00" level=info msg=INIT_DB message="connected to Postgres..." ok=true
time="2020-08-07T19:02:23+06:00" level=info msg=main port=7000
time="2020-08-07T19:02:24+06:00" level=info msg=GET_FILE message="closing the file..." ok=true
time="2020-08-07T19:02:24+06:00" level=info msg=fn_rotate_log_files message="finishing the rotate fr goroutine" ok=true
time="2020-08-07T23:08:57+06:00" level=info msg=INIT_DB message="connected to Postgres..." ok=true
time="2020-08-07T23:08:58+06:00" level=info msg=main port=7000
time="2020-08-07T23:09:02+06:00" level=info msg=GET_FILE message="closing the file..." ok=true
time="2020-08-07T23:09:02+06:00" level=info msg=fn_rotate_log_files message="finishing the rotate fr goroutine" ok=true
time="2020-08-07T23:09:05+06:00" level=info msg=INIT_DB message="connected to Postgres..." ok=true
time="2020-08-07T23:09:05+06:00" level=info msg=main port=7000
time="2020-08-07T23:11:46+06:00" level=info msg=INIT_DB message="connected to Postgres..." ok=true
time="2020-08-07T23:11:46+06:00" level=info msg=main port=7000
time="2020-08-07T23:13:48+06:00" level=info msg=Investor_sign_up error="invalid character '}' looking for beginning of object key string" host="[::1]:34348" path=/v1/all/signup status=400
time="2020-08-07T23:13:48+06:00" level=info msg=Investor_sign_up error="invalid password" host="[::1]:34348" path=/v1/all/signup status=400
time="2020-08-07T23:13:48+06:00" level=info msg=JWT_TOKEN error="could not be split correctly" host="[::1]:34348" path=/v1/all/signup status=400
time="2020-08-07T23:16:14+06:00" level=info msg=GET_FILE message="closing the file..." ok=true
time="2020-08-07T23:16:14+06:00" level=info msg=fn_rotate_log_files message="finishing the rotate fr goroutine" ok=true
time="2020-08-07T23:16:17+06:00" level=info msg=INIT_DB message="connected to Postgres..." ok=true
time="2020-08-07T23:16:17+06:00" level=info msg=main port=7000
time="2020-08-07T23:16:20+06:00" level=info msg=Investor_sign_up error="invalid character '}' looking for beginning of object key string" host="[::1]:34374" path=/v1/all/signup status=400
time="2020-08-07T23:17:30+06:00" level=info msg=Investor_sign_up error="already in use: FIO TEST" host="[::1]:34374" path=/v1/all/signup status=400
time="2020-08-07T23:18:06+06:00" level=info msg=Investor_sign_up error= host="[::1]:34374" path=/v1/all/signup status=200
time="2020-08-07T23:19:20+06:00" level=info msg=Sign_in error= host="[::1]:34374" path=/v1/all/signin status=200
time="2020-08-07T23:22:45+06:00" level=info msg=GET_FILE message="closing the file..." ok=true
time="2020-08-07T23:22:45+06:00" level=info msg=fn_rotate_log_files message="finishing the rotate fr goroutine" ok=true
time="2020-08-07T23:22:49+06:00" level=info msg=INIT_DB message="connected to Postgres..." ok=true
time="2020-08-07T23:22:49+06:00" level=info msg=main port=7000
time="2020-08-07T23:22:52+06:00" level=info msg="Create_project 2" error= host="[::1]:34452" path=/v1/projects_make_changes/project status=200
time="2020-08-07T23:24:22+06:00" level=info msg=Project_add_document_to_project error= host="[::1]:34452" path=/v1/projects_make_changes/project/docs status=200
time="2020-08-07T23:25:27+06:00" level=info msg=Project_add_document_to_project error="pq: duplicate key value violates unique constraint \"unique_doc_per_project\"" host="[::1]:34452" path=/v1/projects_make_changes/project/docs status=400
time="2020-08-07T23:25:44+06:00" level=info msg=Project_add_document_to_project error= host="[::1]:34452" path=/v1/projects_make_changes/project/docs status=200
time="2020-08-07T23:27:00+06:00" level=info msg=Project_add_document_to_project error="pq: duplicate key value violates unique constraint \"unique_doc_per_project\"" host="[::1]:34452" path=/v1/projects_make_changes/project/docs status=400
time="2020-08-07T23:28:00+06:00" level=info msg="User_get_own_info 1" error= host="[::1]:34452" path=/v1/all/info status=200
time="2020-08-07T23:28:55+06:00" level=info msg=GET_FILE message="closing the file..." ok=true
time="2020-08-07T23:28:55+06:00" level=info msg=fn_rotate_log_files message="finishing the rotate fr goroutine" ok=true
time="2020-08-07T23:28:59+06:00" level=info msg=INIT_DB message="connected to Postgres..." ok=true
time="2020-08-07T23:28:59+06:00" level=info msg=main port=7000
time="2020-08-07T23:29:02+06:00" level=info msg="User_get_own_info 1" error= host="[::1]:34506" path=/v1/all/info status=200
time="2020-08-07T23:29:37+06:00" level=info msg=GET_FILE message="closing the file..." ok=true
time="2020-08-07T23:29:37+06:00" level=info msg=fn_rotate_log_files message="finishing the rotate fr goroutine" ok=true
time="2020-08-07T23:29:40+06:00" level=info msg=INIT_DB message="connected to Postgres..." ok=true
time="2020-08-07T23:29:40+06:00" level=info msg=main port=7000
time="2020-08-07T23:29:42+06:00" level=info msg="User_get_own_info 1" error= host="[::1]:34514" path=/v1/all/info status=200
time="2020-08-07T23:32:26+06:00" level=info msg=Sign_in error= host="[::1]:34514" path=/v1/all/signin status=200
time="2020-08-07T23:32:46+06:00" level=info msg=GET_FILE message="closing the file..." ok=true
time="2020-08-07T23:32:46+06:00" level=info msg=fn_rotate_log_files message="finishing the rotate fr goroutine" ok=true
time="2020-08-07T23:32:53+06:00" level=info msg=INIT_DB message="connected to Postgres..." ok=true
time="2020-08-07T23:32:53+06:00" level=info msg=main port=7000
time="2020-08-07T23:39:44+06:00" level=info msg="Add_comment_to_project 2" error= host="[::1]:34574" path=/v1/projects_comment/project status=200
time="2020-08-07T23:41:27+06:00" level=info msg="Add_comment_to_project 2" error="http: no such file" host="[::1]:34574" path=/v1/projects_comment/project status=400
time="2020-08-07T23:41:59+06:00" level=info msg=INIT_DB message="connected to Postgres..." ok=true
time="2020-08-07T23:41:59+06:00" level=info msg=main port=7000
time="2020-08-07T23:42:04+06:00" level=info msg="Add_comment_to_project 2" error="http: no such file" host="[::1]:34636" path=/v1/projects_comment/project status=400
time="2020-08-07T23:42:45+06:00" level=info msg="Add_comment_to_project 2" error="open .documents/docs/N3bM5Yi6PckqkEMZ69tgtnVmU8vHqwlbOFdlpPDlmkNedtPn6n.pdf: no such file or directory" host="[::1]:34636" path=/v1/projects_comment/project status=400
time="2020-08-07T23:43:07+06:00" level=info msg=INIT_DB message="connected to Postgres..." ok=true
time="2020-08-07T23:43:07+06:00" level=info msg=main port=7000
time="2020-08-07T23:43:37+06:00" level=info msg="Add_comment_to_project 2" error= host="[::1]:34660" path=/v1/projects_comment/project status=200
time="2020-08-08T04:24:35+06:00" level=info msg="User_project_get_all 1" error= host="[::1]:34660" path=/v1/projects_see_all/project status=200
time="2020-08-08T04:26:00+06:00" level=info msg="User_project_get_all 1" error= host="[::1]:34660" path=/v1/projects_see_own/project status=200
