time="2020-09-12T00:03:08+06:00" level=info msg=INIT_DB message="connected to Postgres..." ok=true
time="2020-09-12T00:03:08+06:00" level=info msg=main port=7000
time="2020-09-12T00:50:12+06:00" level=info msg=INIT_DB message="connected to Postgres..." ok=true
time="2020-09-12T00:50:13+06:00" level=info msg=main port=7000
time="2020-09-12T00:51:26+06:00" level=info msg=Create_project error= host="[::1]:48126" path=/v1/projects_make_changes/project status=200
time="2020-09-12T00:51:36+06:00" level=info msg=Create_project error= host="[::1]:48126" path=/v1/projects_make_changes/project status=200
time="2020-09-12T01:24:57+06:00" level=info msg=GET_FILE message="closing the file..." ok=true
time="2020-09-12T01:24:57+06:00" level=info msg=fn_rotate_log_files message="finishing the rotate fr goroutine" ok=true
time="2020-09-12T01:25:01+06:00" level=info msg=INIT_DB message="connected to Postgres..." ok=true
time="2020-09-12T01:25:01+06:00" level=info msg=main port=7000
time="2020-09-12T01:25:29+06:00" level=info error= host="[::1]:48354" path=/v1/administrate/user status=200
time="2020-09-12T01:26:56+06:00" level=info msg=GET_FILE message="closing the file..." ok=true
time="2020-09-12T01:26:56+06:00" level=info msg=fn_rotate_log_files message="finishing the rotate fr goroutine" ok=true
time="2020-09-12T01:26:59+06:00" level=info msg=INIT_DB message="connected to Postgres..." ok=true
time="2020-09-12T01:27:06+06:00" level=info msg=INIT_DB message="connected to Postgres..." ok=true
time="2020-09-12T01:27:07+06:00" level=info msg=main port=7000
time="2020-09-12T01:28:20+06:00" level=info error= host="[::1]:48386" path=/v1/administrate/user status=200
time="2020-09-12T01:28:26+06:00" level=info msg=INIT_DB message="connected to Postgres..." ok=true
time="2020-09-12T01:28:27+06:00" level=info msg=main port=7000
time="2020-09-12T01:28:48+06:00" level=info error= host="[::1]:48422" path=/v1/administrate/user status=200
time="2020-09-12T06:54:05+06:00" level=info msg=INIT_DB message="connected to Postgres..." ok=true
time="2020-09-12T06:54:05+06:00" level=info msg=main port=7000
time="2020-09-12T06:54:16+06:00" level=info error= host="[::1]:48482" path=/v1/administrate/user status=200
time="2020-09-12T07:21:04+06:00" level=info msg=INIT_DB message="connected to Postgres..." ok=true
time="2020-09-12T07:21:04+06:00" level=info msg=main port=7000
time="2020-09-12T07:21:13+06:00" level=info error= host="[::1]:48642" path=/v1/administrate/user status=200
time="2020-09-12T07:23:57+06:00" level=info error= host="[::1]:48642" path=/v1/administrate/user status=200
time="2020-09-12T07:24:10+06:00" level=info error= host="[::1]:48642" path=/v1/administrate/user status=200
time="2020-09-12T07:24:11+06:00" level=info error= host="[::1]:48642" path=/v1/administrate/user status=200
time="2020-09-12T07:27:26+06:00" level=info msg=GET_FILE message="closing the file..." ok=true
time="2020-09-12T07:27:26+06:00" level=info msg=fn_rotate_log_files message="finishing the rotate fr goroutine" ok=true
time="2020-09-12T07:27:30+06:00" level=info msg=INIT_DB message="connected to Postgres..." ok=true
time="2020-09-12T07:27:30+06:00" level=info msg=main port=7000
time="2020-09-12T07:32:03+06:00" level=info error= host="[::1]:48698" path=/v1/administrate/user status=200
time="2020-09-12T07:32:11+06:00" level=info msg=INIT_DB message="connected to Postgres..." ok=true
time="2020-09-12T07:32:12+06:00" level=info msg=main port=7000
time="2020-09-12T07:32:32+06:00" level=info error= host="[::1]:48746" path=/v1/administrate/user status=200
time="2020-09-12T07:33:01+06:00" level=info msg=INIT_DB message="connected to Postgres..." ok=true
time="2020-09-12T07:33:01+06:00" level=info msg=main port=7000
time="2020-09-12T07:37:56+06:00" level=info error= host="[::1]:48770" path=/v1/administrate/user status=200
time="2020-09-12T07:38:02+06:00" level=info msg=INIT_DB message="connected to Postgres..." ok=true
time="2020-09-12T07:38:03+06:00" level=info msg=main port=7000
time="2020-09-12T07:41:11+06:00" level=info error= host="[::1]:48818" path=/v1/administrate/user status=200
time="2020-09-12T07:46:09+06:00" level=info msg=INIT_DB message="connected to Postgres..." ok=true
time="2020-09-12T07:46:10+06:00" level=info msg=main port=7000
time="2020-09-12T07:46:15+06:00" level=info msg="check_whether_user_has_such_permission 2" error="user has not got such permission or invalid parameters have been provided" host="[::1]:48878" path=/v1/administrate/user/ status=424
time="2020-09-12T07:46:39+06:00" level=info msg="Sign_in 3" error= host="[::1]:48878" path=/v1/all/signin status=200
time="2020-09-12T07:48:03+06:00" level=info msg=INIT_DB message="connected to Postgres..." ok=true
time="2020-09-12T07:48:03+06:00" level=info msg=main port=7000
time="2020-09-12T07:48:12+06:00" level=info error= host="[::1]:48906" path=/v1/administrate/user status=200
time="2020-09-12T15:45:17+06:00" level=info msg=INIT_DB message="connected to Postgres..." ok=true
time="2020-09-12T15:45:18+06:00" level=info msg=main port=7000
time="2020-09-12T15:45:26+06:00" level=info error= host="[::1]:49214" path=/v1/administrate/user status=200
time="2020-09-12T15:50:47+06:00" level=info msg=INIT_DB message="connected to Postgres..." ok=true
time="2020-09-12T15:50:48+06:00" level=info msg=main port=7000
time="2020-09-12T15:51:28+06:00" level=info msg=INIT_DB message="connected to Postgres..." ok=true
time="2020-09-12T15:51:29+06:00" level=info msg=main port=7000
time="2020-09-12T15:51:50+06:00" level=info error= host="[::1]:49324" path=/v1/all/signup status=201
time="2020-09-12T15:54:53+06:00" level=info msg=INIT_DB message="connected to Postgres..." ok=true
time="2020-09-12T15:54:54+06:00" level=info msg=main port=7000
time="2020-09-12T15:58:03+06:00" level=info msg=INIT_DB message="connected to Postgres..." ok=true
time="2020-09-12T15:58:04+06:00" level=info msg=main port=7000
time="2020-09-12T16:03:23+06:00" level=info error= host="[::1]:49412" path=/v1/administrate/user status=201
