time="2020-09-06T01:43:05+06:00" level=info msg=INIT_DB message="connected to Postgres..." ok=true
time="2020-09-06T01:43:06+06:00" level=info msg=main port=7010
time="2020-09-06T01:50:39+06:00" level=info msg=GET_FILE message="closing the file..." ok=true
time="2020-09-06T01:50:39+06:00" level=info msg=fn_rotate_log_files message="finishing the rotate fr goroutine" ok=true
time="2020-09-06T01:50:42+06:00" level=info msg=INIT_DB message="connected to Postgres..." ok=true
time="2020-09-06T01:50:42+06:00" level=info msg=main port=7010
time="2020-09-06T01:51:01+06:00" level=info msg=GET_FILE message="closing the file..." ok=true
time="2020-09-06T01:51:01+06:00" level=info msg=fn_rotate_log_files message="finishing the rotate fr goroutine" ok=true
time="2020-09-06T01:51:30+06:00" level=info msg=INIT_DB message="connected to Postgres..." ok=true
time="2020-09-06T01:51:53+06:00" level=info msg=INIT_DB message="connected to Postgres..." ok=true
time="2020-09-06T01:52:44+06:00" level=info msg=INIT_DB message="connected to Postgres..." ok=true
time="2020-09-06T01:52:44+06:00" level=info msg=main port=7010
time="2020-09-06T01:59:21+06:00" level=info msg=GET_FILE message="closing the file..." ok=true
time="2020-09-06T01:59:21+06:00" level=info msg=fn_rotate_log_files message="finishing the rotate fr goroutine" ok=true
time="2020-09-06T01:59:38+06:00" level=info msg=INIT_DB message="connected to Postgres..." ok=true
time="2020-09-06T01:59:39+06:00" level=info msg=main port=7010
time="2020-09-06T02:00:10+06:00" level=info msg=INIT_DB message="connected to Postgres..." ok=true
time="2020-09-06T02:00:10+06:00" level=info msg=main port=7000
time="2020-09-06T02:04:12+06:00" level=info msg=INIT_DB message="connected to Postgres..." ok=true
time="2020-09-06T02:04:12+06:00" level=info msg=main port=7000
time="2020-09-06T02:04:18+06:00" level=info msg="Investor_sign_up 1" error="invalid character '{' looking for beginning of object key string" host="127.0.0.1:43236" path=/v1/all/signup status=500
time="2020-09-06T02:05:03+06:00" level=info msg="JWT_TOKEN 1" error="could not be split correctly" host="127.0.0.1:43242" path=/ status=421
time="2020-09-06T02:07:55+06:00" level=info msg=INIT_DB message="connected to Postgres..." ok=true
time="2020-09-06T02:07:55+06:00" level=info msg=main port=7000
time="2020-09-06T02:07:59+06:00" level=info msg="Investor_sign_up 1" error="invalid character '{' looking for beginning of object key string" host="127.0.0.1:43272" path=/v1/all/signup status=500
time="2020-09-06T02:08:22+06:00" level=info msg="Investor_sign_up 1" error="invalid character '}' looking for beginning of object key string" host="127.0.0.1:43272" path=/v1/all/signup status=500
time="2020-09-06T02:08:37+06:00" level=info error="invalid parameters. user sign up" host="127.0.0.1:43272" path=/v1/all/signup status=400
time="2020-09-06T02:09:27+06:00" level=info msg=INIT_DB message="connected to Postgres..." ok=true
time="2020-09-06T02:09:28+06:00" level=info msg=main port=7000
time="2020-09-06T02:10:07+06:00" level=info error="email address already in use" host="127.0.0.1:43294" path=/v1/all/signup status=409
time="2020-09-06T02:11:13+06:00" level=info error="email address already in use" host="127.0.0.1:43294" path=/v1/all/signup status=409
time="2020-09-06T02:11:56+06:00" level=info error= host="127.0.0.1:43294" path=/v1/all/signup status=201
time="2020-09-06T02:13:07+06:00" level=info msg=User_email_confirm error= host="127.0.0.1:43294" path=/v1/all/confirmation/email status=200
time="2020-09-06T02:15:05+06:00" level=info msg=User_email_confirm error="no valid transaction" host="127.0.0.1:43294" path=/v1/all/confirmation/email status=400
time="2020-09-06T02:16:11+06:00" level=info msg=INIT_DB message="connected to Postgres..." ok=true
time="2020-09-06T02:16:12+06:00" level=info msg=main port=7000
time="2020-09-06T02:16:22+06:00" level=info msg=User_email_confirm error= host="127.0.0.1:43686" path=/v1/all/confirmation/email status=200
time="2020-09-06T02:19:55+06:00" level=info msg=User_email_confirm error= host="127.0.0.1:43686" path=/v1/all/confirmation/email status=200
time="2020-09-06T02:21:51+06:00" level=info msg=INIT_DB message="connected to Postgres..." ok=true
time="2020-09-06T02:21:51+06:00" level=info msg=main port=7000
time="2020-09-06T02:24:22+06:00" level=info msg=User_email_confirm error="pq: zero-length delimited identifier at or near \"\"\"\"" host="127.0.0.1:43824" path=/v1/all/confirmation/email status=400
time="2020-09-06T02:24:29+06:00" level=info msg=INIT_DB message="connected to Postgres..." ok=true
time="2020-09-06T02:24:30+06:00" level=info msg=main port=7000
time="2020-09-06T02:25:40+06:00" level=info msg=INIT_DB message="connected to Postgres..." ok=true
time="2020-09-06T02:25:40+06:00" level=info msg=main port=7000
time="2020-09-06T02:31:32+06:00" level=info msg=User_email_confirm error="pq: zero-length delimited identifier at or near \"\"\"\"" host="127.0.0.1:43900" path=/v1/all/confirmation/email status=400
time="2020-09-06T02:31:37+06:00" level=info msg=INIT_DB message="connected to Postgres..." ok=true
time="2020-09-06T02:31:37+06:00" level=info msg=main port=7000
time="2020-09-06T06:24:33+06:00" level=info msg=User_email_confirm error="pq: zero-length delimited identifier at or near \"\"\"\"" host="127.0.0.1:44004" path=/v1/all/confirmation/email status=400
time="2020-09-06T06:27:00+06:00" level=info msg=INIT_DB message="connected to Postgres..." ok=true
time="2020-09-06T06:27:01+06:00" level=info msg=main port=7000
time="2020-09-06T06:27:01+06:00" level=info msg=GET_FILE message="closing the file..." ok=true
time="2020-09-06T06:27:01+06:00" level=info msg=fn_rotate_log_files message="finishing the rotate fr goroutine" ok=true
time="2020-09-06T06:27:07+06:00" level=info msg=INIT_DB message="connected to Postgres..." ok=true
time="2020-09-06T06:27:07+06:00" level=info msg=main port=7000
time="2020-09-06T06:32:14+06:00" level=info msg=User_email_confirm error="pq: zero-length delimited identifier at or near \"\"\"\"" host="127.0.0.1:44450" path=/v1/all/confirmation/email status=400
time="2020-09-06T06:32:20+06:00" level=info msg=INIT_DB message="connected to Postgres..." ok=true
time="2020-09-06T06:32:21+06:00" level=info msg=main port=7000
time="2020-09-06T06:33:51+06:00" level=info msg=User_email_confirm error="pq: zero-length delimited identifier at or near \"\"\"\"" host="127.0.0.1:44596" path=/v1/all/confirmation/email status=400
time="2020-09-06T06:35:40+06:00" level=info msg=INIT_DB message="connected to Postgres..." ok=true
time="2020-09-06T06:35:41+06:00" level=info msg=main port=7000
time="2020-09-06T08:36:18+06:00" level=info msg=User_email_confirm error="pq: zero-length delimited identifier at or near \"\"\"\"" host="127.0.0.1:44660" path=/v1/all/confirmation/email status=400
time="2020-09-06T08:36:23+06:00" level=info msg=INIT_DB message="connected to Postgres..." ok=true
time="2020-09-06T08:36:24+06:00" level=info msg=main port=7000
time="2020-09-06T08:51:22+06:00" level=info msg=INIT_DB message="connected to Postgres..." ok=true
time="2020-09-06T08:51:23+06:00" level=info msg=main port=7000
time="2020-09-06T08:51:48+06:00" level=info msg=INIT_DB message="connected to Postgres..." ok=true
time="2020-09-06T08:51:48+06:00" level=info msg=main port=7000
time="2020-09-06T08:52:30+06:00" level=info msg=INIT_DB message="connected to Postgres..." ok=true
time="2020-09-06T08:52:30+06:00" level=info msg=main port=7000
time="2020-09-06T08:52:59+06:00" level=info msg=INIT_DB message="connected to Postgres..." ok=true
time="2020-09-06T08:52:59+06:00" level=info msg=main port=7000
time="2020-09-06T08:53:26+06:00" level=info msg=INIT_DB message="connected to Postgres..." ok=true
time="2020-09-06T08:53:27+06:00" level=info msg=main port=7000
time="2020-09-06T08:53:50+06:00" level=info msg=User_email_confirm error= host="127.0.0.1:47628" path=/v1/all/confirmation/email status=200
time="2020-09-06T09:01:49+06:00" level=info error= host="127.0.0.1:47628" path=/v1/all/signup status=201
time="2020-09-06T09:04:02+06:00" level=info msg=User_email_confirm error= host="127.0.0.1:47628" path=/v1/all/confirmation/email status=200
time="2020-09-06T09:04:17+06:00" level=info msg=INIT_DB message="connected to Postgres..." ok=true
time="2020-09-06T09:04:17+06:00" level=info msg=main port=7000
time="2020-09-06T18:39:20+06:00" level=info msg=INIT_DB message="connected to Postgres..." ok=true
time="2020-09-06T18:39:21+06:00" level=info msg=main port=7000
time="2020-09-06T18:42:31+06:00" level=info msg=INIT_DB message="connected to Postgres..." ok=true
time="2020-09-06T18:42:32+06:00" level=info msg=main port=7000
time="2020-09-06T18:42:53+06:00" level=info msg="Sign_in 3" error= host="[::1]:57508" path=/v1/all/signin status=200
time="2020-09-06T18:45:20+06:00" level=info msg=INIT_DB message="connected to Postgres..." ok=true
time="2020-09-06T18:45:21+06:00" level=info msg=main port=7000
time="2020-09-06T18:45:23+06:00" level=info msg="Sign_in 3" error= host="[::1]:57536" path=/v1/all/signin status=200
time="2020-09-06T18:46:06+06:00" level=info msg="Sign_in 3" error= host="[::1]:57536" path=/v1/all/signin status=200
time="2020-09-06T19:04:42+06:00" level=info msg=INIT_DB message="connected to Postgres..." ok=true
time="2020-09-06T19:04:42+06:00" level=info msg=main port=7000
time="2020-09-06T19:04:52+06:00" level=info msg="Sign_in 3" error= host="[::1]:57690" path=/v1/all/signin status=200
time="2020-09-06T19:06:27+06:00" level=info msg="Sign_in 3" error= host="[::1]:57690" path=/v1/all/signin status=200
time="2020-09-06T19:07:13+06:00" level=info msg=INIT_DB message="connected to Postgres..." ok=true
time="2020-09-06T19:07:13+06:00" level=info msg=main port=7000
time="2020-09-06T19:07:17+06:00" level=info msg="Sign_in 3" error= host="[::1]:57720" path=/v1/all/signin status=200
time="2020-09-06T19:16:11+06:00" level=info msg=INIT_DB message="connected to Postgres..." ok=true
time="2020-09-06T19:16:12+06:00" level=info msg=main port=7000
time="2020-09-06T19:16:54+06:00" level=info msg=INIT_DB message="connected to Postgres..." ok=true
time="2020-09-06T19:16:55+06:00" level=info msg=main port=7000
time="2020-09-06T19:32:57+06:00" level=info msg=INIT_DB message="connected to Postgres..." ok=true
time="2020-09-06T19:32:58+06:00" level=info msg=main port=7000
time="2020-09-06T19:33:08+06:00" level=info msg="Sign_in 3" error= host="[::1]:58002" path=/v1/all/signin status=200
time="2020-09-06T19:33:47+06:00" level=info msg=INIT_DB message="connected to Postgres..." ok=true
time="2020-09-06T19:33:47+06:00" level=info msg=main port=7000
time="2020-09-06T19:36:28+06:00" level=info msg=INIT_DB message="connected to Postgres..." ok=true
time="2020-09-06T19:36:28+06:00" level=info msg=main port=7000
time="2020-09-06T19:36:35+06:00" level=info msg="Sign_in 3" error= host="[::1]:58052" path=/v1/all/signin status=200
time="2020-09-06T20:13:15+06:00" level=info msg=INIT_DB message="connected to Postgres..." ok=true
time="2020-09-06T20:13:15+06:00" level=info msg=main port=7000
time="2020-09-06T20:13:33+06:00" level=info msg="Sign_in 3" error= host="[::1]:58578" path=/v1/all/signin status=200
time="2020-09-06T20:15:38+06:00" level=info msg=INIT_DB message="connected to Postgres..." ok=true
time="2020-09-06T20:15:38+06:00" level=info msg=main port=7000
time="2020-09-06T20:15:41+06:00" level=info msg="Sign_in 3" error= host="[::1]:58612" path=/v1/all/signin status=200
time="2020-09-06T20:22:51+06:00" level=info msg=INIT_DB message="connected to Postgres..." ok=true
time="2020-09-06T20:22:52+06:00" level=info msg=main port=7000
time="2020-09-06T20:22:56+06:00" level=info msg="Sign_in 3" error= host="[::1]:58718" path=/v1/all/signin status=200
time="2020-09-06T20:23:26+06:00" level=info msg=INIT_DB message="connected to Postgres..." ok=true
time="2020-09-06T20:23:26+06:00" level=info msg=main port=7000
time="2020-09-06T20:37:42+06:00" level=info msg=INIT_DB message="connected to Postgres..." ok=true
time="2020-09-06T20:37:42+06:00" level=info msg=main port=7000
time="2020-09-06T20:38:48+06:00" level=info msg=INIT_DB message="connected to Postgres..." ok=true
time="2020-09-06T20:38:48+06:00" level=info msg=main port=7000
time="2020-09-06T20:40:19+06:00" level=info msg=INIT_DB message="connected to Postgres..." ok=true
time="2020-09-06T20:40:19+06:00" level=info msg=main port=7000
time="2020-09-06T20:40:49+06:00" level=info msg=INIT_DB message="connected to Postgres..." ok=true
time="2020-09-06T20:40:49+06:00" level=info msg=main port=7000
time="2020-09-06T20:41:45+06:00" level=info msg=GET_FILE message="closing the file..." ok=true
time="2020-09-06T20:41:45+06:00" level=info msg=fn_rotate_log_files message="finishing the rotate fr goroutine" ok=true
time="2020-09-06T20:41:48+06:00" level=info msg=INIT_DB message="connected to Postgres..." ok=true
time="2020-09-06T20:41:48+06:00" level=info msg=main port=7000
time="2020-09-06T20:42:07+06:00" level=info msg=INIT_DB message="connected to Postgres..." ok=true
time="2020-09-06T20:42:08+06:00" level=info msg=main port=7000
time="2020-09-06T20:42:10+06:00" level=info msg="Sign_in 3" error= host="[::1]:58984" path=/v1/all/signin status=200
time="2020-09-06T20:42:26+06:00" level=info msg="Sign_in 3" error= host="[::1]:58984" path=/v1/all/signin status=200
time="2020-09-06T20:42:58+06:00" level=info msg="Sign_in 3" error= host="[::1]:58984" path=/v1/all/signin status=200
time="2020-09-06T20:43:05+06:00" level=info msg=INIT_DB message="connected to Postgres..." ok=true
time="2020-09-06T20:43:05+06:00" level=info msg=main port=7000
time="2020-09-06T20:43:08+06:00" level=info msg="Sign_in 3" error= host="[::1]:59000" path=/v1/all/signin status=200
time="2020-09-06T20:43:41+06:00" level=info msg=INIT_DB message="connected to Postgres..." ok=true
time="2020-09-06T20:43:41+06:00" level=info msg=main port=7000
time="2020-09-06T20:45:58+06:00" level=info msg="JWT_TOKEN 1" error="could not be split correctly" host="127.0.0.1:57520" path=/ status=421
time="2020-09-06T20:46:08+06:00" level=info msg="JWT_TOKEN 1" error="could not be split correctly" host="127.0.0.1:57522" path=/ status=421
time="2020-09-06T20:46:44+06:00" level=info msg=INIT_DB message="connected to Postgres..." ok=true
time="2020-09-06T20:46:44+06:00" level=info msg=main port=7000
time="2020-09-06T20:46:48+06:00" level=info msg="JWT_TOKEN 1" error="could not be split correctly" host="127.0.0.1:57536" path=/ status=421
time="2020-09-06T20:50:43+06:00" level=info msg=INIT_DB message="connected to Postgres..." ok=true
time="2020-09-06T20:50:44+06:00" level=info msg=main port=7000
time="2020-09-06T20:50:46+06:00" level=info msg="JWT_TOKEN 1" error="could not be split correctly" host="127.0.0.1:57630" path=/ status=421
time="2020-09-06T20:53:21+06:00" level=info msg="JWT_TOKEN 1" error="could not be split correctly" host="127.0.0.1:57648" path=/ status=421
time="2020-09-06T21:09:26+06:00" level=info msg=INIT_DB message="connected to Postgres..." ok=true
time="2020-09-06T21:09:26+06:00" level=info msg=main port=7000
time="2020-09-06T21:09:31+06:00" level=info msg="Sign_in 3" error= host="[::1]:59228" path=/v1/all/signin status=200
time="2020-09-06T21:09:42+06:00" level=info msg="JWT_TOKEN 1" error="could not be split correctly" host="127.0.0.1:57708" path=/ status=421
time="2020-09-06T21:10:03+06:00" level=info msg=INIT_DB message="connected to Postgres..." ok=true
time="2020-09-06T21:10:03+06:00" level=info msg=main port=7000
time="2020-09-06T21:10:05+06:00" level=info msg="Sign_in 3" error= host="[::1]:59248" path=/v1/all/signin status=200
time="2020-09-06T21:11:45+06:00" level=info msg="Sign_in 3" error= host="[::1]:59248" path=/v1/all/signin status=200
time="2020-09-06T21:11:53+06:00" level=info msg="JWT_TOKEN 1" error="could not be split correctly" host="127.0.0.1:57744" path=/ status=421
time="2020-09-06T22:02:15+06:00" level=info msg="JWT_TOKEN 1" error="could not be split correctly" host="127.0.0.1:57818" path=/ status=421
time="2020-09-06T22:12:19+06:00" level=info msg=INIT_DB message="connected to Postgres..." ok=true
time="2020-09-06T22:12:19+06:00" level=info msg=main port=7000
time="2020-09-06T22:12:22+06:00" level=info msg="JWT_TOKEN 1" error="could not be split correctly" host="127.0.0.1:58808" path=/ status=421
time="2020-09-06T22:12:44+06:00" level=info msg="JWT_TOKEN 1" error="could not be split correctly" host="127.0.0.1:58820" path=/ status=421
time="2020-09-06T22:13:26+06:00" level=info msg=INIT_DB message="connected to Postgres..." ok=true
time="2020-09-06T22:13:27+06:00" level=info msg=main port=7000
time="2020-09-06T22:13:27+06:00" level=info msg="JWT_TOKEN 1" error="could not be split correctly" host="127.0.0.1:58832" path=/ status=421
time="2020-09-06T23:57:04+06:00" level=info msg=INIT_DB message="connected to Postgres..." ok=true
time="2020-09-06T23:57:05+06:00" level=info msg=main port=7000
