time="2020-09-28T00:00:07+06:00" level=info msg=INIT_DB message="connected to Postgres..." ok=true
time="2020-09-28T00:00:07+06:00" level=info msg=main port=7000
time="2020-09-28T00:02:47+06:00" level=info msg=INIT_DB message="connected to Postgres..." ok=true
time="2020-09-28T00:02:47+06:00" level=info msg=main port=7000
time="2020-09-28T15:05:35+06:00" level=info msg=INIT_DB message="connected to Postgres..." ok=true
time="2020-09-28T15:05:35+06:00" level=info msg=main port=7000
time="2020-09-28T15:08:15+06:00" level=info msg=INIT_DB message="connected to Postgres..." ok=true
time="2020-09-28T15:08:15+06:00" level=info msg=main port=7000
time="2020-09-28T15:13:40+06:00" level=info msg=INIT_DB message="connected to Postgres..." ok=true
time="2020-09-28T15:13:40+06:00" level=info msg=main port=7000
time="2020-09-28T15:14:51+06:00" level=info msg=INIT_DB message="connected to Postgres..." ok=true
time="2020-09-28T15:14:52+06:00" level=info msg=main port=7000
time="2020-09-28T16:10:10+06:00" level=info msg=INIT_DB message="connected to Postgres..." ok=true
time="2020-09-28T16:10:10+06:00" level=info msg=main port=7000
time="2020-09-28T18:02:04+06:00" level=info msg="Sign_in 3" error="record not found" host="[::1]:49202" path=/v1/signin status=404
time="2020-09-28T18:02:18+06:00" level=info msg="Sign_in 3" error= host="[::1]:49202" path=/v1/signin status=200
time="2020-09-28T18:03:12+06:00" level=info msg=INIT_DB message="connected to Postgres..." ok=true
time="2020-09-28T18:03:12+06:00" level=info msg=main port=7000
time="2020-09-28T18:03:13+06:00" level=info msg="Get_project_by_project_id 1" error= host="[::1]:49236" path=/v1/project status=200
time="2020-09-28T18:07:01+06:00" level=info msg=INIT_DB message="connected to Postgres..." ok=true
time="2020-09-28T18:07:02+06:00" level=info msg=main port=7000
time="2020-09-28T18:07:02+06:00" level=info msg="Get_project_by_project_id 1" error= host="[::1]:49280" path=/v1/project status=200
time="2020-09-28T18:07:53+06:00" level=info msg=INIT_DB message="connected to Postgres..." ok=true
time="2020-09-28T18:07:53+06:00" level=info msg=main port=7000
time="2020-09-28T18:07:54+06:00" level=info msg="Get_project_by_project_id 1" error= host="[::1]:49304" path=/v1/project status=200
