time="2020-08-29T17:32:28+06:00" level=info msg=INIT_DB message="connected to Postgres..." ok=true
time="2020-08-29T17:33:33+06:00" level=info msg=INIT_DB message="connected to Postgres..." ok=true
time="2020-08-29T17:34:49+06:00" level=info msg=INIT_DB message="connected to Postgres..." ok=true
time="2020-08-29T17:37:27+06:00" level=info msg=INIT_DB message="connected to Postgres..." ok=true
time="2020-08-29T17:37:28+06:00" level=info msg=main port=7000
time="2020-08-29T17:39:00+06:00" level=info msg=INIT_DB message="connected to Postgres..." ok=true
time="2020-08-29T17:41:50+06:00" level=info msg=INIT_DB message="connected to Postgres..." ok=true
time="2020-08-29T17:44:18+06:00" level=info msg=INIT_DB message="connected to Postgres..." ok=true
time="2020-08-29T17:44:55+06:00" level=info msg=INIT_DB message="connected to Postgres..." ok=true
time="2020-08-29T17:44:55+06:00" level=info msg="Admin_create_user 2" error= host= path=/v1/administrate/user status=200
time="2020-08-29T17:44:55+06:00" level=info msg="Admin_create_user 2" error= host= path=/v1/administrate/user status=200
time="2020-08-29T17:45:00+06:00" level=info msg=INIT_DB message="connected to Postgres..." ok=true
time="2020-08-29T17:45:00+06:00" level=info msg="Admin_create_user 2" error= host= path=/v1/administrate/user status=200
time="2020-08-29T17:45:00+06:00" level=info msg="Admin_create_user 2" error= host= path=/v1/administrate/user status=200
time="2020-08-29T17:45:14+06:00" level=info msg=INIT_DB message="connected to Postgres..." ok=true
time="2020-08-29T17:45:14+06:00" level=info msg="Admin_create_user 2" error= host= path=/v1/administrate/user status=200
time="2020-08-29T17:45:14+06:00" level=info msg="Admin_create_user 2" error= host= path=/v1/administrate/user status=200
time="2020-08-29T17:46:04+06:00" level=info msg=INIT_DB message="connected to Postgres..." ok=true
time="2020-08-29T17:46:04+06:00" level=info msg="Admin_create_user 2" error= host= path=/v1/administrate/user status=200
time="2020-08-29T17:46:04+06:00" level=info msg="Admin_create_user 2" error= host= path=/v1/administrate/user status=200
time="2020-08-29T17:47:05+06:00" level=info msg=INIT_DB message="connected to Postgres..." ok=true
time="2020-08-29T17:47:06+06:00" level=info msg="Admin_create_user 2" error= host= path=/v1/administrate/user status=200
time="2020-08-29T17:47:06+06:00" level=info msg="Admin_create_user 2" error= host= path=/v1/administrate/user status=200
time="2020-08-29T17:47:23+06:00" level=info msg=INIT_DB message="connected to Postgres..." ok=true
time="2020-08-29T17:47:24+06:00" level=info msg=main port=7000
time="2020-08-29T17:47:24+06:00" level=info msg="Admin_create_user 2" error= host="[::1]:57314" path=/v1/administrate/user status=200
time="2020-08-29T18:00:36+06:00" level=info msg="JWT_TOKEN 1" error="could not be split correctly" host="[::1]:57314" path=/v1/administrate/user/ status=421
time="2020-08-29T18:01:08+06:00" level=info msg=GET_FILE message="closing the file..." ok=true
time="2020-08-29T18:01:08+06:00" level=info msg=fn_rotate_log_files message="finishing the rotate fr goroutine" ok=true
time="2020-08-29T18:01:10+06:00" level=info msg=INIT_DB message="connected to Postgres..." ok=true
time="2020-08-29T18:01:11+06:00" level=info msg=main port=7000
time="2020-08-29T18:01:44+06:00" level=info msg="Admin_create_user 2" error= host="[::1]:57442" path=/v1/administrate/user status=200
time="2020-08-29T18:01:59+06:00" level=info msg="Admin_create_user 2" error= host="[::1]:57442" path=/v1/administrate/user status=200
time="2020-08-29T18:02:07+06:00" level=info msg="Admin_create_user 2" error= host="[::1]:57442" path=/v1/administrate/user status=200
time="2020-08-29T18:03:05+06:00" level=info msg=INIT_DB message="connected to Postgres..." ok=true
time="2020-08-29T18:03:05+06:00" level=info msg=main port=7000
time="2020-08-29T18:03:27+06:00" level=info msg="Admin_create_user 2" error= host="[::1]:57466" path=/v1/administrate/user status=200
time="2020-08-29T18:03:38+06:00" level=info msg=INIT_DB message="connected to Postgres..." ok=true
time="2020-08-29T18:03:38+06:00" level=info msg=main port=7000
time="2020-08-29T19:07:26+06:00" level=info msg="Admin_create_user 2" error= host="[::1]:57490" path=/v1/administrate/user status=200
time="2020-08-29T19:07:33+06:00" level=info msg=INIT_DB message="connected to Postgres..." ok=true
time="2020-08-29T19:07:33+06:00" level=info msg=main port=7000
time="2020-08-29T19:08:32+06:00" level=info msg="Admin_create_user 2" error= host="[::1]:57936" path=/v1/administrate/user status=200
time="2020-08-29T19:09:54+06:00" level=info msg="Admin_create_user 2" error="Email.Address: unknown tag, Phone.Ccode: unknown tag, Phone.Number: unknown tag, Username: unknown tag, Fio: unknown tag, Position: unknown tag, Role.Name: unknown tag, Role.Description: unknown tag" host="[::1]:57936" path=/v1/administrate/user status=400
time="2020-08-29T19:17:17+06:00" level=info msg="Admin_create_user 2" error="Fio: unknown tag, Position: unknown tag, Role.Name: unknown tag, Role.Description: unknown tag, Email.Address: unknown tag, Phone.Ccode: unknown tag, Phone.Number: unknown tag, Username: unknown tag" host="[::1]:57936" path=/v1/administrate/user status=400
time="2020-08-29T19:17:23+06:00" level=info msg=INIT_DB message="connected to Postgres..." ok=true
time="2020-08-29T19:17:24+06:00" level=info msg=main port=7000
time="2020-08-29T19:28:40+06:00" level=info msg="Admin_create_user 2" error="Position: zero value, Role.Description: zero value, Email.Address: unknown tag" host="[::1]:58130" path=/v1/administrate/user status=400
time="2020-08-29T19:28:43+06:00" level=info msg="Admin_create_user post" error="invalid character '}' looking for beginning of object key string" host="[::1]:58130" path=/v1/administrate/user status=400
time="2020-08-29T19:58:02+06:00" level=info msg="Admin_create_user 2" error="Role.Description: zero value, Email.Address: unknown tag" host="[::1]:58130" path=/v1/administrate/user status=400
