time="2020-09-10T22:12:34+06:00" level=info msg=INIT_DB message="connected to Postgres..." ok=true
time="2020-09-10T22:12:35+06:00" level=info msg=main port=7000
time="2020-09-10T22:12:38+06:00" level=info msg=GET_FILE message="closing the file..." ok=true
time="2020-09-10T22:12:38+06:00" level=info msg=fn_rotate_log_files message="finishing the rotate fr goroutine" ok=true
time="2020-09-10T22:45:30+06:00" level=info msg=INIT_DB message="connected to Postgres..." ok=true
time="2020-09-10T22:45:30+06:00" level=info msg=main port=7000
time="2020-09-10T22:45:33+06:00" level=info msg=GET_FILE message="closing the file..." ok=true
time="2020-09-10T22:45:33+06:00" level=info msg=fn_rotate_log_files message="finishing the rotate fr goroutine" ok=true
time="2020-09-10T22:45:37+06:00" level=info msg=INIT_DB message="connected to Postgres..." ok=true
time="2020-09-10T22:45:37+06:00" level=info msg=main port=7000
time="2020-09-10T22:48:47+06:00" level=info msg=INIT_DB message="connected to Postgres..." ok=true
time="2020-09-10T22:48:47+06:00" level=info msg=main port=7000
time="2020-09-10T22:49:29+06:00" level=info msg=INIT_DB message="connected to Postgres..." ok=true
time="2020-09-10T22:49:30+06:00" level=info msg=main port=7000
time="2020-09-10T23:00:46+06:00" level=info msg=INIT_DB message="connected to Postgres..." ok=true
time="2020-09-10T23:00:46+06:00" level=info msg=main port=7000
time="2020-09-10T23:01:24+06:00" level=info msg=INIT_DB message="connected to Postgres..." ok=true
time="2020-09-10T23:01:25+06:00" level=info msg=main port=7000
time="2020-09-10T23:01:28+06:00" level=info error= host="[::1]:39428" path=/intest status=200
time="2020-09-10T23:05:31+06:00" level=info msg=INIT_DB message="connected to Postgres..." ok=true
time="2020-09-10T23:05:31+06:00" level=info msg=main port=7000
time="2020-09-10T23:06:12+06:00" level=info msg="JWT_TOKEN 1" error="could not be split correctly" host="[::1]:39470" path=/v1/project_see_all/project/analysis status=421
time="2020-09-10T23:07:20+06:00" level=info msg="check_whether_user_has_such_permission 2" error="user has not got such permission or invalid parameters have been provided" host="[::1]:39470" path=/v1/project_see_all/project/analysis status=424
time="2020-09-10T23:10:14+06:00" level=info msg="Sign_in 2" error="Role: zero value" host="[::1]:39470" path=/v1/all/signin status=400
time="2020-09-10T23:10:28+06:00" level=info msg="Sign_in 3" error= host="[::1]:39470" path=/v1/all/signin status=200
time="2020-09-10T23:49:53+06:00" level=info msg="check_whether_user_has_such_permission 2" error="user has not got such permission or invalid parameters have been provided" host="[::1]:39470" path=/v1/project_see_all/project/analysis status=424
time="2020-09-10T23:50:19+06:00" level=info msg="Sign_in 3" error= host="[::1]:39470" path=/v1/all/signin status=200
time="2020-09-10T23:50:29+06:00" level=info msg="check_whether_user_has_such_permission 2" error="user has not got such permission or invalid parameters have been provided" host="[::1]:39470" path=/v1/project_see_all/project/analysis status=424
time="2020-09-10T23:50:46+06:00" level=info msg=GET_FILE message="closing the file..." ok=true
time="2020-09-10T23:50:46+06:00" level=info msg=fn_rotate_log_files message="finishing the rotate fr goroutine" ok=true
time="2020-09-10T23:50:49+06:00" level=info msg=INIT_DB message="connected to Postgres..." ok=true
time="2020-09-10T23:50:50+06:00" level=info msg=main port=7000
time="2020-09-10T23:50:50+06:00" level=info msg="check_whether_user_has_such_permission 2" error="user has not got such permission or invalid parameters have been provided" host="[::1]:39734" path=/v1/project_see_all/project/analysis status=424
time="2020-09-10T23:50:52+06:00" level=info msg="check_whether_user_has_such_permission 2" error="user has not got such permission or invalid parameters have been provided" host="[::1]:39734" path=/v1/project_see_all/project/analysis status=424
time="2020-09-10T23:51:24+06:00" level=info msg=GET_FILE message="closing the file..." ok=true
time="2020-09-10T23:51:24+06:00" level=info msg=fn_rotate_log_files message="finishing the rotate fr goroutine" ok=true
time="2020-09-10T23:51:27+06:00" level=info msg=INIT_DB message="connected to Postgres..." ok=true
time="2020-09-10T23:51:27+06:00" level=info msg=main port=7000
time="2020-09-10T23:51:28+06:00" level=info msg="check_whether_user_has_such_permission 2" error="user has not got such permission or invalid parameters have been provided" host="[::1]:39748" path=/v1/project_see_all/project/analysis status=424
time="2020-09-10T23:52:59+06:00" level=info msg=GET_FILE message="closing the file..." ok=true
time="2020-09-10T23:52:59+06:00" level=info msg=fn_rotate_log_files message="finishing the rotate fr goroutine" ok=true
time="2020-09-10T23:53:02+06:00" level=info msg=INIT_DB message="connected to Postgres..." ok=true
time="2020-09-10T23:53:02+06:00" level=info msg=main port=7000
time="2020-09-10T23:53:08+06:00" level=info msg=GET_FILE message="closing the file..." ok=true
time="2020-09-10T23:53:08+06:00" level=info msg=fn_rotate_log_files message="finishing the rotate fr goroutine" ok=true
time="2020-09-10T23:53:11+06:00" level=info msg=INIT_DB message="connected to Postgres..." ok=true
time="2020-09-10T23:53:11+06:00" level=info msg=main port=7000
time="2020-09-10T23:56:20+06:00" level=info msg="check_whether_user_has_such_permission 2" error="user has not got such permission or invalid parameters have been provided" host="[::1]:39776" path=/v1/project_see_all/project/analysis status=424
time="2020-09-10T23:56:31+06:00" level=info msg=INIT_DB message="connected to Postgres..." ok=true
time="2020-09-10T23:56:32+06:00" level=info msg=main port=7000
time="2020-09-10T23:57:24+06:00" level=info msg=INIT_DB message="connected to Postgres..." ok=true
time="2020-09-10T23:57:24+06:00" level=info msg=main port=7000
time="2020-09-10T23:57:30+06:00" level=info msg="User_get_projects_info_grouped_by_statuses 1" error= host="[::1]:39840" path=/v1/projects_see_all/project/analysis status=200
