time="2020-09-07T11:50:50+06:00" level=info msg=INIT_DB message="connected to Postgres..." ok=true
time="2020-09-07T11:50:50+06:00" level=info msg=main port=7000
time="2020-09-07T12:14:44+06:00" level=info msg=INIT_DB message="connected to Postgres..." ok=true
time="2020-09-07T12:14:44+06:00" level=info msg=main port=7000
time="2020-09-07T12:14:48+06:00" level=info msg=GET_FILE message="closing the file..." ok=true
time="2020-09-07T12:14:48+06:00" level=info msg=fn_rotate_log_files message="finishing the rotate fr goroutine" ok=true
time="2020-09-07T12:14:51+06:00" level=info msg=INIT_DB message="connected to Postgres..." ok=true
time="2020-09-07T12:14:52+06:00" level=info msg=main port=7000
time="2020-09-07T12:15:10+06:00" level=info error="already in use: FIO TEST" host="127.0.0.1:32842" path=/v1/all/signup status=409
time="2020-09-07T12:15:23+06:00" level=info error="already in use: Yera Test" host="127.0.0.1:32842" path=/v1/all/signup status=409
time="2020-09-07T12:15:41+06:00" level=info error= host="127.0.0.1:32842" path=/v1/all/signup status=201
time="2020-09-07T12:16:10+06:00" level=info msg=User_email_confirm error= host="[::1]:34394" path=/v1/all/confirmation/email status=200
time="2020-09-07T14:00:05+06:00" level=info msg="Sign_in 3" error= host="127.0.0.1:32842" path=/v1/all/signin status=200
time="2020-09-07T15:58:30+06:00" level=info msg=GET_FILE message="closing the file..." ok=true
time="2020-09-07T15:58:30+06:00" level=info msg=fn_rotate_log_files message="finishing the rotate fr goroutine" ok=true
time="2020-09-07T15:58:33+06:00" level=info msg=INIT_DB message="connected to Postgres..." ok=true
time="2020-09-07T15:58:33+06:00" level=info msg=main port=7000
time="2020-09-07T16:21:49+06:00" level=info msg=GET_FILE message="closing the file..." ok=true
time="2020-09-07T16:21:49+06:00" level=info msg=fn_rotate_log_files message="finishing the rotate fr goroutine" ok=true
time="2020-09-07T16:26:45+06:00" level=info msg=INIT_DB message="connected to Postgres..." ok=true
time="2020-09-07T16:26:46+06:00" level=info msg=main port=7000
time="2020-09-07T16:26:47+06:00" level=info msg=GET_FILE message="closing the file..." ok=true
time="2020-09-07T16:26:47+06:00" level=info msg=fn_rotate_log_files message="finishing the rotate fr goroutine" ok=true
time="2020-09-07T16:51:54+06:00" level=info msg=INIT_DB message="connected to Postgres..." ok=true
time="2020-09-07T16:51:54+06:00" level=info msg=main port=7000
time="2020-09-07T16:51:56+06:00" level=info msg=fn_rotate_log_files message="finishing the rotate fr goroutine" ok=true
time="2020-09-07T16:51:56+06:00" level=info msg=GET_FILE message="closing the file..." ok=true
time="2020-09-07T19:30:42+06:00" level=info msg=INIT_DB message="connected to Postgres..." ok=true
time="2020-09-07T19:30:43+06:00" level=info msg=main port=7000
time="2020-09-07T19:30:45+06:00" level=info msg=GET_FILE message="closing the file..." ok=true
time="2020-09-07T19:30:45+06:00" level=info msg=fn_rotate_log_files message="finishing the rotate fr goroutine" ok=true
