time="2020-09-24T17:27:57+06:00" level=info msg=INIT_DB message="connected to Postgres..." ok=true
time="2020-09-24T17:27:57+06:00" level=info msg=main port=7000
time="2020-09-24T17:28:49+06:00" level=info msg="JWT_TOKEN 1" error="could not be split correctly" host="[::1]:45148" path=/v1/signin status=421
time="2020-09-24T17:29:40+06:00" level=info msg=GET_FILE message="closing the file..." ok=true
time="2020-09-24T17:29:40+06:00" level=info msg=fn_rotate_log_files message="finishing the rotate fr goroutine" ok=true
time="2020-09-24T17:29:43+06:00" level=info msg=INIT_DB message="connected to Postgres..." ok=true
time="2020-09-24T17:29:44+06:00" level=info msg=main port=7000
time="2020-09-24T17:29:47+06:00" level=info msg="Sign_in 3" error= host="[::1]:45166" path=/v1/signin status=200
time="2020-09-24T17:31:42+06:00" level=info msg=GET_FILE message="closing the file..." ok=true
time="2020-09-24T17:31:42+06:00" level=info msg=fn_rotate_log_files message="finishing the rotate fr goroutine" ok=true
time="2020-09-24T17:31:45+06:00" level=info msg=INIT_DB message="connected to Postgres..." ok=true
time="2020-09-24T17:31:45+06:00" level=info msg=main port=7000
time="2020-09-24T17:31:48+06:00" level=info msg="Sign_in 3" error= host="[::1]:45198" path=/v1/signin status=200
time="2020-09-24T17:37:09+06:00" level=info msg=GET_FILE message="closing the file..." ok=true
time="2020-09-24T17:37:09+06:00" level=info msg=fn_rotate_log_files message="finishing the rotate fr goroutine" ok=true
time="2020-09-24T17:37:12+06:00" level=info msg=INIT_DB message="connected to Postgres..." ok=true
time="2020-09-24T17:37:12+06:00" level=info msg=main port=7000
time="2020-09-24T17:37:15+06:00" level=info msg="Sign_in 3" error= host="[::1]:45256" path=/v1/signin status=200
time="2020-09-24T17:39:38+06:00" level=info msg="Sign_in 3" error="record not found" host="[::1]:45256" path=/v1/signin status=404
time="2020-09-24T17:40:31+06:00" level=info msg="Sign_in 3" error="record not found" host="[::1]:45256" path=/v1/signin status=404
time="2020-09-24T17:41:48+06:00" level=info msg=GET_FILE message="closing the file..." ok=true
time="2020-09-24T17:41:48+06:00" level=info msg=fn_rotate_log_files message="finishing the rotate fr goroutine" ok=true
time="2020-09-24T17:41:51+06:00" level=info msg=INIT_DB message="connected to Postgres..." ok=true
time="2020-09-24T17:41:51+06:00" level=info msg=main port=7000
time="2020-09-24T17:42:00+06:00" level=info msg=GET_FILE message="closing the file..." ok=true
time="2020-09-24T17:42:00+06:00" level=info msg=fn_rotate_log_files message="finishing the rotate fr goroutine" ok=true
time="2020-09-24T17:42:03+06:00" level=info msg=INIT_DB message="connected to Postgres..." ok=true
time="2020-09-24T17:42:03+06:00" level=info msg=main port=7000
time="2020-09-24T17:42:06+06:00" level=info msg="Sign_in 3" error="record not found" host="[::1]:45352" path=/v1/signin status=404
time="2020-09-24T17:44:23+06:00" level=info msg=GET_FILE message="closing the file..." ok=true
time="2020-09-24T17:44:23+06:00" level=info msg=fn_rotate_log_files message="finishing the rotate fr goroutine" ok=true
time="2020-09-24T17:44:25+06:00" level=info msg=INIT_DB message="connected to Postgres..." ok=true
time="2020-09-24T17:44:26+06:00" level=info msg=main port=7000
time="2020-09-24T17:44:30+06:00" level=info msg="Sign_in 3" error="password either does not match or invalid" host="[::1]:45382" path=/v1/signin status=400
time="2020-09-24T17:45:09+06:00" level=info msg=GET_FILE message="closing the file..." ok=true
time="2020-09-24T17:45:09+06:00" level=info msg=fn_rotate_log_files message="finishing the rotate fr goroutine" ok=true
time="2020-09-24T17:45:12+06:00" level=info msg=INIT_DB message="connected to Postgres..." ok=true
time="2020-09-24T17:45:12+06:00" level=info msg=main port=7000
time="2020-09-24T17:45:15+06:00" level=info msg="Sign_in 3" error= host="[::1]:45412" path=/v1/signin status=200
time="2020-09-24T17:46:40+06:00" level=info msg="Sign_in 3" error= host="[::1]:45412" path=/v1/signin status=200
time="2020-09-24T17:46:50+06:00" level=info msg="Sign_in 3" error="record not found" host="[::1]:45412" path=/v1/signin status=404
time="2020-09-24T17:46:56+06:00" level=info msg="Sign_in 3" error= host="[::1]:45412" path=/v1/signin status=200
time="2020-09-24T18:46:46+06:00" level=info msg=GET_FILE message="closing the file..." ok=true
time="2020-09-24T18:46:46+06:00" level=info msg=fn_rotate_log_files message="finishing the rotate fr goroutine" ok=true
time="2020-09-24T18:57:55+06:00" level=info msg=INIT_DB message="connected to Postgres..." ok=true
time="2020-09-24T18:57:55+06:00" level=info msg=main port=7000
time="2020-09-24T18:58:36+06:00" level=info msg="User_get_own_info 1" error= host="[::1]:46324" path=/v1/profile status=200
time="2020-09-24T18:59:37+06:00" level=info msg=fn_rotate_log_files message="finishing the rotate fr goroutine" ok=true
time="2020-09-24T18:59:37+06:00" level=info msg=GET_FILE message="closing the file..." ok=true
time="2020-09-24T18:59:40+06:00" level=info msg=INIT_DB message="connected to Postgres..." ok=true
time="2020-09-24T18:59:41+06:00" level=info msg=main port=7000
time="2020-09-24T18:59:44+06:00" level=info msg="User_get_own_info 1" error= host="[::1]:46356" path=/v1/profile status=200
time="2020-09-24T19:00:01+06:00" level=info msg="Sign_in 3" error= host="[::1]:46356" path=/v1/signin status=200
time="2020-09-24T19:01:01+06:00" level=info msg="Sign_in 3" error= host="[::1]:46356" path=/v1/signin status=200
time="2020-09-24T19:01:20+06:00" level=info msg=GET_FILE message="closing the file..." ok=true
time="2020-09-24T19:01:20+06:00" level=info msg=fn_rotate_log_files message="finishing the rotate fr goroutine" ok=true
time="2020-09-24T19:01:23+06:00" level=info msg=INIT_DB message="connected to Postgres..." ok=true
time="2020-09-24T19:01:24+06:00" level=info msg=main port=7000
time="2020-09-24T19:01:26+06:00" level=info msg="Sign_in 3" error= host="[::1]:46410" path=/v1/signin status=200
time="2020-09-24T19:02:20+06:00" level=info msg="Sign_in 3" error= host="[::1]:46410" path=/v1/signin status=200
time="2020-09-24T19:02:32+06:00" level=info msg="User_get_own_info 1" error= host="[::1]:46410" path=/v1/profile status=200
time="2020-09-24T19:02:38+06:00" level=info msg="User_get_own_info 1" error= host="[::1]:46410" path=/v1/profile status=200
time="2020-09-24T19:07:27+06:00" level=info msg=GET_FILE message="closing the file..." ok=true
time="2020-09-24T19:07:27+06:00" level=info msg=fn_rotate_log_files message="finishing the rotate fr goroutine" ok=true
time="2020-09-24T19:07:31+06:00" level=info msg=INIT_DB message="connected to Postgres..." ok=true
time="2020-09-24T19:07:31+06:00" level=info msg=main port=7000
time="2020-09-24T19:07:57+06:00" level=info msg=GET_FILE message="closing the file..." ok=true
time="2020-09-24T19:07:57+06:00" level=info msg=fn_rotate_log_files message="finishing the rotate fr goroutine" ok=true
time="2020-09-24T19:08:00+06:00" level=info msg=INIT_DB message="connected to Postgres..." ok=true
time="2020-09-24T19:08:00+06:00" level=info msg=main port=7000
time="2020-09-24T19:08:03+06:00" level=info msg="Get_full_user_info 1" error= host="[::1]:46606" path=/v1/profile/3 status=200
time="2020-09-24T19:08:12+06:00" level=info msg="User_get_own_info 1" error= host="[::1]:46606" path=/v1/profile status=200
time="2020-09-24T19:10:28+06:00" level=info msg=GET_FILE message="closing the file..." ok=true
time="2020-09-24T19:10:28+06:00" level=info msg=fn_rotate_log_files message="finishing the rotate fr goroutine" ok=true
time="2020-09-24T19:10:31+06:00" level=info msg=INIT_DB message="connected to Postgres..." ok=true
time="2020-09-24T19:10:31+06:00" level=info msg=main port=7000
time="2020-09-24T19:10:36+06:00" level=info msg="User_get_own_info 1" error= host="[::1]:46654" path=/v1/profile_own status=200
time="2020-09-24T19:11:49+06:00" level=info msg=GET_FILE message="closing the file..." ok=true
time="2020-09-24T19:11:49+06:00" level=info msg=fn_rotate_log_files message="finishing the rotate fr goroutine" ok=true
time="2020-09-24T19:11:51+06:00" level=info msg=INIT_DB message="connected to Postgres..." ok=true
time="2020-09-24T19:11:52+06:00" level=info msg=main port=7000
time="2020-09-24T19:11:55+06:00" level=info msg="Get_full_user_info 1" error= host="[::1]:46696" path=/v1/profile status=200
time="2020-09-24T19:12:03+06:00" level=info msg="Get_full_user_info 1" error= host="[::1]:46696" path=/v1/profile status=200
time="2020-09-24T19:50:54+06:00" level=info msg=GET_FILE message="closing the file..." ok=true
time="2020-09-24T19:50:54+06:00" level=info msg=fn_rotate_log_files message="finishing the rotate fr goroutine" ok=true
time="2020-09-24T20:12:22+06:00" level=info msg=INIT_DB message="connected to Postgres..." ok=true
time="2020-09-24T20:12:23+06:00" level=info msg=main port=7000
time="2020-09-24T22:58:08+06:00" level=info msg=GET_FILE message="closing the file..." ok=true
time="2020-09-24T22:58:08+06:00" level=info msg=fn_rotate_log_files message="finishing the rotate fr goroutine" ok=true
time="2020-09-24T22:58:11+06:00" level=info msg=INIT_DB message="connected to Postgres..." ok=true
time="2020-09-24T22:58:12+06:00" level=info msg=main port=7000
time="2020-09-24T23:00:02+06:00" level=info msg=GET_FILE message="closing the file..." ok=true
time="2020-09-24T23:00:02+06:00" level=info msg=fn_rotate_log_files message="finishing the rotate fr goroutine" ok=true
time="2020-09-24T23:00:04+06:00" level=info msg=INIT_DB message="connected to Postgres..." ok=true
time="2020-09-24T23:00:04+06:00" level=info msg=main port=7000
time="2020-09-24T23:00:08+06:00" level=info msg="JWT_TOKEN 1" error="could not be split correctly" host="[::1]:48214" path=/v1/auth status=421
time="2020-09-24T23:00:20+06:00" level=info msg="Sign_in 3" error= host="[::1]:48214" path=/v1/signin status=200
time="2020-09-24T23:00:33+06:00" level=info msg="JWT_TOKEN 1" error="could not be split correctly" host="[::1]:48214" path=/v1/auth status=421
time="2020-09-24T23:00:45+06:00" level=info msg="JWT_TOKEN 1" error="could not be split correctly" host="[::1]:48214" path=/v1/auth status=421
time="2020-09-24T23:03:06+06:00" level=info msg=GET_FILE message="closing the file..." ok=true
time="2020-09-24T23:03:06+06:00" level=info msg=fn_rotate_log_files message="finishing the rotate fr goroutine" ok=true
time="2020-09-24T23:03:09+06:00" level=info msg=INIT_DB message="connected to Postgres..." ok=true
time="2020-09-24T23:03:09+06:00" level=info msg=main port=7000
time="2020-09-24T23:03:12+06:00" level=info msg="User_get_by_role get" error="you cannot get a list of users" host="[::1]:48240" path=/v1/user status=405
time="2020-09-25T00:02:47+06:00" level=info msg=GET_FILE message="closing the file..." ok=true
time="2020-09-25T00:02:47+06:00" level=info msg=fn_rotate_log_files message="finishing the rotate fr goroutine" ok=true
