time="2020-08-31T00:03:37+06:00" level=info msg=INIT_DB message="connected to Postgres..." ok=true
time="2020-08-31T00:03:37+06:00" level=info msg=main port=7000
time="2020-08-31T00:03:49+06:00" level=info error= host="[::1]:36940" path=/v1/administrate/user/info status=200
time="2020-08-31T00:04:40+06:00" level=info msg=INIT_DB message="connected to Postgres..." ok=true
time="2020-08-31T00:04:41+06:00" level=info msg=main port=7000
time="2020-08-31T00:04:54+06:00" level=info msg="check_whether_user_has_such_permission 2" error="user has not got such permission or invalid parameters have been provided" host="[::1]:36974" path=/v1/administrate/user/info status=424
time="2020-08-31T00:05:01+06:00" level=info msg="check_whether_user_has_such_permission 2" error="user has not got such permission or invalid parameters have been provided" host="[::1]:36974" path=/v1/administrate/user/info status=424
time="2020-08-31T00:05:12+06:00" level=info msg=INIT_DB message="connected to Postgres..." ok=true
time="2020-08-31T00:05:12+06:00" level=info msg=main port=7000
time="2020-08-31T00:05:14+06:00" level=info msg="check_whether_user_has_such_permission 2" error="user has not got such permission or invalid parameters have been provided" host="[::1]:36992" path=/v1/administrate/user/info status=424
time="2020-08-31T00:06:18+06:00" level=info msg=INIT_DB message="connected to Postgres..." ok=true
time="2020-08-31T00:06:19+06:00" level=info msg=main port=7000
time="2020-08-31T00:06:19+06:00" level=info msg="check_whether_user_has_such_permission 2" error="user has not got such permission or invalid parameters have been provided" host="[::1]:37012" path=/v1/administrate/user/info status=424
time="2020-08-31T00:08:13+06:00" level=info msg=INIT_DB message="connected to Postgres..." ok=true
time="2020-08-31T00:08:13+06:00" level=info msg=main port=7000
time="2020-08-31T00:08:53+06:00" level=info error="pq: syntax error at or near \")\"" host="[::1]:37038" path=/v1/administrate/user/info status=417
time="2020-08-31T00:08:58+06:00" level=info msg=INIT_DB message="connected to Postgres..." ok=true
time="2020-08-31T00:08:58+06:00" level=info msg=main port=7000
time="2020-08-31T00:09:17+06:00" level=info error="pq: syntax error at or near \")\"" host="[::1]:37058" path=/v1/administrate/user/info status=417
time="2020-08-31T00:10:55+06:00" level=info msg=INIT_DB message="connected to Postgres..." ok=true
time="2020-08-31T00:10:55+06:00" level=info msg=main port=7000
time="2020-08-31T00:11:39+06:00" level=info error="pq: syntax error at or near \")\"" host="[::1]:37088" path=/v1/administrate/user/info status=417
time="2020-08-31T00:25:33+06:00" level=info msg=INIT_DB message="connected to Postgres..." ok=true
time="2020-08-31T00:25:33+06:00" level=info msg=main port=7000
time="2020-08-31T00:26:45+06:00" level=info msg=INIT_DB message="connected to Postgres..." ok=true
time="2020-08-31T00:26:46+06:00" level=info msg=main port=7000
time="2020-08-31T00:27:25+06:00" level=info msg=INIT_DB message="connected to Postgres..." ok=true
time="2020-08-31T00:27:26+06:00" level=info msg=main port=7000
time="2020-08-31T00:27:31+06:00" level=info msg=INIT_DB message="connected to Postgres..." ok=true
time="2020-08-31T00:27:32+06:00" level=info msg=main port=7000
time="2020-08-31T00:27:46+06:00" level=info error= host="[::1]:37280" path=/v1/administrate/user/info status=200
time="2020-08-31T00:28:28+06:00" level=info msg=INIT_DB message="connected to Postgres..." ok=true
time="2020-08-31T00:28:29+06:00" level=info msg=main port=7000
time="2020-08-31T00:28:30+06:00" level=info msg="check_whether_user_has_such_permission 2" error="user has not got such permission or invalid parameters have been provided" host="[::1]:37312" path=/v1/administrate/user/info status=424
time="2020-08-31T00:29:03+06:00" level=info error= host="[::1]:37312" path=/v1/administrate/user/info status=200
time="2020-08-31T00:29:54+06:00" level=info error= host="[::1]:37312" path=/v1/administrate/user/info status=200
time="2020-08-31T02:09:46+06:00" level=info error= host="[::1]:37312" path=/v1/administrate/user/info status=200
time="2020-08-31T02:10:47+06:00" level=info msg=INIT_DB message="connected to Postgres..." ok=true
time="2020-08-31T02:10:48+06:00" level=info msg=main port=7000
time="2020-08-31T02:11:21+06:00" level=info error= host="[::1]:39012" path=/v1/administrate/user/info status=200
time="2020-08-31T02:13:32+06:00" level=info msg=INIT_DB message="connected to Postgres..." ok=true
time="2020-08-31T02:13:33+06:00" level=info msg=main port=7000
time="2020-08-31T02:13:40+06:00" level=info error= host="[::1]:39050" path=/v1/administrate/user/info status=200
time="2020-08-31T02:14:30+06:00" level=info error= host="[::1]:39050" path=/v1/administrate/user/info status=200
time="2020-08-31T02:14:41+06:00" level=info msg="check_whether_user_has_such_permission 2" error="user has not got such permission or invalid parameters have been provided" host="[::1]:39050" path=/v1/administrate/user/info status=424
time="2020-08-31T02:15:04+06:00" level=info msg=INIT_DB message="connected to Postgres..." ok=true
time="2020-08-31T02:15:05+06:00" level=info msg=main port=7000
time="2020-08-31T02:15:12+06:00" level=info error= host="[::1]:39082" path=/v1/administrate/user/info status=200
time="2020-08-31T02:16:03+06:00" level=info msg=INIT_DB message="connected to Postgres..." ok=true
time="2020-08-31T02:16:03+06:00" level=info msg=main port=7000
time="2020-08-31T02:16:09+06:00" level=info error= host="[::1]:39106" path=/v1/administrate/user/info status=200
time="2020-08-31T02:20:20+06:00" level=info msg=INIT_DB message="connected to Postgres..." ok=true
time="2020-08-31T02:20:21+06:00" level=info msg=main port=7000
time="2020-08-31T02:20:22+06:00" level=info msg="check_whether_user_has_such_permission 2" error="user has not got such permission or invalid parameters have been provided" host="[::1]:39152" path=/v1/administrate/user/info status=424
time="2020-08-31T02:20:41+06:00" level=info msg="check_whether_user_has_such_permission 2" error="user has not got such permission or invalid parameters have been provided" host="[::1]:39152" path=/v1/administrate/user/info status=424
time="2020-08-31T02:23:30+06:00" level=info msg=INIT_DB message="connected to Postgres..." ok=true
time="2020-08-31T02:23:31+06:00" level=info msg=main port=7000
time="2020-08-31T02:23:38+06:00" level=info error="invalid parameters. failed user info update validation" host="[::1]:39200" path=/v1/administrate/user/info status=400
time="2020-08-31T02:25:01+06:00" level=info error="invalid parameters. failed user info update validation" host="[::1]:39200" path=/v1/administrate/user/info status=400
time="2020-08-31T02:25:08+06:00" level=info msg=INIT_DB message="connected to Postgres..." ok=true
time="2020-08-31T02:25:08+06:00" level=info msg=main port=7000
time="2020-08-31T02:25:17+06:00" level=info error= host="[::1]:39230" path=/v1/administrate/user/info status=200
time="2020-08-31T02:26:06+06:00" level=info msg=INIT_DB message="connected to Postgres..." ok=true
time="2020-08-31T02:26:07+06:00" level=info msg=main port=7000
time="2020-08-31T02:26:28+06:00" level=info error= host="[::1]:39262" path=/v1/administrate/user/info status=200
time="2020-08-31T02:27:24+06:00" level=info error= host="[::1]:39262" path=/v1/administrate/user/info status=200
time="2020-08-31T02:27:49+06:00" level=info error= host="[::1]:39262" path=/v1/administrate/user/info status=200
time="2020-08-31T02:29:02+06:00" level=info msg=INIT_DB message="connected to Postgres..." ok=true
time="2020-08-31T02:29:03+06:00" level=info msg=main port=7000
time="2020-08-31T02:29:14+06:00" level=info error="invalid password" host="[::1]:39298" path=/v1/administrate/user/password status=400
time="2020-08-31T02:30:01+06:00" level=info error= host="[::1]:39298" path=/v1/administrate/user/password status=200
time="2020-08-31T02:30:15+06:00" level=info error= host="[::1]:39298" path=/v1/administrate/user/password status=200
time="2020-08-31T02:37:09+06:00" level=info msg=INIT_DB message="connected to Postgres..." ok=true
time="2020-08-31T02:37:09+06:00" level=info msg=main port=7000
time="2020-08-31T02:37:35+06:00" level=info error= host="[::1]:39366" path=/v1/administrate/user/block status=200
time="2020-08-31T02:37:47+06:00" level=info error= host="[::1]:39366" path=/v1/administrate/user/block status=200
time="2020-08-31T02:39:11+06:00" level=info msg=INIT_DB message="connected to Postgres..." ok=true
time="2020-08-31T02:39:12+06:00" level=info msg=main port=7000
time="2020-08-31T02:39:56+06:00" level=info msg=INIT_DB message="connected to Postgres..." ok=true
time="2020-08-31T02:39:56+06:00" level=info msg=main port=7000
time="2020-08-31T02:40:13+06:00" level=info msg=INIT_DB message="connected to Postgres..." ok=true
time="2020-08-31T02:40:13+06:00" level=info msg=main port=7000
time="2020-08-31T02:40:26+06:00" level=info error= host="[::1]:39454" path=/v1/administrate/user/delete status=200
time="2020-08-31T02:41:14+06:00" level=info error= host="[::1]:39454" path=/v1/administrate/user/delete status=200
time="2020-08-31T02:41:31+06:00" level=info msg=INIT_DB message="connected to Postgres..." ok=true
time="2020-08-31T02:41:31+06:00" level=info msg=main port=7000
time="2020-08-31T02:42:20+06:00" level=info error= host="[::1]:39482" path=/v1/administrate/user/delete status=200
time="2020-08-31T02:42:37+06:00" level=info msg=INIT_DB message="connected to Postgres..." ok=true
time="2020-08-31T02:42:38+06:00" level=info msg=main port=7000
time="2020-08-31T04:15:08+06:00" level=info msg=INIT_DB message="connected to Postgres..." ok=true
time="2020-08-31T04:15:08+06:00" level=info msg=main port=7000
time="2020-08-31T04:18:19+06:00" level=info error="can't preload field permissions for model.Role" host="[::1]:39912" path=/v1/administrate/role status=417
time="2020-08-31T04:18:25+06:00" level=info msg=INIT_DB message="connected to Postgres..." ok=true
time="2020-08-31T04:18:26+06:00" level=info msg=main port=7000
time="2020-08-31T04:18:46+06:00" level=info error= host="[::1]:39982" path=/v1/administrate/role status=200
time="2020-08-31T04:25:55+06:00" level=info msg=INIT_DB message="connected to Postgres..." ok=true
time="2020-08-31T04:25:55+06:00" level=info msg=main port=7000
time="2020-08-31T04:26:14+06:00" level=info error="pq: zero-length delimited identifier at or near \"\"\"\"" host="[::1]:40056" path=/v1/administrate/role status=417
time="2020-08-31T04:32:31+06:00" level=info error="pq: zero-length delimited identifier at or near \"\"\"\"" host="[::1]:40056" path=/v1/administrate/role status=417
time="2020-08-31T04:32:41+06:00" level=info msg=INIT_DB message="connected to Postgres..." ok=true
time="2020-08-31T04:32:42+06:00" level=info msg=main port=7000
time="2020-08-31T04:33:24+06:00" level=info error="sql: converting argument $1 type: unsupported type bytes.Buffer, a struct" host="[::1]:40144" path=/v1/administrate/role status=417
time="2020-08-31T04:33:32+06:00" level=info msg=INIT_DB message="connected to Postgres..." ok=true
time="2020-08-31T04:33:33+06:00" level=info msg=main port=7000
time="2020-08-31T04:33:37+06:00" level=info error="pq: syntax error at or near \"where\"" host="[::1]:40184" path=/v1/administrate/role status=417
time="2020-08-31T04:34:21+06:00" level=info error="pq: syntax error at or near \"where\"" host="[::1]:40184" path=/v1/administrate/role status=417
time="2020-08-31T04:34:26+06:00" level=info msg=INIT_DB message="connected to Postgres..." ok=true
time="2020-08-31T04:34:27+06:00" level=info msg=main port=7000
time="2020-08-31T04:35:28+06:00" level=info msg=INIT_DB message="connected to Postgres..." ok=true
time="2020-08-31T04:35:29+06:00" level=info msg=main port=7000
time="2020-08-31T04:36:54+06:00" level=info error="pq: duplicate key value violates unique constraint \"roles_pkey\"" host="[::1]:40244" path=/v1/administrate/role status=417
time="2020-08-31T04:36:59+06:00" level=info msg=INIT_DB message="connected to Postgres..." ok=true
time="2020-08-31T04:36:59+06:00" level=info msg=main port=7000
time="2020-08-31T04:37:25+06:00" level=info msg=INIT_DB message="connected to Postgres..." ok=true
time="2020-08-31T04:37:26+06:00" level=info msg=main port=7000
time="2020-08-31T04:37:36+06:00" level=info error= host="[::1]:40284" path=/v1/administrate/role status=200
time="2020-08-31T05:03:57+06:00" level=info msg=INIT_DB message="connected to Postgres..." ok=true
time="2020-08-31T05:03:58+06:00" level=info msg=main port=7000
time="2020-08-31T05:04:11+06:00" level=info error="method is not allowed. role/permissions" host="[::1]:40502" path=/v1/administrate/role/permissions status=405
time="2020-08-31T05:33:36+06:00" level=info error="pq: syntax error at or near \")\"" host="[::1]:40502" path=/v1/administrate/role/permissions status=417
time="2020-08-31T05:33:41+06:00" level=info msg=INIT_DB message="connected to Postgres..." ok=true
time="2020-08-31T05:33:41+06:00" level=info msg=main port=7000
time="2020-08-31T05:33:48+06:00" level=info error="pq: syntax error at or near \")\"" host="[::1]:40746" path=/v1/administrate/role/permissions status=417
time="2020-08-31T05:34:31+06:00" level=info msg=INIT_DB message="connected to Postgres..." ok=true
time="2020-08-31T05:34:31+06:00" level=info msg=main port=7000
time="2020-08-31T05:34:55+06:00" level=info error= host="[::1]:40770" path=/v1/administrate/role/permissions status=200
time="2020-08-31T05:41:40+06:00" level=info error= host="[::1]:40770" path=/v1/administrate/role/permissions status=200
time="2020-08-31T05:45:08+06:00" level=info msg=INIT_DB message="connected to Postgres..." ok=true
time="2020-08-31T05:45:09+06:00" level=info msg=main port=7000
time="2020-08-31T05:45:11+06:00" level=info error= host="[::1]:40874" path=/v1/administrate/role/permissions status=200
time="2020-08-31T05:46:02+06:00" level=info msg=INIT_DB message="connected to Postgres..." ok=true
time="2020-08-31T05:46:03+06:00" level=info msg=main port=7000
time="2020-08-31T05:46:23+06:00" level=info msg=INIT_DB message="connected to Postgres..." ok=true
time="2020-08-31T05:46:24+06:00" level=info msg=main port=7000
time="2020-08-31T05:47:15+06:00" level=info msg=INIT_DB message="connected to Postgres..." ok=true
time="2020-08-31T05:47:16+06:00" level=info msg=main port=7000
time="2020-08-31T05:59:16+06:00" level=info msg=INIT_DB message="connected to Postgres..." ok=true
time="2020-08-31T05:59:17+06:00" level=info msg=main port=7000
time="2020-08-31T06:01:51+06:00" level=info msg=INIT_DB message="connected to Postgres..." ok=true
time="2020-08-31T06:01:51+06:00" level=info msg=main port=7000
time="2020-08-31T06:02:38+06:00" level=info msg=INIT_DB message="connected to Postgres..." ok=true
time="2020-08-31T06:02:38+06:00" level=info msg=main port=7000
time="2020-08-31T06:03:44+06:00" level=info msg=INIT_DB message="connected to Postgres..." ok=true
time="2020-08-31T06:03:44+06:00" level=info msg=main port=7000
time="2020-08-31T06:03:49+06:00" level=info error="pq: invalid input syntax for integer: \"5, 6\"" host="[::1]:41124" path=/v1/administrate/permissions status=417
time="2020-08-31T06:06:16+06:00" level=info msg=INIT_DB message="connected to Postgres..." ok=true
time="2020-08-31T06:06:16+06:00" level=info msg=main port=7000
time="2020-08-31T06:09:35+06:00" level=info error="pq: invalid input syntax for integer: \"5, 6\"" host="[::1]:41160" path=/v1/administrate/permissions status=417
time="2020-08-31T06:09:53+06:00" level=info msg=INIT_DB message="connected to Postgres..." ok=true
time="2020-08-31T06:09:54+06:00" level=info msg=main port=7000
time="2020-08-31T06:26:37+06:00" level=info msg=INIT_DB message="connected to Postgres..." ok=true
time="2020-08-31T06:26:38+06:00" level=info msg=main port=7000
time="2020-08-31T06:27:15+06:00" level=info msg=INIT_DB message="connected to Postgres..." ok=true
time="2020-08-31T06:27:15+06:00" level=info msg=main port=7000
time="2020-08-31T06:27:23+06:00" level=info error= host="[::1]:41476" path=/v1/administrate/permissions status=200
time="2020-08-31T06:28:21+06:00" level=info error= host="[::1]:41476" path=/v1/administrate/permissions status=200
time="2020-08-31T06:29:32+06:00" level=info msg=INIT_DB message="connected to Postgres..." ok=true
time="2020-08-31T06:29:33+06:00" level=info msg=main port=7000
time="2020-08-31T06:30:02+06:00" level=info error= host="[::1]:41516" path=/v1/administrate/permissions status=200
time="2020-08-31T06:30:49+06:00" level=info error= host="[::1]:41516" path=/v1/administrate/permissions status=200
time="2020-08-31T06:34:20+06:00" level=info msg=INIT_DB message="connected to Postgres..." ok=true
time="2020-08-31T06:34:21+06:00" level=info msg=main port=7000
time="2020-08-31T06:35:05+06:00" level=info msg=GET_FILE message="closing the file..." ok=true
time="2020-08-31T06:35:05+06:00" level=info msg=fn_rotate_log_files message="finishing the rotate fr goroutine" ok=true
time="2020-08-31T06:35:07+06:00" level=info msg=INIT_DB message="connected to Postgres..." ok=true
time="2020-08-31T06:35:08+06:00" level=info msg=main port=7000
time="2020-08-31T06:35:09+06:00" level=info msg=Categors_create_read_update_delete error= host="[::1]:41576" path=/v1/all/categor status=200
time="2020-08-31T06:36:51+06:00" level=info error="invalid parameters have been passed" host="[::1]:41576" path=/v1/administrate/role status=400
time="2020-08-31T06:37:48+06:00" level=info msg=Categors_create_read_update_delete error= host="[::1]:41576" path=/v1/administrate/categor status=200
time="2020-08-31T06:37:59+06:00" level=info msg=Categors_create_read_update_delete error= host="[::1]:41576" path=/v1/all/categor status=200
time="2020-08-31T06:39:03+06:00" level=info msg=Categors_create_read_update_delete error="pq: syntax error at or near \";\"" host="[::1]:41576" path=/v1/administrate/categor status=400
time="2020-08-31T06:40:15+06:00" level=info msg=Categors_create_read_update_delete error="pq: syntax error at or near \";\"" host="[::1]:41576" path=/v1/administrate/categor status=400
time="2020-08-31T06:40:40+06:00" level=info msg=Categors_create_read_update_delete error="pq: syntax error at or near \";\"" host="[::1]:41576" path=/v1/administrate/categor status=400
time="2020-08-31T06:41:33+06:00" level=info msg=GET_FILE message="closing the file..." ok=true
time="2020-08-31T06:41:33+06:00" level=info msg=fn_rotate_log_files message="finishing the rotate fr goroutine" ok=true
time="2020-08-31T06:41:36+06:00" level=info msg=INIT_DB message="connected to Postgres..." ok=true
time="2020-08-31T06:41:36+06:00" level=info msg=main port=7000
time="2020-08-31T06:41:39+06:00" level=info msg=Categors_create_read_update_delete error= host="[::1]:41630" path=/v1/administrate/categor status=200
time="2020-08-31T06:41:45+06:00" level=info msg=Categors_create_read_update_delete error= host="[::1]:41630" path=/v1/all/categor status=200
time="2020-08-31T06:42:04+06:00" level=info msg=GET_FILE message="closing the file..." ok=true
time="2020-08-31T06:42:04+06:00" level=info msg=fn_rotate_log_files message="finishing the rotate fr goroutine" ok=true
time="2020-08-31T06:42:07+06:00" level=info msg=INIT_DB message="connected to Postgres..." ok=true
time="2020-08-31T06:42:07+06:00" level=info msg=main port=7000
time="2020-08-31T06:42:08+06:00" level=info msg=Categors_create_read_update_delete error= host="[::1]:41638" path=/v1/administrate/categor status=200
time="2020-08-31T06:42:12+06:00" level=info msg=Categors_create_read_update_delete error= host="[::1]:41638" path=/v1/all/categor status=200
time="2020-08-31T06:42:13+06:00" level=info msg=Categors_create_read_update_delete error= host="[::1]:41638" path=/v1/all/categor status=200
time="2020-08-31T06:42:23+06:00" level=info msg=Categors_create_read_update_delete error= host="[::1]:41638" path=/v1/administrate/categor status=200
time="2020-08-31T06:42:35+06:00" level=info msg=Categors_create_read_update_delete error= host="[::1]:41638" path=/v1/administrate/categor status=200
time="2020-08-31T06:42:41+06:00" level=info msg=Categors_create_read_update_delete error= host="[::1]:41638" path=/v1/all/categor status=200
time="2020-08-31T06:42:46+06:00" level=info msg=Categors_create_read_update_delete error= host="[::1]:41638" path=/v1/administrate/categor status=200
time="2020-08-31T06:52:50+06:00" level=info msg="Sign_in 3" error= host="[::1]:41638" path=/v1/all/signin status=200
time="2020-08-31T06:52:59+06:00" level=info msg=Get_comments_of_the_project error="parameters are not valid. get comment" host="[::1]:41638" path=/v1/projects_comment/project status=400
time="2020-08-31T06:54:51+06:00" level=info msg=Get_comments_of_the_project error="parameters are not valid. get comment" host="[::1]:41638" path=/v1/projects_comment/project status=400
time="2020-08-31T06:54:52+06:00" level=info msg=Get_comments_of_the_project error="parameters are not valid. get comment" host="[::1]:41638" path=/v1/projects_comment/project status=400
time="2020-08-31T06:54:54+06:00" level=info msg=Get_comments_of_the_project error="parameters are not valid. get comment" host="[::1]:41638" path=/v1/projects_comment/project status=400
time="2020-08-31T06:57:16+06:00" level=info msg=Get_comments_of_the_project error="parameters are not valid. get comment" host="[::1]:41638" path=/v1/projects_comment/project status=400
time="2020-08-31T06:57:22+06:00" level=info msg=GET_FILE message="closing the file..." ok=true
time="2020-08-31T06:57:22+06:00" level=info msg=fn_rotate_log_files message="finishing the rotate fr goroutine" ok=true
time="2020-08-31T06:57:25+06:00" level=info msg=INIT_DB message="connected to Postgres..." ok=true
time="2020-08-31T06:57:25+06:00" level=info msg=main port=7000
time="2020-08-31T06:57:50+06:00" level=info msg=Get_comments_of_the_project error="record not found" host="[::1]:41776" path=/v1/projects_comment/project/1 status=400
time="2020-08-31T07:00:26+06:00" level=info msg=INIT_DB message="connected to Postgres..." ok=true
time="2020-08-31T07:00:26+06:00" level=info msg=main port=7000
time="2020-08-31T07:00:36+06:00" level=info msg=Get_comments_of_the_project error= host="[::1]:41818" path=/v1/projects_comment/project/1 status=200
time="2020-08-31T07:02:30+06:00" level=info msg=INIT_DB message="connected to Postgres..." ok=true
time="2020-08-31T07:02:31+06:00" level=info msg=main port=7000
time="2020-08-31T07:02:46+06:00" level=info msg=INIT_DB message="connected to Postgres..." ok=true
time="2020-08-31T07:02:46+06:00" level=info msg=main port=7000
time="2020-08-31T07:03:08+06:00" level=info msg=Get_comments_of_the_project error= host="[::1]:41860" path=/v1/projects_comment/project status=200
time="2020-08-31T07:06:35+06:00" level=info msg=INIT_DB message="connected to Postgres..." ok=true
time="2020-08-31T07:06:35+06:00" level=info msg=main port=7000
time="2020-08-31T07:07:54+06:00" level=info msg=Get_comments_of_the_project error= host="[::1]:41910" path=/v1/projects_comment/project status=200
time="2020-08-31T07:07:59+06:00" level=info msg=INIT_DB message="connected to Postgres..." ok=true
time="2020-08-31T07:07:59+06:00" level=info msg=main port=7000
time="2020-08-31T07:08:07+06:00" level=info msg=Get_comments_of_the_project error= host="[::1]:41938" path=/v1/projects_comment/project status=200
time="2020-08-31T07:10:14+06:00" level=info msg=INIT_DB message="connected to Postgres..." ok=true
time="2020-08-31T07:10:14+06:00" level=info msg=main port=7000
time="2020-08-31T07:10:29+06:00" level=info msg=Get_comments_of_the_project error= host="[::1]:41974" path=/v1/projects_comment/project status=200
time="2020-08-31T07:11:12+06:00" level=info msg=Get_comments_of_the_project error= host="[::1]:41974" path=/v1/projects_comment/project status=200
time="2020-08-31T07:18:13+06:00" level=info msg="Sign_in 3" error= host="[::1]:41974" path=/v1/all/signin status=200
time="2020-08-31T07:18:59+06:00" level=info msg="check_whether_user_has_such_permission 2" error="user has not got such permission or invalid parameters have been provided" host="[::1]:41974" path=/v1/projects_make_changes/finance status=424
time="2020-08-31T07:19:14+06:00" level=info msg="check_whether_user_has_such_permission 2" error="user has not got such permission or invalid parameters have been provided" host="[::1]:41974" path=/v1/projects_make_changes/finance status=424
time="2020-08-31T07:20:56+06:00" level=info msg="check_whether_user_has_such_permission 2" error="user has not got such permission or invalid parameters have been provided" host="[::1]:41974" path=/v1/projects_make_changes/finance status=424
time="2020-08-31T07:21:11+06:00" level=info msg=INIT_DB message="connected to Postgres..." ok=true
time="2020-08-31T07:21:11+06:00" level=info msg=main port=7000
time="2020-08-31T07:21:15+06:00" level=info msg="check_whether_user_has_such_permission 2" error="user has not got such permission or invalid parameters have been provided" host="[::1]:42070" path=/v1/projects_make_changes/finance status=424
time="2020-08-31T07:21:18+06:00" level=info msg="check_whether_user_has_such_permission 2" error="user has not got such permission or invalid parameters have been provided" host="[::1]:42070" path=/v1/projects_make_changes/finance status=424
time="2020-08-31T07:22:07+06:00" level=info msg=INIT_DB message="connected to Postgres..." ok=true
time="2020-08-31T07:22:08+06:00" level=info msg=main port=7000
time="2020-08-31T07:22:09+06:00" level=info msg="check_whether_user_has_such_permission 2" error="user has not got such permission or invalid parameters have been provided" host="[::1]:42092" path=/v1/projects_make_changes/finance status=424
time="2020-08-31T07:22:15+06:00" level=info msg="check_whether_user_has_such_permission 2" error="user has not got such permission or invalid parameters have been provided" host="[::1]:42092" path=/v1/projects_make_changes/finance status=424
time="2020-08-31T07:22:35+06:00" level=info msg="check_whether_user_has_such_permission 2" error="user has not got such permission or invalid parameters have been provided" host="[::1]:42092" path=/v1/projects_make_changes/finance status=424
time="2020-08-31T07:24:55+06:00" level=info msg="check_whether_user_has_such_permission 2" error="user has not got such permission or invalid parameters have been provided" host="[::1]:42092" path=/v1/projects_make_changes/finance status=424
time="2020-08-31T07:26:50+06:00" level=info msg=INIT_DB message="connected to Postgres..." ok=true
time="2020-08-31T07:26:50+06:00" level=info msg=main port=7000
time="2020-08-31T07:26:53+06:00" level=info msg="check_whether_user_has_such_permission 2" error="user has not got such permission or invalid parameters have been provided" host="[::1]:42140" path=/v1/projects_make_changes/finance status=424
time="2020-08-31T07:29:30+06:00" level=info msg="Finance_table_get 2" error="record not found" host="[::1]:42140" path=/v1/projects_make_changes/finance status=400
time="2020-08-31T07:29:35+06:00" level=info msg=INIT_DB message="connected to Postgres..." ok=true
time="2020-08-31T07:29:35+06:00" level=info msg=main port=7000
time="2020-08-31T07:29:42+06:00" level=info msg="Finance_table_get 2" error= host="[::1]:42180" path=/v1/projects_make_changes/finance status=200
time="2020-08-31T07:30:35+06:00" level=info msg=INIT_DB message="connected to Postgres..." ok=true
time="2020-08-31T07:30:36+06:00" level=info msg=main port=7000
time="2020-08-31T07:30:54+06:00" level=info msg="Finance_table_get 2" error= host="[::1]:42204" path=/v1/projects_make_changes/finance status=200
time="2020-08-31T07:32:42+06:00" level=info msg=INIT_DB message="connected to Postgres..." ok=true
time="2020-08-31T07:32:43+06:00" level=info msg=main port=7000
time="2020-08-31T07:32:50+06:00" level=info msg="Finance_table_get 2" error= host="[::1]:42238" path=/v1/projects_make_changes/finance status=200
time="2020-08-31T07:33:41+06:00" level=info msg="Finance_table_get 2" error= host="[::1]:42238" path=/v1/projects_make_changes/finance status=200
time="2020-08-31T07:33:51+06:00" level=info msg="Finresult_table_get 1" error=EOF host="[::1]:42238" path=/v1/projects_make_changes/finresult status=400
time="2020-08-31T07:35:54+06:00" level=info msg=INIT_DB message="connected to Postgres..." ok=true
time="2020-08-31T07:35:55+06:00" level=info msg=main port=7000
time="2020-08-31T07:36:17+06:00" level=info msg="Finance_table_get 2" error= host="[::1]:42284" path=/v1/projects_make_changes/finance status=200
time="2020-08-31T07:38:16+06:00" level=info msg=INIT_DB message="connected to Postgres..." ok=true
time="2020-08-31T07:38:17+06:00" level=info msg=main port=7000
time="2020-08-31T07:38:23+06:00" level=info msg="Finance_table_get 2" error="project id is 0" host="[::1]:42316" path=/v1/projects_make_changes/finance status=400
time="2020-08-31T07:39:24+06:00" level=info msg=INIT_DB message="connected to Postgres..." ok=true
time="2020-08-31T07:39:24+06:00" level=info msg=main port=7000
time="2020-08-31T07:39:31+06:00" level=info msg="Finance_table_get 2" error="project id is 0" host="[::1]:42342" path=/v1/projects_make_changes/finance status=400
time="2020-08-31T07:40:25+06:00" level=info msg=INIT_DB message="connected to Postgres..." ok=true
time="2020-08-31T07:40:25+06:00" level=info msg=main port=7000
time="2020-08-31T07:41:22+06:00" level=info msg=INIT_DB message="connected to Postgres..." ok=true
time="2020-08-31T07:41:23+06:00" level=info msg=main port=7000
time="2020-08-31T07:41:28+06:00" level=info msg="Finance_table_get 2" error= host="[::1]:42378" path=/v1/projects_make_changes/finance status=200
time="2020-08-31T07:41:41+06:00" level=info msg=Finresult_table_get error="record not found" host="[::1]:42378" path=/v1/projects_make_changes/finresult status=400
time="2020-08-31T07:55:28+06:00" level=info msg=Finresult_table_get error="record not found" host="[::1]:42378" path=/v1/projects_make_changes/finresult status=400
time="2020-08-31T07:55:36+06:00" level=info msg=INIT_DB message="connected to Postgres..." ok=true
time="2020-08-31T07:55:37+06:00" level=info msg=main port=7000
time="2020-08-31T07:55:49+06:00" level=info msg=Finresult_table_get error= host="[::1]:42490" path=/v1/projects_make_changes/finresult status=200
time="2020-08-31T07:57:12+06:00" level=info msg=INIT_DB message="connected to Postgres..." ok=true
time="2020-08-31T07:57:12+06:00" level=info msg=main port=7000
time="2020-08-31T07:57:15+06:00" level=info msg=Finresult_table_get error= host="[::1]:42530" path=/v1/projects_make_changes/finresult status=200
time="2020-08-31T07:58:51+06:00" level=info msg=INIT_DB message="connected to Postgres..." ok=true
time="2020-08-31T07:58:51+06:00" level=info msg=main port=7000
time="2020-08-31T07:59:55+06:00" level=info msg=Finresult_and_project_evaluation_table error= host="[::1]:42570" path=/v1/projects_make_changes/finresult status=200
time="2020-08-31T08:00:13+06:00" level=info msg=Finresult_table_get error= host="[::1]:42570" path=/v1/projects_make_changes/finresult status=200
time="2020-08-31T08:02:32+06:00" level=info msg=INIT_DB message="connected to Postgres..." ok=true
time="2020-08-31T08:02:33+06:00" level=info msg=main port=7000
time="2020-08-31T08:08:03+06:00" level=info msg=INIT_DB message="connected to Postgres..." ok=true
time="2020-08-31T08:08:03+06:00" level=info msg=main port=7000
time="2020-08-31T08:08:12+06:00" level=info msg=Finresult_and_project_evaluation_table error="pq: duplicate key value violates unique constraint \"finresults_pkey\"" host="[::1]:42676" path=/v1/projects_make_changes/finresult status=400
time="2020-08-31T11:42:51+06:00" level=info msg=INIT_DB message="connected to Postgres..." ok=true
time="2020-08-31T11:42:51+06:00" level=info msg=main port=7000
time="2020-08-31T12:16:56+06:00" level=info msg=Finresult_and_project_evaluation_table error="pq: duplicate key value violates unique constraint \"finresults_pkey\"" host="[::1]:42890" path=/v1/projects_make_changes/finresult status=400
time="2020-08-31T12:37:24+06:00" level=info msg=INIT_DB message="connected to Postgres..." ok=true
time="2020-08-31T12:37:24+06:00" level=info msg=main port=7000
time="2020-08-31T12:38:23+06:00" level=info msg="Finance_table_get 1" error= host="[::1]:43020" path=/v1/projects_make_changes/finance status=200
time="2020-08-31T12:42:07+06:00" level=info msg=INIT_DB message="connected to Postgres..." ok=true
time="2020-08-31T12:42:07+06:00" level=info msg=main port=7000
time="2020-08-31T12:42:23+06:00" level=info error= host="[::1]:43068" path=/v1/projects_make_changes/finance status=200
time="2020-08-31T12:42:29+06:00" level=info msg="Finance_table_get 1" error= host="[::1]:43068" path=/v1/projects_make_changes/finance status=200
time="2020-08-31T12:54:39+06:00" level=info msg=INIT_DB message="connected to Postgres..." ok=true
time="2020-08-31T12:54:40+06:00" level=info msg=main port=7000
time="2020-08-31T12:54:48+06:00" level=info msg="Finance_table_get 1" error= host="[::1]:43344" path=/v1/projects_make_changes/finance status=200
time="2020-08-31T12:57:14+06:00" level=info msg=INIT_DB message="connected to Postgres..." ok=true
time="2020-08-31T12:57:14+06:00" level=info msg=main port=7000
time="2020-08-31T12:57:19+06:00" level=info msg=INIT_DB message="connected to Postgres..." ok=true
time="2020-08-31T12:57:20+06:00" level=info msg=main port=7000
time="2020-08-31T12:57:29+06:00" level=info msg="User_project_get_all 1" error= host="[::1]:43380" path=/v1/projects_see_own/project status=200
time="2020-08-31T12:58:19+06:00" level=info msg=GET_FILE message="closing the file..." ok=true
time="2020-08-31T12:58:19+06:00" level=info msg=fn_rotate_log_files message="finishing the rotate fr goroutine" ok=true
time="2020-08-31T12:58:21+06:00" level=info msg=INIT_DB message="connected to Postgres..." ok=true
time="2020-08-31T12:58:22+06:00" level=info msg=main port=7000
time="2020-08-31T12:58:23+06:00" level=info msg="User_project_get_all 1" error= host="[::1]:43388" path=/v1/projects_see_own/project status=200
time="2020-08-31T13:04:38+06:00" level=info msg=GET_FILE message="closing the file..." ok=true
time="2020-08-31T13:04:38+06:00" level=info msg=fn_rotate_log_files message="finishing the rotate fr goroutine" ok=true
time="2020-08-31T13:37:49+06:00" level=info msg=INIT_DB message="connected to Postgres..." ok=true
time="2020-08-31T13:37:49+06:00" level=info msg=main port=7000
time="2020-08-31T13:48:32+06:00" level=info msg=INIT_DB message="connected to Postgres..." ok=true
time="2020-08-31T13:48:32+06:00" level=info msg=main port=7000
time="2020-08-31T13:48:59+06:00" level=info error="pq: duplicate key value violates unique constraint \"finances_pkey\"" host="[::1]:43582" path=/v1/projects_make_changes/finance status=417
time="2020-08-31T13:49:37+06:00" level=info msg=INIT_DB message="connected to Postgres..." ok=true
time="2020-08-31T13:49:37+06:00" level=info msg=main port=7000
time="2020-08-31T13:49:46+06:00" level=info error= host="[::1]:43638" path=/v1/projects_make_changes/finance status=200
time="2020-08-31T13:49:58+06:00" level=info msg="Finance_table_get 1" error= host="[::1]:43638" path=/v1/projects_make_changes/finance status=200
time="2020-08-31T13:51:01+06:00" level=info msg="Finance_table_get 1" error= host="[::1]:43638" path=/v1/projects_make_changes/finance status=200
time="2020-08-31T13:52:09+06:00" level=info msg=INIT_DB message="connected to Postgres..." ok=true
time="2020-08-31T13:52:09+06:00" level=info msg=main port=7000
time="2020-08-31T13:52:22+06:00" level=info msg="Finance_table_get 1" error= host="[::1]:43702" path=/v1/projects_make_changes/finance status=200
time="2020-08-31T13:53:22+06:00" level=info error="pq: duplicate key value violates unique constraint \"finances_project_id_key\"" host="[::1]:43702" path=/v1/projects_make_changes/finance status=417
time="2020-08-31T13:54:00+06:00" level=info error="pq: duplicate key value violates unique constraint \"finances_project_id_key\"" host="[::1]:43702" path=/v1/projects_make_changes/finance status=417
time="2020-08-31T13:54:06+06:00" level=info msg=INIT_DB message="connected to Postgres..." ok=true
time="2020-08-31T13:54:06+06:00" level=info msg=main port=7000
time="2020-08-31T13:54:23+06:00" level=info error= host="[::1]:43738" path=/v1/projects_make_changes/finance status=200
time="2020-08-31T13:54:30+06:00" level=info msg="Finance_table_get 1" error= host="[::1]:43738" path=/v1/projects_make_changes/finance status=200
time="2020-08-31T13:55:18+06:00" level=info msg=INIT_DB message="connected to Postgres..." ok=true
time="2020-08-31T13:55:18+06:00" level=info msg=main port=7000
time="2020-08-31T13:55:42+06:00" level=info msg="Finance_table_get 1" error= host="[::1]:43776" path=/v1/projects_make_changes/finance status=200
time="2020-08-31T15:18:10+06:00" level=info msg=INIT_DB message="connected to Postgres..." ok=true
time="2020-08-31T15:18:10+06:00" level=info msg=main port=7000
time="2020-08-31T15:18:15+06:00" level=info msg="Finance_table 1" error="invalid character '}' looking for beginning of object key string" host="[::1]:43920" path=/v1/projects_make_changes/finance status=400
time="2020-08-31T15:20:24+06:00" level=info error= host="[::1]:43920" path=/v1/projects_make_changes/finance status=200
time="2020-08-31T15:25:12+06:00" level=info msg=INIT_DB message="connected to Postgres..." ok=true
time="2020-08-31T15:25:13+06:00" level=info msg=main port=7000
time="2020-08-31T15:25:23+06:00" level=info error= host="[::1]:43998" path=/v1/projects_make_changes/finance status=200
time="2020-08-31T15:27:48+06:00" level=info msg="Finance_table_get 1" error= host="[::1]:43998" path=/v1/projects_make_changes/finance status=200
time="2020-08-31T15:55:51+06:00" level=info msg=INIT_DB message="connected to Postgres..." ok=true
time="2020-08-31T15:55:51+06:00" level=info msg=main port=7000
time="2020-08-31T15:56:11+06:00" level=info error= host="[::1]:44380" path=/v1/projects_make_changes/finance status=200
time="2020-08-31T15:57:53+06:00" level=info msg=INIT_DB message="connected to Postgres..." ok=true
time="2020-08-31T15:57:54+06:00" level=info msg=main port=7000
time="2020-08-31T15:57:59+06:00" level=info error= host="[::1]:44420" path=/v1/projects_make_changes/finance status=200
time="2020-08-31T15:58:52+06:00" level=info msg=INIT_DB message="connected to Postgres..." ok=true
time="2020-08-31T15:58:53+06:00" level=info msg=main port=7000
time="2020-08-31T15:59:10+06:00" level=info msg=INIT_DB message="connected to Postgres..." ok=true
time="2020-08-31T15:59:11+06:00" level=info msg=main port=7000
time="2020-08-31T15:59:20+06:00" level=info msg=INIT_DB message="connected to Postgres..." ok=true
time="2020-08-31T15:59:20+06:00" level=info msg=main port=7000
time="2020-08-31T16:00:12+06:00" level=info error= host="[::1]:44484" path=/v1/projects_make_changes/finance status=200
time="2020-08-31T16:00:23+06:00" level=info msg="Finance_table_get 1" error= host="[::1]:44484" path=/v1/projects_make_changes/finance status=200
time="2020-08-31T16:03:50+06:00" level=info error= host="[::1]:44484" path=/v1/projects_make_changes/finance status=200
time="2020-08-31T16:03:56+06:00" level=info msg=INIT_DB message="connected to Postgres..." ok=true
time="2020-08-31T16:03:57+06:00" level=info msg=main port=7000
time="2020-08-31T16:04:02+06:00" level=info error= host="[::1]:44538" path=/v1/projects_make_changes/finance status=200
time="2020-08-31T16:04:09+06:00" level=info msg="Finance_table_get 1" error= host="[::1]:44538" path=/v1/projects_make_changes/finance status=200
time="2020-08-31T16:07:15+06:00" level=info msg=Finresult_table_get error= host="[::1]:44538" path=/v1/projects_make_changes/finresult status=200
time="2020-08-31T16:34:53+06:00" level=info msg=INIT_DB message="connected to Postgres..." ok=true
time="2020-08-31T16:34:54+06:00" level=info msg=main port=7000
time="2020-08-31T16:35:08+06:00" level=info msg="Finresult_table_get 1" error="project id is 0" host="[::1]:44778" path=/v1/projects_make_changes/finresult status=400
time="2020-08-31T16:35:25+06:00" level=info msg="Finresult_table_get 1" error="project id is 0" host="[::1]:44778" path=/v1/projects_make_changes/finresult status=400
time="2020-08-31T16:36:09+06:00" level=info msg=GET_FILE message="closing the file..." ok=true
time="2020-08-31T16:36:09+06:00" level=info msg=fn_rotate_log_files message="finishing the rotate fr goroutine" ok=true
time="2020-08-31T16:36:12+06:00" level=info msg=INIT_DB message="connected to Postgres..." ok=true
time="2020-08-31T16:36:12+06:00" level=info msg=main port=7000
time="2020-08-31T16:36:41+06:00" level=info msg=INIT_DB message="connected to Postgres..." ok=true
time="2020-08-31T16:36:41+06:00" level=info msg=main port=7000
time="2020-08-31T16:37:11+06:00" level=info msg="Finresult_table_get 1" error= host="[::1]:44818" path=/v1/projects_make_changes/finresult status=200
time="2020-08-31T16:39:05+06:00" level=info error= host="[::1]:44818" path=/v1/projects_make_changes/finresult status=200
time="2020-08-31T16:39:16+06:00" level=info msg="Finresult_table_get 1" error= host="[::1]:44818" path=/v1/projects_make_changes/finresult status=200
time="2020-08-31T17:07:55+06:00" level=info error= host="[::1]:44818" path=/v1/projects_make_changes/finresult status=200
time="2020-08-31T17:09:01+06:00" level=info error= host="[::1]:44818" path=/v1/projects_make_changes/finresult status=200
time="2020-08-31T17:09:16+06:00" level=info msg="Finresult_table_get 1" error= host="[::1]:44818" path=/v1/projects_make_changes/finresult status=200
time="2020-08-31T17:54:11+06:00" level=info msg="check_whether_user_has_such_permission 2" error="user has not got such permission or invalid parameters have been provided" host="[::1]:44818" path=/v1/projects_see_all/project status=424
time="2020-08-31T17:54:29+06:00" level=info msg="check_whether_user_has_such_permission 2" error="user has not got such permission or invalid parameters have been provided" host="[::1]:44818" path=/v1/projects_see_all/project status=424
time="2020-08-31T17:54:31+06:00" level=info msg="check_whether_user_has_such_permission 2" error="user has not got such permission or invalid parameters have been provided" host="[::1]:44818" path=/v1/projects_see_all/project status=424
time="2020-08-31T17:54:32+06:00" level=info msg="check_whether_user_has_such_permission 2" error="user has not got such permission or invalid parameters have been provided" host="[::1]:44818" path=/v1/projects_see_all/project status=424
time="2020-08-31T17:56:55+06:00" level=info msg="Sign_in 3" error= host="[::1]:44818" path=/v1/all/signin status=200
time="2020-08-31T17:57:16+06:00" level=info msg="User_project_get_all 1" error= host="[::1]:44818" path=/v1/projects_see_all/project status=200
time="2020-08-31T18:16:06+06:00" level=info msg=INIT_DB message="connected to Postgres..." ok=true
time="2020-08-31T18:16:06+06:00" level=info msg=main port=7000
time="2020-08-31T18:18:47+06:00" level=info msg="check_whether_user_has_such_permission 2" error="user has not got such permission or invalid parameters have been provided" host="[::1]:45690" path=/v1/administrate/project status=424
time="2020-08-31T18:19:07+06:00" level=info msg="Remove_user_from_project 2" error= host="[::1]:45690" path=/v1/administrate/project status=200
time="2020-08-31T18:20:11+06:00" level=info msg="Remove_user_from_project 2" error= host="[::1]:45690" path=/v1/administrate/project status=200
time="2020-08-31T18:20:26+06:00" level=info msg="Remove_user_from_project 2" error= host="[::1]:45690" path=/v1/administrate/project status=200
time="2020-08-31T18:20:41+06:00" level=info msg="Remove_user_from_project 2" error= host="[::1]:45690" path=/v1/administrate/project status=200
time="2020-08-31T18:21:38+06:00" level=info msg=INIT_DB message="connected to Postgres..." ok=true
time="2020-08-31T18:21:38+06:00" level=info msg=main port=7000
time="2020-08-31T18:22:56+06:00" level=info msg=INIT_DB message="connected to Postgres..." ok=true
time="2020-08-31T18:22:57+06:00" level=info msg=main port=7000
time="2020-08-31T18:22:57+06:00" level=info msg="Remove_user_from_project 2" error="pq: zero-length delimited identifier at or near \"\"\"\"" host="[::1]:45746" path=/v1/administrate/project status=400
time="2020-08-31T18:23:01+06:00" level=info msg="Remove_user_from_project 2" error="pq: zero-length delimited identifier at or near \"\"\"\"" host="[::1]:45746" path=/v1/administrate/project status=400
time="2020-08-31T18:23:16+06:00" level=info msg=GET_FILE message="closing the file..." ok=true
time="2020-08-31T18:23:16+06:00" level=info msg=fn_rotate_log_files message="finishing the rotate fr goroutine" ok=true
time="2020-08-31T18:23:19+06:00" level=info msg=INIT_DB message="connected to Postgres..." ok=true
time="2020-08-31T18:23:19+06:00" level=info msg=main port=7000
time="2020-08-31T18:23:28+06:00" level=info msg=GET_FILE message="closing the file..." ok=true
time="2020-08-31T18:23:28+06:00" level=info msg=fn_rotate_log_files message="finishing the rotate fr goroutine" ok=true
time="2020-08-31T18:23:31+06:00" level=info msg=INIT_DB message="connected to Postgres..." ok=true
time="2020-08-31T18:23:31+06:00" level=info msg=main port=7000
time="2020-08-31T18:23:32+06:00" level=info msg="Remove_user_from_project 2" error= host="[::1]:45770" path=/v1/administrate/project status=200
time="2020-08-31T18:23:45+06:00" level=info msg="Remove_user_from_project 2" error= host="[::1]:45770" path=/v1/administrate/project status=200
time="2020-08-31T18:24:35+06:00" level=info msg=GET_FILE message="closing the file..." ok=true
time="2020-08-31T18:24:35+06:00" level=info msg=fn_rotate_log_files message="finishing the rotate fr goroutine" ok=true
time="2020-08-31T18:24:37+06:00" level=info msg=INIT_DB message="connected to Postgres..." ok=true
time="2020-08-31T18:24:38+06:00" level=info msg=main port=7000
time="2020-08-31T18:24:48+06:00" level=info msg="Remove_user_from_project 2" error= host="[::1]:45900" path=/v1/administrate/project status=200
time="2020-08-31T18:25:04+06:00" level=info msg="Remove_user_from_project 2" error= host="[::1]:45900" path=/v1/administrate/project status=200
time="2020-08-31T18:25:39+06:00" level=info msg=INIT_DB message="connected to Postgres..." ok=true
time="2020-08-31T18:25:40+06:00" level=info msg=main port=7000
time="2020-08-31T18:26:06+06:00" level=info msg=INIT_DB message="connected to Postgres..." ok=true
time="2020-08-31T18:26:06+06:00" level=info msg=main port=7000
time="2020-08-31T18:26:17+06:00" level=info msg="Remove_user_from_project 2" error="cannot delete default users" host="[::1]:45938" path=/v1/administrate/project status=400
time="2020-08-31T18:27:07+06:00" level=info msg="Sign_in 3" error= host="[::1]:45938" path=/v1/all/signin status=200
time="2020-08-31T18:27:18+06:00" level=info msg="User_project_get_all 1" error= host="[::1]:45938" path=/v1/projects_see_own/project status=200
time="2020-08-31T18:33:16+06:00" level=info msg=INIT_DB message="connected to Postgres..." ok=true
time="2020-08-31T18:33:16+06:00" level=info msg=main port=7000
time="2020-08-31T18:33:18+06:00" level=info msg="JWT_TOKEN 1" error="could not be split correctly" host="[::1]:46006" path=/v1/all/organization status=421
time="2020-08-31T18:35:20+06:00" level=info msg=INIT_DB message="connected to Postgres..." ok=true
time="2020-08-31T18:35:20+06:00" level=info msg=main port=7000
time="2020-08-31T18:35:33+06:00" level=info msg="Get_organization_info_by_bin 1" error="invalid parameters. invalid bin number" host="[::1]:46030" path=/v1/all/organization status=400
time="2020-08-31T18:35:57+06:00" level=info error= host="[::1]:46030" path=/v1/all/organization status=201
time="2020-08-31T18:38:01+06:00" level=info error= host="[::1]:46030" path=/v1/all/organization status=200
time="2020-08-31T18:38:43+06:00" level=info error= host="[::1]:46030" path=/v1/all/organization status=200
