time="2020-09-11T00:10:00+06:00" level=info msg=INIT_DB message="connected to Postgres..." ok=true
time="2020-09-11T00:10:00+06:00" level=info msg=main port=7000
time="2020-09-11T00:10:13+06:00" level=info msg=INIT_DB message="connected to Postgres..." ok=true
time="2020-09-11T00:11:03+06:00" level=info msg=INIT_DB message="connected to Postgres..." ok=true
time="2020-09-11T00:11:04+06:00" level=info msg=main port=7000
time="2020-09-11T07:21:26+06:00" level=info msg=INIT_DB message="connected to Postgres..." ok=true
time="2020-09-11T07:21:26+06:00" level=info msg=main port=7000
time="2020-09-11T07:26:53+06:00" level=info msg=INIT_DB message="connected to Postgres..." ok=true
time="2020-09-11T07:26:53+06:00" level=info msg=main port=7000
time="2020-09-11T07:30:46+06:00" level=info msg=INIT_DB message="connected to Postgres..." ok=true
time="2020-09-11T07:30:46+06:00" level=info msg=main port=7000
time="2020-09-11T07:34:19+06:00" level=info msg=INIT_DB message="connected to Postgres..." ok=true
time="2020-09-11T07:34:20+06:00" level=info msg=main port=7000
time="2020-09-11T07:36:41+06:00" level=info msg=INIT_DB message="connected to Postgres..." ok=true
time="2020-09-11T07:36:41+06:00" level=info msg=main port=7000
time="2020-09-11T07:37:08+06:00" level=info msg=INIT_DB message="connected to Postgres..." ok=true
time="2020-09-11T07:37:09+06:00" level=info msg=main port=7000
time="2020-09-11T07:42:44+06:00" level=info msg=INIT_DB message="connected to Postgres..." ok=true
time="2020-09-11T07:42:44+06:00" level=info msg=main port=7000
time="2020-09-11T13:34:54+06:00" level=info error= host="[::1]:43804" path=/v1/administrate/user status=200
time="2020-09-11T13:41:49+06:00" level=info msg=INIT_DB message="connected to Postgres..." ok=true
time="2020-09-11T13:41:50+06:00" level=info msg=main port=7000
time="2020-09-11T13:42:41+06:00" level=info msg=INIT_DB message="connected to Postgres..." ok=true
time="2020-09-11T13:42:41+06:00" level=info msg=main port=7000
time="2020-09-11T13:43:10+06:00" level=info msg=INIT_DB message="connected to Postgres..." ok=true
time="2020-09-11T13:43:10+06:00" level=info msg=main port=7000
time="2020-09-11T13:48:47+06:00" level=info msg=INIT_DB message="connected to Postgres..." ok=true
time="2020-09-11T13:48:48+06:00" level=info msg=main port=7000
time="2020-09-11T13:55:04+06:00" level=info msg=INIT_DB message="connected to Postgres..." ok=true
time="2020-09-11T13:55:04+06:00" level=info msg=main port=7000
time="2020-09-11T13:56:26+06:00" level=info msg=INIT_DB message="connected to Postgres..." ok=true
time="2020-09-11T13:56:27+06:00" level=info msg=main port=7000
time="2020-09-11T13:58:27+06:00" level=info msg=INIT_DB message="connected to Postgres..." ok=true
time="2020-09-11T13:58:28+06:00" level=info msg=main port=7000
time="2020-09-11T13:58:48+06:00" level=info msg=INIT_DB message="connected to Postgres..." ok=true
time="2020-09-11T13:58:49+06:00" level=info msg=main port=7000
time="2020-09-11T13:59:22+06:00" level=info msg=INIT_DB message="connected to Postgres..." ok=true
time="2020-09-11T13:59:23+06:00" level=info msg=main port=7000
time="2020-09-11T14:00:06+06:00" level=info msg=INIT_DB message="connected to Postgres..." ok=true
time="2020-09-11T14:00:06+06:00" level=info msg=main port=7000
time="2020-09-11T14:00:46+06:00" level=info msg=INIT_DB message="connected to Postgres..." ok=true
time="2020-09-11T14:00:47+06:00" level=info msg=main port=7000
time="2020-09-11T14:01:20+06:00" level=info msg=INIT_DB message="connected to Postgres..." ok=true
time="2020-09-11T14:01:21+06:00" level=info msg=main port=7000
time="2020-09-11T14:15:59+06:00" level=info msg=INIT_DB message="connected to Postgres..." ok=true
time="2020-09-11T14:16:00+06:00" level=info msg=main port=7000
time="2020-09-11T14:16:35+06:00" level=info msg=INIT_DB message="connected to Postgres..." ok=true
time="2020-09-11T14:16:35+06:00" level=info msg=main port=7000
time="2020-09-11T14:21:13+06:00" level=info msg=INIT_DB message="connected to Postgres..." ok=true
time="2020-09-11T14:21:13+06:00" level=info msg=main port=7000
time="2020-09-11T14:21:56+06:00" level=info msg=INIT_DB message="connected to Postgres..." ok=true
time="2020-09-11T14:21:56+06:00" level=info msg=main port=7000
time="2020-09-11T14:23:33+06:00" level=info msg=INIT_DB message="connected to Postgres..." ok=true
time="2020-09-11T14:23:34+06:00" level=info msg=main port=7000
time="2020-09-11T14:25:10+06:00" level=info msg=INIT_DB message="connected to Postgres..." ok=true
time="2020-09-11T14:25:10+06:00" level=info msg=main port=7000
time="2020-09-11T14:25:28+06:00" level=info msg=INIT_DB message="connected to Postgres..." ok=true
time="2020-09-11T14:25:29+06:00" level=info msg=main port=7000
time="2020-09-11T14:26:12+06:00" level=info msg=INIT_DB message="connected to Postgres..." ok=true
time="2020-09-11T14:26:13+06:00" level=info msg=main port=7000
time="2020-09-11T14:26:29+06:00" level=info msg=INIT_DB message="connected to Postgres..." ok=true
time="2020-09-11T14:26:29+06:00" level=info msg=main port=7000
time="2020-09-11T14:30:52+06:00" level=info msg=GET_FILE message="closing the file..." ok=true
time="2020-09-11T14:30:52+06:00" level=info msg=fn_rotate_log_files message="finishing the rotate fr goroutine" ok=true
time="2020-09-11T14:30:55+06:00" level=info msg=INIT_DB message="connected to Postgres..." ok=true
time="2020-09-11T14:30:56+06:00" level=info msg=main port=7000
time="2020-09-11T14:30:59+06:00" level=info error= host="[::1]:44832" path=/v1/administrate/user status=200
time="2020-09-11T14:31:21+06:00" level=info msg=GET_FILE message="closing the file..." ok=true
time="2020-09-11T14:31:21+06:00" level=info msg=fn_rotate_log_files message="finishing the rotate fr goroutine" ok=true
time="2020-09-11T14:31:24+06:00" level=info msg=INIT_DB message="connected to Postgres..." ok=true
time="2020-09-11T14:31:25+06:00" level=info msg=main port=7000
time="2020-09-11T14:31:25+06:00" level=info error= host="[::1]:44840" path=/v1/administrate/user status=200
time="2020-09-11T14:31:58+06:00" level=info msg=GET_FILE message="closing the file..." ok=true
time="2020-09-11T14:31:58+06:00" level=info msg=fn_rotate_log_files message="finishing the rotate fr goroutine" ok=true
time="2020-09-11T14:32:00+06:00" level=info msg=INIT_DB message="connected to Postgres..." ok=true
time="2020-09-11T14:32:01+06:00" level=info msg=main port=7000
time="2020-09-11T14:32:03+06:00" level=info error= host="[::1]:44854" path=/v1/administrate/user status=200
time="2020-09-11T14:32:50+06:00" level=info msg=GET_FILE message="closing the file..." ok=true
time="2020-09-11T14:32:50+06:00" level=info msg=fn_rotate_log_files message="finishing the rotate fr goroutine" ok=true
time="2020-09-11T14:32:53+06:00" level=info msg=INIT_DB message="connected to Postgres..." ok=true
time="2020-09-11T14:32:53+06:00" level=info msg=main port=7000
time="2020-09-11T14:32:55+06:00" level=info error= host="[::1]:44868" path=/v1/administrate/user status=200
time="2020-09-11T14:33:41+06:00" level=info msg=GET_FILE message="closing the file..." ok=true
time="2020-09-11T14:33:41+06:00" level=info msg=fn_rotate_log_files message="finishing the rotate fr goroutine" ok=true
time="2020-09-11T14:33:44+06:00" level=info msg=INIT_DB message="connected to Postgres..." ok=true
time="2020-09-11T14:33:45+06:00" level=info msg=main port=7000
time="2020-09-11T14:33:45+06:00" level=info error= host="[::1]:44888" path=/v1/administrate/user status=200
time="2020-09-11T14:34:57+06:00" level=info error= host="[::1]:44888" path=/v1/administrate/user status=200
time="2020-09-11T14:38:33+06:00" level=info msg=GET_FILE message="closing the file..." ok=true
time="2020-09-11T14:38:33+06:00" level=info msg=fn_rotate_log_files message="finishing the rotate fr goroutine" ok=true
time="2020-09-11T14:38:36+06:00" level=info msg=INIT_DB message="connected to Postgres..." ok=true
time="2020-09-11T14:38:37+06:00" level=info msg=main port=7000
time="2020-09-11T14:41:04+06:00" level=info msg=GET_FILE message="closing the file..." ok=true
time="2020-09-11T14:41:04+06:00" level=info msg=fn_rotate_log_files message="finishing the rotate fr goroutine" ok=true
time="2020-09-11T14:42:09+06:00" level=info msg=INIT_DB message="connected to Postgres..." ok=true
time="2020-09-11T14:42:09+06:00" level=info msg=main port=7000
time="2020-09-11T14:42:21+06:00" level=info msg=Categors_create_read_update_delete error= host="[::1]:45074" path=/v1/all/categor status=200
time="2020-09-11T14:42:28+06:00" level=info msg=Categors_create_read_update_delete error= host="[::1]:45074" path=/v1/administrate/categor status=200
time="2020-09-11T14:42:38+06:00" level=info msg=Categors_create_read_update_delete error= host="[::1]:45074" path=/v1/administrate/categor status=200
time="2020-09-11T14:42:41+06:00" level=info msg=Categors_create_read_update_delete error= host="[::1]:45074" path=/v1/all/categor status=200
time="2020-09-11T14:45:41+06:00" level=info msg=GET_FILE message="closing the file..." ok=true
time="2020-09-11T14:45:41+06:00" level=info msg=fn_rotate_log_files message="finishing the rotate fr goroutine" ok=true
time="2020-09-11T14:45:44+06:00" level=info msg=INIT_DB message="connected to Postgres..." ok=true
time="2020-09-11T14:45:46+06:00" level=info msg=INIT_DB message="connected to Postgres..." ok=true
time="2020-09-11T14:45:46+06:00" level=info msg=main port=7000
time="2020-09-11T14:45:49+06:00" level=info msg=GET_FILE message="closing the file..." ok=true
time="2020-09-11T14:45:49+06:00" level=info msg=fn_rotate_log_files message="finishing the rotate fr goroutine" ok=true
time="2020-09-11T14:45:51+06:00" level=info msg=INIT_DB message="connected to Postgres..." ok=true
time="2020-09-11T14:45:52+06:00" level=info msg=main port=7000
time="2020-09-11T14:46:17+06:00" level=info msg=INIT_DB message="connected to Postgres..." ok=true
time="2020-09-11T14:46:17+06:00" level=info msg=main port=7000
time="2020-09-11T14:46:24+06:00" level=info msg=Categors_create_read_update_delete error="pq: duplicate key value violates unique constraint \"categors_name_key\"" host="[::1]:45138" path=/v1/administrate/categor status=400
time="2020-09-11T14:46:44+06:00" level=info msg=Categors_create_read_update_delete error= host="[::1]:45138" path=/v1/administrate/categor status=200
time="2020-09-11T14:46:59+06:00" level=info msg=Categors_create_read_update_delete error= host="[::1]:45138" path=/v1/all/categor status=200
time="2020-09-11T14:47:39+06:00" level=info msg=Categors_create_read_update_delete error= host="[::1]:45138" path=/v1/administrate/categor status=200
time="2020-09-11T14:48:24+06:00" level=info msg=Categors_create_read_update_delete error= host="[::1]:45138" path=/v1/administrate/categor status=200
time="2020-09-11T14:48:31+06:00" level=info msg=Categors_create_read_update_delete error= host="[::1]:45138" path=/v1/all/categor status=200
time="2020-09-11T14:49:30+06:00" level=info msg=INIT_DB message="connected to Postgres..." ok=true
time="2020-09-11T14:49:31+06:00" level=info msg=main port=7000
time="2020-09-11T14:49:45+06:00" level=info msg=Categors_create_read_update_delete error= host="[::1]:45180" path=/v1/administrate/categor status=200
time="2020-09-11T14:49:50+06:00" level=info msg=Categors_create_read_update_delete error= host="[::1]:45180" path=/v1/all/categor status=200
time="2020-09-11T14:50:26+06:00" level=info msg=INIT_DB message="connected to Postgres..." ok=true
time="2020-09-11T14:50:26+06:00" level=info msg=main port=7000
time="2020-09-11T14:50:43+06:00" level=info msg=Categors_create_read_update_delete error= host="[::1]:45200" path=/v1/administrate/categor status=200
time="2020-09-11T14:51:26+06:00" level=info msg=Categors_create_read_update_delete error= host="[::1]:45200" path=/v1/administrate/categor status=200
time="2020-09-11T14:51:42+06:00" level=info msg=Categors_create_read_update_delete error= host="[::1]:45200" path=/v1/all/categor status=200
time="2020-09-11T15:37:00+06:00" level=info msg=INIT_DB message="connected to Postgres..." ok=true
time="2020-09-11T15:37:00+06:00" level=info msg=main port=7000
time="2020-09-11T15:38:09+06:00" level=info msg=Create_project error="pq: duplicate key value violates unique constraint \"categors_name_key\"; pq: current transaction is aborted, commands ignored until end of transaction block" host="[::1]:45556" path=/v1/projects_make_changes/project status=409
time="2020-09-11T15:38:37+06:00" level=info msg=GET_FILE message="closing the file..." ok=true
time="2020-09-11T15:38:37+06:00" level=info msg=fn_rotate_log_files message="finishing the rotate fr goroutine" ok=true
time="2020-09-11T15:38:40+06:00" level=info msg=INIT_DB message="connected to Postgres..." ok=true
time="2020-09-11T15:38:40+06:00" level=info msg=main port=7000
time="2020-09-11T15:38:45+06:00" level=info msg=Create_project error= host="[::1]:45570" path=/v1/projects_make_changes/project status=200
time="2020-09-11T15:39:26+06:00" level=info msg=GET_FILE message="closing the file..." ok=true
time="2020-09-11T15:39:26+06:00" level=info msg=fn_rotate_log_files message="finishing the rotate fr goroutine" ok=true
time="2020-09-11T15:39:29+06:00" level=info msg=INIT_DB message="connected to Postgres..." ok=true
time="2020-09-11T15:39:29+06:00" level=info msg=main port=7000
time="2020-09-11T15:39:35+06:00" level=info msg=Create_project error="pq: duplicate key value violates unique constraint \"projects_name_key\"" host="[::1]:45584" path=/v1/projects_make_changes/project status=409
time="2020-09-11T15:39:55+06:00" level=info msg=Create_project error= host="[::1]:45584" path=/v1/projects_make_changes/project status=200
time="2020-09-11T15:42:07+06:00" level=info msg=Create_project error= host="[::1]:45584" path=/v1/projects_make_changes/project status=200
time="2020-09-11T15:43:41+06:00" level=info msg=GET_FILE message="closing the file..." ok=true
time="2020-09-11T15:43:41+06:00" level=info msg=fn_rotate_log_files message="finishing the rotate fr goroutine" ok=true
time="2020-09-11T15:47:13+06:00" level=info msg=INIT_DB message="connected to Postgres..." ok=true
time="2020-09-11T15:47:14+06:00" level=info msg=main port=7000
time="2020-09-11T15:47:27+06:00" level=info msg="User_project_get_all 1" error= host="[::1]:45656" path=/v1/projects_see_all/project status=200
time="2020-09-11T15:50:18+06:00" level=info error= host="[::1]:45656" path=/v1/administrate/role status=200
time="2020-09-11T15:56:07+06:00" level=info error= host="[::1]:45656" path=/v1/administrate/role status=200
time="2020-09-11T15:56:22+06:00" level=info error= host="[::1]:45656" path=/v1/administrate/role status=200
time="2020-09-11T15:56:30+06:00" level=info error= host="[::1]:45656" path=/v1/administrate/role status=200
time="2020-09-11T15:57:09+06:00" level=info error= host="[::1]:45656" path=/v1/administrate/role status=200
time="2020-09-11T15:57:15+06:00" level=info error= host="[::1]:45656" path=/v1/administrate/role status=200
time="2020-09-11T16:01:07+06:00" level=info msg="JWT_TOKEN 1" error="could not be split correctly" host="[::1]:45656" path=/v1/administrate/ganta status=421
time="2020-09-11T16:01:25+06:00" level=info msg="Sign_in 3" error= host="[::1]:45656" path=/v1/all/signin status=200
time="2020-09-11T16:01:34+06:00" level=info msg=Ganta_get_all_steps_by_project_id error= host="[::1]:45656" path=/v1/administrate/ganta status=200
time="2020-09-11T18:23:27+06:00" level=info msg=GET_FILE message="closing the file..." ok=true
time="2020-09-11T18:23:27+06:00" level=info msg=fn_rotate_log_files message="finishing the rotate fr goroutine" ok=true
time="2020-09-11T18:30:56+06:00" level=info msg=INIT_DB message="connected to Postgres..." ok=true
time="2020-09-11T18:30:56+06:00" level=info msg=main port=7000
time="2020-09-11T18:47:17+06:00" level=info msg=GET_FILE message="closing the file..." ok=true
time="2020-09-11T18:47:17+06:00" level=info msg=fn_rotate_log_files message="finishing the rotate fr goroutine" ok=true
time="2020-09-11T18:47:20+06:00" level=info msg=INIT_DB message="connected to Postgres..." ok=true
time="2020-09-11T18:47:21+06:00" level=info msg=main port=7000
time="2020-09-11T18:47:23+06:00" level=info msg=GET_FILE message="closing the file..." ok=true
time="2020-09-11T18:47:23+06:00" level=info msg=fn_rotate_log_files message="finishing the rotate fr goroutine" ok=true
time="2020-09-11T19:14:54+06:00" level=info msg=INIT_DB message="connected to Postgres..." ok=true
time="2020-09-11T19:14:55+06:00" level=info msg=main port=7000
time="2020-09-11T19:14:56+06:00" level=info msg=GET_FILE message="closing the file..." ok=true
time="2020-09-11T19:14:56+06:00" level=info msg=fn_rotate_log_files message="finishing the rotate fr goroutine" ok=true
time="2020-09-11T22:14:49+06:00" level=warning msg=INIT_DB message="dial tcp 192.168.100.41:7001: connect: network is unreachable sleeping for a while..." ok=false
time="2020-09-11T22:14:54+06:00" level=warning msg=INIT_DB message="dial tcp 192.168.100.41:7001: connect: network is unreachable sleeping for a while..." ok=false
time="2020-09-11T22:14:59+06:00" level=warning msg=INIT_DB message="dial tcp 192.168.100.41:7001: connect: network is unreachable sleeping for a while..." ok=false
time="2020-09-11T22:15:33+06:00" level=info msg=INIT_DB message="connected to Postgres..." ok=true
time="2020-09-11T22:15:33+06:00" level=info msg=main port=7000
time="2020-09-11T22:15:46+06:00" level=info error= host="[::1]:46770" path=/intest status=200
time="2020-09-11T22:24:13+06:00" level=info msg=GET_FILE message="closing the file..." ok=true
time="2020-09-11T22:24:13+06:00" level=info msg=fn_rotate_log_files message="finishing the rotate fr goroutine" ok=true
time="2020-09-11T22:24:30+06:00" level=info msg=INIT_DB message="connected to Postgres..." ok=true
time="2020-09-11T22:24:31+06:00" level=info msg=main port=7000
time="2020-09-11T22:25:30+06:00" level=info msg=Ganta_get_all_steps_by_project_id error= host="[::1]:46854" path=/v1/administrate/ganta status=200
time="2020-09-11T22:25:45+06:00" level=info msg=Ganta_get_all_steps_by_project_id error= host="[::1]:46854" path=/v1/administrate/ganta status=200
time="2020-09-11T22:27:38+06:00" level=info error="pq: relation \"gantas\" does not exist" host="[::1]:46854" path=/intest status=417
time="2020-09-11T22:27:55+06:00" level=info msg=INIT_DB message="connected to Postgres..." ok=true
time="2020-09-11T22:27:55+06:00" level=info msg=main port=7000
time="2020-09-11T22:28:16+06:00" level=info error= host="[::1]:46930" path=/intest status=200
time="2020-09-11T22:30:18+06:00" level=info msg=Ganta_get_all_steps_by_project_id error= host="[::1]:46930" path=/v1/administrate/ganta status=200
time="2020-09-11T22:32:44+06:00" level=info msg=INIT_DB message="connected to Postgres..." ok=true
time="2020-09-11T22:32:44+06:00" level=info msg=main port=7000
time="2020-09-11T22:36:41+06:00" level=info msg=Ganta_get_all_steps_by_project_id error= host="[::1]:47046" path=/v1/administrate/ganta status=200
time="2020-09-11T22:38:48+06:00" level=info msg=INIT_DB message="connected to Postgres..." ok=true
time="2020-09-11T22:38:49+06:00" level=info msg=main port=7000
time="2020-09-11T22:38:56+06:00" level=info msg=Ganta_get_all_steps_by_project_id error= host="[::1]:47074" path=/v1/administrate/ganta status=200
time="2020-09-11T23:02:07+06:00" level=info msg=INIT_DB message="connected to Postgres..." ok=true
time="2020-09-11T23:02:08+06:00" level=info msg=main port=7000
time="2020-09-11T23:03:18+06:00" level=info msg=INIT_DB message="connected to Postgres..." ok=true
time="2020-09-11T23:03:19+06:00" level=info msg=main port=7000
time="2020-09-11T23:11:19+06:00" level=info msg=INIT_DB message="connected to Postgres..." ok=true
time="2020-09-11T23:11:20+06:00" level=info msg=main port=7000
time="2020-09-11T23:24:01+06:00" level=info msg=INIT_DB message="connected to Postgres..." ok=true
time="2020-09-11T23:24:02+06:00" level=info msg=main port=7000
time="2020-09-11T23:24:58+06:00" level=info msg=INIT_DB message="connected to Postgres..." ok=true
time="2020-09-11T23:24:58+06:00" level=info msg=main port=7000
time="2020-09-11T23:26:31+06:00" level=info error= host="[::1]:47424" path=/v1/administrate/user status=201
time="2020-09-11T23:58:26+06:00" level=info msg=Ganta_get_all_steps_by_project_id error= host="[::1]:47424" path=/v1/administrate/ganta status=200
time="2020-09-11T23:59:05+06:00" level=info msg=INIT_DB message="connected to Postgres..." ok=true
time="2020-09-11T23:59:06+06:00" level=info msg=main port=7000
time="2020-09-11T23:59:16+06:00" level=info error= host="[::1]:47636" path=/intest status=200
time="2020-09-11T23:59:25+06:00" level=info msg=Ganta_get_all_steps_by_project_id error= host="[::1]:47636" path=/v1/administrate/ganta status=200
