time="2020-10-09T00:01:14+06:00" level=info msg=INIT_DB message="connected to Postgres..." ok=true
time="2020-10-09T00:01:15+06:00" level=info msg=main port=7000
time="2020-10-09T00:01:18+06:00" level=info msg=GET_FILE message="closing the file..." ok=true
time="2020-10-09T00:01:18+06:00" level=info msg=fn_rotate_log_files message="finishing the rotate fr goroutine" ok=true
time="2020-10-09T00:01:21+06:00" level=info msg=INIT_DB message="connected to Postgres..." ok=true
time="2020-10-09T00:01:22+06:00" level=info msg=main port=7000
time="2020-10-09T00:01:23+06:00" level=info msg=GET_FILE message="closing the file..." ok=true
time="2020-10-09T00:01:23+06:00" level=info msg=fn_rotate_log_files message="finishing the rotate fr goroutine" ok=true
time="2020-10-09T00:16:11+06:00" level=info msg=INIT_DB message="connected to Postgres..." ok=true
time="2020-10-09T00:16:11+06:00" level=info msg=main port=7000
time="2020-10-09T00:23:12+06:00" level=info msg=GET_FILE message="closing the file..." ok=true
time="2020-10-09T00:23:12+06:00" level=info msg=fn_rotate_log_files message="finishing the rotate fr goroutine" ok=true
time="2020-10-09T00:23:15+06:00" level=info msg=INIT_DB message="connected to Postgres..." ok=true
time="2020-10-09T00:23:16+06:00" level=info msg=main port=7000
time="2020-10-09T00:23:17+06:00" level=info msg=GET_FILE message="closing the file..." ok=true
time="2020-10-09T00:23:17+06:00" level=info msg=fn_rotate_log_files message="finishing the rotate fr goroutine" ok=true
time="2020-10-09T05:07:38+06:00" level=info msg=INIT_DB message="connected to Postgres..." ok=true
time="2020-10-09T05:07:39+06:00" level=info msg=main port=7000
time="2020-10-09T05:12:05+06:00" level=info msg="Create_project service" error= host="[::1]:36324" path=/v1/project status=200
time="2020-10-09T05:18:39+06:00" level=info msg="Project_add_document_to_project add" error= host="[::1]:36324" path=/v1/project/docs/file status=200
time="2020-10-09T05:18:43+06:00" level=info msg="Project_get_status_of_project check" error="record not found" host="[::1]:36324" path=/v1/project/status status=417
time="2020-10-09T05:18:53+06:00" level=info msg="Project_get_status_of_project proj" error= host="[::1]:36324" path=/v1/project/status status=200
time="2020-10-09T05:19:35+06:00" level=info msg="Admin_assign_user_to_project asg" error= host="[::1]:36324" path=/v1/assign status=200
time="2020-10-09T05:19:43+06:00" level=info msg="Admin_assign_user_to_project asg" error= host="[::1]:36324" path=/v1/assign status=200
time="2020-10-09T05:20:30+06:00" level=info msg="Get_all_assigned_users_to_project get" error= host="[::1]:36324" path=/v1/list/users/by_project status=200
time="2020-10-09T05:23:38+06:00" level=info msg="Ganta_shift_to_the_next_ganta_step status" error= host="[::1]:36324" path=/v1/ganta/change/status status=200
time="2020-10-09T05:38:34+06:00" level=info msg="Add_comment_to_project security" error="record not found" host="[::1]:36324" path=/v1/spk_comment status=405
time="2020-10-09T05:39:01+06:00" level=info msg="Add_comment_to_project step" error="this user is not responsible for the current step" host="[::1]:36324" path=/v1/spk_comment status=405
time="2020-10-09T05:39:35+06:00" level=info msg="Sign_in 3" error= host="[::1]:36324" path=/v1/signin status=200
time="2020-10-09T05:41:02+06:00" level=info msg=INIT_DB message="connected to Postgres..." ok=true
time="2020-10-09T05:41:02+06:00" level=info msg=main port=7000
time="2020-10-09T05:41:35+06:00" level=info msg=INIT_DB message="connected to Postgres..." ok=true
time="2020-10-09T05:41:36+06:00" level=info msg=main port=7000
time="2020-10-09T05:42:22+06:00" level=info msg=INIT_DB message="connected to Postgres..." ok=true
time="2020-10-09T05:42:23+06:00" level=info msg=main port=7000
time="2020-10-09T05:46:22+06:00" level=info msg="Add_comment_to_project 2" error= host="[::1]:36786" path=/v1/spk_comment status=200
time="2020-10-09T05:55:21+06:00" level=info msg=INIT_DB message="connected to Postgres..." ok=true
time="2020-10-09T05:55:21+06:00" level=info msg=main port=7000
time="2020-10-09T05:57:41+06:00" level=info msg=INIT_DB message="connected to Postgres..." ok=true
time="2020-10-09T05:57:41+06:00" level=info msg=main port=7000
time="2020-10-09T05:58:47+06:00" level=info msg=INIT_DB message="connected to Postgres..." ok=true
time="2020-10-09T05:58:48+06:00" level=info msg=main port=7000
time="2020-10-09T06:01:30+06:00" level=info msg=INIT_DB message="connected to Postgres..." ok=true
time="2020-10-09T06:01:30+06:00" level=info msg=main port=7000
time="2020-10-09T06:03:21+06:00" level=info msg=INIT_DB message="connected to Postgres..." ok=true
time="2020-10-09T06:03:22+06:00" level=info msg=main port=7000
time="2020-10-09T06:03:25+06:00" level=info msg="Project_get_status_of_project proj" error= host="[::1]:37182" path=/v1/project/status status=200
time="2020-10-09T06:04:40+06:00" level=info msg="Ganta_shift_to_the_next_ganta_step status" error= host="[::1]:37182" path=/v1/ganta/change/status status=200
time="2020-10-09T06:04:46+06:00" level=info msg="Project_get_status_of_project proj" error= host="[::1]:37182" path=/v1/project/status status=200
time="2020-10-09T06:07:46+06:00" level=info msg="Sign_in 3" error= host="[::1]:37182" path=/v1/signin status=200
time="2020-10-09T06:08:48+06:00" level=info msg="Add_comment_to_project step" error="this user is not responsible for the current step" host="[::1]:37182" path=/v1/spk_comment status=405
time="2020-10-09T06:10:03+06:00" level=info msg="Project_remove_document project" error="record not found" host="[::1]:37182" path=/v1/project/docs/file status=417
time="2020-10-09T06:11:11+06:00" level=info msg="Project_remove_document remove" error= host="[::1]:37182" path=/v1/project/docs/file status=200
time="2020-10-09T06:11:50+06:00" level=info msg="Project_add_document_to_project add" error= host="[::1]:37182" path=/v1/project/docs/file status=200
time="2020-10-09T06:26:26+06:00" level=info msg="Document_get 2" error= host="[::1]:37182" path=/v1/project/docs status=200
time="2020-10-09T06:26:56+06:00" level=info msg="Project_get_status_of_project check" error="record not found" host="[::1]:37182" path=/v1/project/status status=417
time="2020-10-09T06:27:11+06:00" level=info msg="Project_get_status_of_project proj" error= host="[::1]:37182" path=/v1/project/status status=200
time="2020-10-09T06:28:14+06:00" level=info msg="Get_project_by_project_id 1" error= host="[::1]:37182" path=/v1/project status=200
time="2020-10-09T06:31:37+06:00" level=info msg="Ganta_shift_to_the_next_ganta_step status" error= host="[::1]:37182" path=/v1/ganta/change/status status=200
time="2020-10-09T06:33:18+06:00" level=info msg=INIT_DB message="connected to Postgres..." ok=true
time="2020-10-09T06:33:19+06:00" level=info msg=main port=7000
time="2020-10-09T06:33:21+06:00" level=info msg="Project_get_status_of_project proj" error= host="[::1]:37646" path=/v1/project/status status=200
time="2020-10-09T07:40:30+06:00" level=info msg="Project_get_status_of_project proj" error= host="[::1]:37646" path=/v1/project/status status=200
time="2020-10-09T07:43:45+06:00" level=info msg="Project_get_status_of_project proj" error= host="[::1]:37646" path=/v1/project/status status=200
time="2020-10-09T07:46:28+06:00" level=info msg="Document_add_box  add_box" error= host="[::1]:37646" path=/v1/project/docs/box status=200
time="2020-10-09T07:47:53+06:00" level=info msg="Project_add_document_to_project add" error="document is already uploaded. first delete" host="[::1]:37646" path=/v1/project/docs/file status=405
time="2020-10-09T07:48:21+06:00" level=info msg="Project_add_document_to_project access doc" error="record not found" host="[::1]:37646" path=/v1/project/docs/file status=417
time="2020-10-09T07:48:46+06:00" level=info msg="Project_add_document_to_project access doc" error="responsible: spk | your role: investor" host="[::1]:37646" path=/v1/project/docs/file status=405
time="2020-10-09T07:49:13+06:00" level=info msg="Project_add_document_to_project access project" error="record not found" host="[::1]:37646" path=/v1/project/docs/file status=417
time="2020-10-09T07:49:39+06:00" level=info msg="Project_add_document_to_project add" error= host="[::1]:37646" path=/v1/project/docs/file status=200
time="2020-10-09T07:51:24+06:00" level=info msg="Project_get_status_of_project proj" error= host="[::1]:37646" path=/v1/project/status status=200
time="2020-10-09T07:54:01+06:00" level=info msg="Add_comment_to_project step" error="this user is not responsible for the current step" host="[::1]:37646" path=/v1/spk_comment status=405
time="2020-10-09T07:55:35+06:00" level=info msg="Add_comment_to_project 2" error= host="[::1]:37646" path=/v1/spk_comment status=200
time="2020-10-09T07:57:33+06:00" level=info msg="Project_get_status_of_project proj" error= host="[::1]:37646" path=/v1/project/status status=200
time="2020-10-09T07:59:26+06:00" level=info msg="Ganta_shift_to_the_next_ganta_step status" error= host="[::1]:37646" path=/v1/ganta/change/status status=200
time="2020-10-09T07:59:31+06:00" level=info msg="Project_get_status_of_project proj" error= host="[::1]:37646" path=/v1/project/status status=200
time="2020-10-09T08:00:06+06:00" level=info msg="Ganta_shift_to_the_next_ganta_step status" error="the project is rejected or there is no more gantt step" host="[::1]:37646" path=/v1/ganta/change/status status=405
time="2020-10-09T08:00:29+06:00" level=info msg="Ganta_shift_to_the_next_ganta_step status" error="the project is rejected or there is no more gantt step" host="[::1]:37646" path=/v1/ganta/change/status status=405
time="2020-10-09T08:28:48+06:00" level=info msg=INIT_DB message="connected to Postgres..." ok=true
time="2020-10-09T08:28:49+06:00" level=info msg=main port=7000
time="2020-10-09T09:41:41+06:00" level=info msg=INIT_DB message="connected to Postgres..." ok=true
time="2020-10-09T09:41:42+06:00" level=info msg=main port=7000
time="2020-10-09T09:42:37+06:00" level=info msg=INIT_DB message="connected to Postgres..." ok=true
time="2020-10-09T09:42:37+06:00" level=info msg=main port=7000
time="2020-10-09T09:44:23+06:00" level=info msg=INIT_DB message="connected to Postgres..." ok=true
time="2020-10-09T09:44:23+06:00" level=info msg=main port=7000
time="2020-10-09T09:45:07+06:00" level=info msg=INIT_DB message="connected to Postgres..." ok=true
time="2020-10-09T09:45:08+06:00" level=info msg=main port=7000
time="2020-10-09T09:45:24+06:00" level=info msg=INIT_DB message="connected to Postgres..." ok=true
time="2020-10-09T09:45:24+06:00" level=info msg=main port=7000
time="2020-10-09T09:48:54+06:00" level=info msg=INIT_DB message="connected to Postgres..." ok=true
time="2020-10-09T09:48:54+06:00" level=info msg=main port=7000
time="2020-10-09T09:49:56+06:00" level=info msg=GET_FILE message="closing the file..." ok=true
time="2020-10-09T09:49:56+06:00" level=info msg=fn_rotate_log_files message="finishing the rotate fr goroutine" ok=true
time="2020-10-09T09:50:00+06:00" level=info msg=INIT_DB message="connected to Postgres..." ok=true
time="2020-10-09T09:50:00+06:00" level=info msg=main port=7000
time="2020-10-09T09:50:38+06:00" level=info msg=GET_FILE message="closing the file..." ok=true
time="2020-10-09T09:50:38+06:00" level=info msg=fn_rotate_log_files message="finishing the rotate fr goroutine" ok=true
time="2020-10-09T09:50:42+06:00" level=info msg=INIT_DB message="connected to Postgres..." ok=true
time="2020-10-09T09:50:43+06:00" level=info msg=main port=7000
time="2020-10-09T09:51:04+06:00" level=info msg=GET_FILE message="closing the file..." ok=true
time="2020-10-09T09:51:04+06:00" level=info msg=fn_rotate_log_files message="finishing the rotate fr goroutine" ok=true
time="2020-10-09T09:51:08+06:00" level=info msg=INIT_DB message="connected to Postgres..." ok=true
time="2020-10-09T09:51:08+06:00" level=info msg=main port=7000
time="2020-10-09T09:51:16+06:00" level=info msg=GET_FILE message="closing the file..." ok=true
time="2020-10-09T09:51:16+06:00" level=info msg=fn_rotate_log_files message="finishing the rotate fr goroutine" ok=true
time="2020-10-09T09:51:20+06:00" level=info msg=INIT_DB message="connected to Postgres..." ok=true
time="2020-10-09T09:51:20+06:00" level=info msg=main port=7000
time="2020-10-09T10:04:34+06:00" level=info msg=GET_FILE message="closing the file..." ok=true
time="2020-10-09T10:04:34+06:00" level=info msg=fn_rotate_log_files message="finishing the rotate fr goroutine" ok=true
time="2020-10-09T10:04:37+06:00" level=info msg=INIT_DB message="connected to Postgres..." ok=true
time="2020-10-09T10:04:37+06:00" level=info msg=main port=7000
time="2020-10-09T10:13:44+06:00" level=info msg=GET_FILE message="closing the file..." ok=true
time="2020-10-09T10:13:44+06:00" level=info msg=fn_rotate_log_files message="finishing the rotate fr goroutine" ok=true
time="2020-10-09T10:13:47+06:00" level=info msg=INIT_DB message="connected to Postgres..." ok=true
time="2020-10-09T10:13:47+06:00" level=info msg=main port=7000
time="2020-10-09T10:14:45+06:00" level=info msg=GET_FILE message="closing the file..." ok=true
time="2020-10-09T10:14:45+06:00" level=info msg=fn_rotate_log_files message="finishing the rotate fr goroutine" ok=true
time="2020-10-09T10:14:50+06:00" level=info msg=INIT_DB message="connected to Postgres..." ok=true
time="2020-10-09T10:14:50+06:00" level=info msg=main port=7000
time="2020-10-09T10:21:13+06:00" level=info msg=INIT_DB message="connected to Postgres..." ok=true
time="2020-10-09T10:21:13+06:00" level=info msg=main port=7000
time="2020-10-09T10:22:26+06:00" level=info msg=INIT_DB message="connected to Postgres..." ok=true
time="2020-10-09T10:22:27+06:00" level=info msg=main port=7000
time="2020-10-09T10:22:47+06:00" level=info msg=INIT_DB message="connected to Postgres..." ok=true
time="2020-10-09T10:22:57+06:00" level=info msg=main port=7000
time="2020-10-09T17:58:41+06:00" level=warning msg=INIT_DB message="dial tcp 178.170.221.116:7001: connect: connection refused sleeping for a while..." ok=false
time="2020-10-09T17:58:46+06:00" level=warning msg=INIT_DB message="dial tcp 178.170.221.116:7001: connect: connection refused sleeping for a while..." ok=false
time="2020-10-09T17:58:51+06:00" level=warning msg=INIT_DB message="dial tcp 178.170.221.116:7001: connect: connection refused sleeping for a while..." ok=false
time="2020-10-09T17:58:56+06:00" level=warning msg=INIT_DB message="dial tcp 178.170.221.116:7001: connect: connection refused sleeping for a while..." ok=false
time="2020-10-09T17:59:01+06:00" level=warning msg=INIT_DB message="could not connect to db..." ok=false
time="2020-10-09T17:59:01+06:00" level=warning msg=MAIN message="migration: sql: database is closed" ok=false
time="2020-10-09T17:59:01+06:00" level=info msg=main port=7000
time="2020-10-09T17:59:21+06:00" level=info msg=INIT_DB message="connected to Postgres..." ok=true
time="2020-10-09T17:59:21+06:00" level=info msg=main port=7000
