time="2020-12-04T00:00:54+06:00" level=info msg=main port=7000
time="2020-12-04T00:10:10+06:00" level=info msg=GET_FILE message="closing the file..." ok=true
time="2020-12-04T00:10:10+06:00" level=info msg=fn_rotate_log_files message="finishing the rotate fr goroutine" ok=true
time="2020-12-04T00:10:13+06:00" level=info msg=main port=7000
time="2020-12-04T00:10:42+06:00" level=info msg=GET_FILE message="closing the file..." ok=true
time="2020-12-04T00:10:42+06:00" level=info msg=fn_rotate_log_files message="finishing the rotate fr goroutine" ok=true
time="2020-12-04T00:10:45+06:00" level=info msg=main port=7000
time="2020-12-04T00:11:25+06:00" level=info msg=GET_FILE message="closing the file..." ok=true
time="2020-12-04T00:11:25+06:00" level=info msg=fn_rotate_log_files message="finishing the rotate fr goroutine" ok=true
time="2020-12-04T00:11:30+06:00" level=info msg=main port=7000
time="2020-12-04T00:11:32+06:00" level=info msg=GET_FILE message="closing the file..." ok=true
time="2020-12-04T00:11:32+06:00" level=info msg=fn_rotate_log_files message="finishing the rotate fr goroutine" ok=true
time="2020-12-04T00:19:46+06:00" level=info msg=main port=7000
time="2020-12-04T00:34:24+06:00" level=info msg=GET_FILE message="closing the file..." ok=true
time="2020-12-04T00:34:24+06:00" level=info msg=fn_rotate_log_files message="finishing the rotate fr goroutine" ok=true
time="2020-12-04T00:35:33+06:00" level=info msg=main port=7000
time="2020-12-04T00:35:46+06:00" level=info msg=GET_FILE message="closing the file..." ok=true
time="2020-12-04T00:35:46+06:00" level=info msg=fn_rotate_log_files message="finishing the rotate fr goroutine" ok=true
time="2020-12-04T00:35:49+06:00" level=info msg=main port=7000
time="2020-12-04T00:35:52+06:00" level=info msg=GET_FILE message="closing the file..." ok=true
time="2020-12-04T00:35:52+06:00" level=info msg=fn_rotate_log_files message="finishing the rotate fr goroutine" ok=true
time="2020-12-04T00:36:48+06:00" level=info msg=main port=7000
time="2020-12-04T00:38:25+06:00" level=info msg=GET_FILE message="closing the file..." ok=true
time="2020-12-04T00:38:25+06:00" level=info msg=fn_rotate_log_files message="finishing the rotate fr goroutine" ok=true
time="2020-12-04T00:38:27+06:00" level=info msg=main port=7000
time="2020-12-04T00:45:01+06:00" level=info msg=GET_FILE message="closing the file..." ok=true
time="2020-12-04T00:45:01+06:00" level=info msg=fn_rotate_log_files message="finishing the rotate fr goroutine" ok=true
time="2020-12-04T00:45:04+06:00" level=info msg=main port=7000
time="2020-12-04T00:51:35+06:00" level=info msg=GET_FILE message="closing the file..." ok=true
time="2020-12-04T00:51:35+06:00" level=info msg=fn_rotate_log_files message="finishing the rotate fr goroutine" ok=true
time="2020-12-04T07:23:44+06:00" level=info msg=main port=7000
time="2020-12-04T08:27:07+06:00" level=info msg=GET_FILE message="closing the file..." ok=true
time="2020-12-04T08:27:07+06:00" level=info msg=fn_rotate_log_files message="finishing the rotate fr goroutine" ok=true
time="2020-12-04T08:27:10+06:00" level=info msg=main port=7000
time="2020-12-04T08:27:36+06:00" level=info msg="Sign_in 3" error="username is not supported" host="[::1]:57118" pather=/v1/signin status=400
time="2020-12-04T08:28:00+06:00" level=info msg="Sign_in 3" error= host="[::1]:57118" pather=/v1/signin status=200
time="2020-12-04T08:34:07+06:00" level=info msg=GET_FILE message="closing the file..." ok=true
time="2020-12-04T08:34:07+06:00" level=info msg=fn_rotate_log_files message="finishing the rotate fr goroutine" ok=true
