time="2020-08-09T01:11:14+06:00" level=info msg=INIT_DB message="connected to Postgres..." ok=true
time="2020-08-09T01:11:14+06:00" level=info msg=main port=7000
time="2020-08-09T01:11:27+06:00" level=info msg=INIT_DB message="connected to Postgres..." ok=true
time="2020-08-09T01:11:27+06:00" level=info msg=main port=7000
time="2020-08-09T01:11:55+06:00" level=info msg="Create_project 2" error= host="[::1]:40168" path=/v1/projects_make_changes/project status=200
time="2020-08-09T01:13:52+06:00" level=info msg=INIT_DB message="connected to Postgres..." ok=true
time="2020-08-09T01:13:53+06:00" level=info msg=main port=7000
time="2020-08-09T01:15:01+06:00" level=info msg=INIT_DB message="connected to Postgres..." ok=true
time="2020-08-09T01:15:02+06:00" level=info msg=main port=7000
time="2020-08-09T01:18:33+06:00" level=info msg=INIT_DB message="connected to Postgres..." ok=true
time="2020-08-09T01:18:33+06:00" level=info msg=main port=7000
time="2020-08-09T01:18:46+06:00" level=info msg=INIT_DB message="connected to Postgres..." ok=true
time="2020-08-09T01:18:47+06:00" level=info msg=main port=7000
time="2020-08-09T01:24:22+06:00" level=info msg=INIT_DB message="connected to Postgres..." ok=true
time="2020-08-09T01:24:22+06:00" level=info msg=main port=7000
time="2020-08-09T01:25:26+06:00" level=info msg=Finance_table error="using unaddressable value" host="[::1]:40480" path=/v1/projects_make_changes/finance status=400
time="2020-08-09T01:26:09+06:00" level=info msg=INIT_DB message="connected to Postgres..." ok=true
time="2020-08-09T01:26:09+06:00" level=info msg=main port=7000
time="2020-08-09T01:26:28+06:00" level=info msg=Finance_table error="using unaddressable value" host="[::1]:40526" path=/v1/projects_make_changes/finance status=400
time="2020-08-09T01:26:40+06:00" level=info msg=Finance_table error="using unaddressable value" host="[::1]:40526" path=/v1/projects_make_changes/finance status=400
time="2020-08-09T01:26:53+06:00" level=info msg=INIT_DB message="connected to Postgres..." ok=true
time="2020-08-09T01:26:53+06:00" level=info msg=main port=7000
time="2020-08-09T01:27:06+06:00" level=info msg="Create_project 2" error= host="[::1]:40554" path=/v1/projects_make_changes/project status=200
time="2020-08-09T01:28:39+06:00" level=info msg=INIT_DB message="connected to Postgres..." ok=true
time="2020-08-09T01:28:39+06:00" level=info msg=main port=7000
time="2020-08-09T01:28:45+06:00" level=info msg=Finance_table error= host="[::1]:40588" path=/v1/projects_make_changes/finance status=200
time="2020-08-09T01:29:36+06:00" level=info msg=Finance_table error="project finance table already exists" host="[::1]:40588" path=/v1/projects_make_changes/finance status=400
time="2020-08-09T06:06:17+06:00" level=info msg=INIT_DB message="connected to Postgres..." ok=true
time="2020-08-09T06:06:18+06:00" level=info msg=main port=7000
time="2020-08-09T06:10:10+06:00" level=info msg=Finresult_and_project_evaluation_table error="using unaddressable value" host="[::1]:41110" path=/v1/projects_make_changes/finresult status=400
time="2020-08-09T06:10:43+06:00" level=info msg=Finresult_and_project_evaluation_table error="no valid transaction" host="[::1]:41110" path=/v1/projects_make_changes/finresult status=400
time="2020-08-09T06:11:04+06:00" level=info msg=INIT_DB message="connected to Postgres..." ok=true
time="2020-08-09T06:11:05+06:00" level=info msg=main port=7000
time="2020-08-09T06:11:29+06:00" level=info msg=Finresult_and_project_evaluation_table error="pq: current transaction is aborted, commands ignored until end of transaction block" host="[::1]:41144" path=/v1/projects_make_changes/finresult status=400
time="2020-08-09T06:11:35+06:00" level=info msg=INIT_DB message="connected to Postgres..." ok=true
time="2020-08-09T06:11:36+06:00" level=info msg=main port=7000
time="2020-08-09T06:13:57+06:00" level=info msg=Finresult_and_project_evaluation_table error="pq: current transaction is aborted, commands ignored until end of transaction block" host="[::1]:41164" path=/v1/projects_make_changes/finresult status=400
time="2020-08-09T06:14:02+06:00" level=info msg=INIT_DB message="connected to Postgres..." ok=true
time="2020-08-09T06:14:02+06:00" level=info msg=main port=7000
time="2020-08-09T06:14:37+06:00" level=info msg=Finresult_and_project_evaluation_table error="the finresult table of this project already exists" host="[::1]:41394" path=/v1/projects_make_changes/finresult status=400
time="2020-08-09T06:14:41+06:00" level=info msg=INIT_DB message="connected to Postgres..." ok=true
time="2020-08-09T06:14:41+06:00" level=info msg=main port=7000
time="2020-08-09T06:15:25+06:00" level=info msg=INIT_DB message="connected to Postgres..." ok=true
time="2020-08-09T06:15:25+06:00" level=info msg=main port=7000
time="2020-08-09T06:16:28+06:00" level=info msg=INIT_DB message="connected to Postgres..." ok=true
time="2020-08-09T06:16:28+06:00" level=info msg=main port=7000
time="2020-08-09T06:18:56+06:00" level=info msg=INIT_DB message="connected to Postgres..." ok=true
time="2020-08-09T06:18:57+06:00" level=info msg=main port=7000
time="2020-08-09T06:19:30+06:00" level=info msg=INIT_DB message="connected to Postgres..." ok=true
time="2020-08-09T06:19:30+06:00" level=info msg=main port=7000
time="2020-08-09T06:20:38+06:00" level=info msg=INIT_DB message="connected to Postgres..." ok=true
time="2020-08-09T06:20:38+06:00" level=info msg=main port=7000
time="2020-08-09T06:23:02+06:00" level=info msg=INIT_DB message="connected to Postgres..." ok=true
time="2020-08-09T06:23:02+06:00" level=info msg=main port=7000
time="2020-08-09T06:23:29+06:00" level=info msg="Create_project 2" error= host="[::1]:41762" path=/v1/projects_make_changes/project status=200
time="2020-08-09T06:24:22+06:00" level=info msg=Finance_table error= host="[::1]:41762" path=/v1/projects_make_changes/finance status=200
time="2020-08-09T06:25:56+06:00" level=info msg=Finresult_and_project_evaluation_table error="using unaddressable value" host="[::1]:41762" path=/v1/projects_make_changes/finresult status=400
time="2020-08-09T06:26:18+06:00" level=info msg=INIT_DB message="connected to Postgres..." ok=true
time="2020-08-09T06:26:18+06:00" level=info msg=main port=7000
time="2020-08-09T06:27:19+06:00" level=info msg=INIT_DB message="connected to Postgres..." ok=true
time="2020-08-09T06:27:20+06:00" level=info msg=main port=7000
time="2020-08-09T06:29:13+06:00" level=info msg=INIT_DB message="connected to Postgres..." ok=true
time="2020-08-09T06:29:13+06:00" level=info msg=main port=7000
time="2020-08-09T06:30:27+06:00" level=info msg=INIT_DB message="connected to Postgres..." ok=true
time="2020-08-09T06:30:28+06:00" level=info msg=main port=7000
time="2020-08-09T06:31:25+06:00" level=info msg=INIT_DB message="connected to Postgres..." ok=true
time="2020-08-09T06:31:25+06:00" level=info msg=main port=7000
time="2020-08-09T06:33:02+06:00" level=info msg=INIT_DB message="connected to Postgres..." ok=true
time="2020-08-09T06:33:02+06:00" level=info msg=main port=7000
time="2020-08-09T06:35:26+06:00" level=info msg=INIT_DB message="connected to Postgres..." ok=true
time="2020-08-09T06:35:26+06:00" level=info msg=main port=7000
time="2020-08-09T06:35:40+06:00" level=info msg=Finresult_and_project_evaluation_table error= host="[::1]:42030" path=/v1/projects_make_changes/finresult status=200
time="2020-08-09T06:36:09+06:00" level=info msg="Create_project 2" error= host="[::1]:42030" path=/v1/projects_make_changes/project status=200
time="2020-08-09T06:37:32+06:00" level=info msg=INIT_DB message="connected to Postgres..." ok=true
time="2020-08-09T06:37:33+06:00" level=info msg=main port=7000
time="2020-08-09T06:37:58+06:00" level=info msg=INIT_DB message="connected to Postgres..." ok=true
time="2020-08-09T06:37:59+06:00" level=info msg=main port=7000
time="2020-08-09T06:38:03+06:00" level=info msg="Create_project 2" error="pq: duplicate key value violates unique constraint \"projects_name_key\"" host="[::1]:42088" path=/v1/projects_make_changes/project status=400
time="2020-08-09T06:38:46+06:00" level=info msg=INIT_DB message="connected to Postgres..." ok=true
time="2020-08-09T06:38:47+06:00" level=info msg=main port=7000
time="2020-08-09T06:38:50+06:00" level=info msg="Create_project 2" error= host="[::1]:42130" path=/v1/projects_make_changes/project status=200
time="2020-08-09T06:39:30+06:00" level=info msg=Finresult_and_project_evaluation_table error= host="[::1]:42130" path=/v1/projects_make_changes/finresult status=200
time="2020-08-09T06:41:58+06:00" level=info msg=Finresult_and_project_evaluation_table error= host="[::1]:42130" path=/v1/projects_make_changes/finresult status=200
time="2020-08-09T06:43:38+06:00" level=info msg=Finresult_and_project_evaluation_table error="the finresult table of this project already exists" host="[::1]:42130" path=/v1/projects_make_changes/finresult status=400
time="2020-08-09T06:43:55+06:00" level=info msg=Finresult_and_project_evaluation_table error= host="[::1]:42130" path=/v1/projects_make_changes/finresult status=200
time="2020-08-09T06:57:47+06:00" level=info msg=INIT_DB message="connected to Postgres..." ok=true
time="2020-08-09T06:57:47+06:00" level=info msg=main port=7000
time="2020-08-09T06:59:58+06:00" level=info msg=Sign_in error= host="[::1]:42372" path=/v1/all/signin status=200
time="2020-08-09T07:03:25+06:00" level=info msg=Admin_assign_user_to_project error="could not insert values into table | pq: zero-length delimited identifier at or near \"\"\"\"" host="[::1]:42372" path=/v1/administrate/project status=400
time="2020-08-09T07:03:47+06:00" level=info msg=Admin_assign_user_to_project error=" | pq: zero-length delimited identifier at or near \"\"\"\"" host="[::1]:42372" path=/v1/administrate/project status=400
time="2020-08-09T07:12:25+06:00" level=info msg=JWT_TOKEN error="could not be split correctly" host="[::1]:42372" path=/v1/administrate/organization status=400
time="2020-08-09T07:13:43+06:00" level=info msg=Sign_in error= host="[::1]:42372" path=/v1/all/signin status=200
time="2020-08-09T07:15:28+06:00" level=info msg=INIT_DB message="connected to Postgres..." ok=true
time="2020-08-09T07:15:29+06:00" level=info msg=main port=7000
time="2020-08-09T07:16:33+06:00" level=info msg="Get_organization_info_by_bin 1" error="pq: duplicate key value violates unique constraint \"organizations_name_key\"" host="[::1]:42534" path=/v1/all/organization status=400
time="2020-08-09T07:16:52+06:00" level=info msg=INIT_DB message="connected to Postgres..." ok=true
time="2020-08-09T07:16:52+06:00" level=info msg=main port=7000
time="2020-08-09T07:17:54+06:00" level=info msg="Get_organization_info_by_bin 1" error="pq: duplicate key value violates unique constraint \"organizations_name_key\"" host="[::1]:42560" path=/v1/all/organization status=400
time="2020-08-09T07:18:52+06:00" level=info msg=INIT_DB message="connected to Postgres..." ok=true
time="2020-08-09T07:18:53+06:00" level=info msg=main port=7000
time="2020-08-09T07:19:17+06:00" level=info msg="Get_organization_info_by_bin 1" error= host="[::1]:42612" path=/v1/all/organization status=200
time="2020-08-09T07:23:31+06:00" level=info msg=INIT_DB message="connected to Postgres..." ok=true
time="2020-08-09T07:23:31+06:00" level=info msg=main port=7000
time="2020-08-09T07:27:55+06:00" level=info msg=INIT_DB message="connected to Postgres..." ok=true
time="2020-08-09T07:27:56+06:00" level=info msg=main port=7000
time="2020-08-09T07:28:30+06:00" level=info msg=INIT_DB message="connected to Postgres..." ok=true
time="2020-08-09T07:28:31+06:00" level=info msg=main port=7000
time="2020-08-09T07:29:02+06:00" level=info msg=Admin_assign_user_to_project error="unsupported destination, should be slice or struct | pq: zero-length delimited identifier at or near \"\"\"\"" host="[::1]:42754" path=/v1/administrate/project status=400
time="2020-08-09T07:29:07+06:00" level=info msg=INIT_DB message="connected to Postgres..." ok=true
time="2020-08-09T07:29:07+06:00" level=info msg=main port=7000
time="2020-08-09T07:29:38+06:00" level=info msg=INIT_DB message="connected to Postgres..." ok=true
time="2020-08-09T07:29:38+06:00" level=info msg=main port=7000
time="2020-08-09T07:30:20+06:00" level=info msg=Admin_assign_user_to_project error="pq: zero-length delimited identifier at or near \"\"\"\" | pq: zero-length delimited identifier at or near \"\"\"\"" host="[::1]:42806" path=/v1/administrate/project status=400
time="2020-08-09T07:30:24+06:00" level=info msg=INIT_DB message="connected to Postgres..." ok=true
time="2020-08-09T07:30:25+06:00" level=info msg=main port=7000
time="2020-08-09T07:38:47+06:00" level=info msg=Admin_assign_user_to_project error=" | pq: zero-length delimited identifier at or near \"\"\"\"" host="[::1]:42824" path=/v1/administrate/project status=400
time="2020-08-09T07:39:57+06:00" level=info msg=INIT_DB message="connected to Postgres..." ok=true
time="2020-08-09T07:39:58+06:00" level=info msg=main port=7000
time="2020-08-09T07:40:19+06:00" level=info msg=Admin_assign_user_to_project error="pq: missing FROM-clause entry for table \"r\" | pq: zero-length delimited identifier at or near \"\"\"\"" host="[::1]:43018" path=/v1/administrate/project status=400
time="2020-08-09T07:40:26+06:00" level=info msg=INIT_DB message="connected to Postgres..." ok=true
time="2020-08-09T07:40:26+06:00" level=info msg=main port=7000
time="2020-08-09T07:41:01+06:00" level=info msg=INIT_DB message="connected to Postgres..." ok=true
time="2020-08-09T07:41:02+06:00" level=info msg=main port=7000
time="2020-08-09T07:46:05+06:00" level=info msg=Admin_assign_user_to_project error=" | pq: zero-length delimited identifier at or near \"\"\"\"" host="[::1]:43058" path=/v1/administrate/project status=400
time="2020-08-09T07:46:33+06:00" level=info msg=INIT_DB message="connected to Postgres..." ok=true
time="2020-08-09T07:46:34+06:00" level=info msg=main port=7000
time="2020-08-09T07:47:04+06:00" level=info msg=INIT_DB message="connected to Postgres..." ok=true
time="2020-08-09T07:47:05+06:00" level=info msg=main port=7000
time="2020-08-09T07:55:14+06:00" level=info msg=INIT_DB message="connected to Postgres..." ok=true
time="2020-08-09T07:55:14+06:00" level=info msg=main port=7000
time="2020-08-09T07:56:30+06:00" level=info msg=Admin_assign_user_to_project error= host="[::1]:43216" path=/v1/administrate/project status=200
time="2020-08-09T08:33:53+06:00" level=info msg=INIT_DB message="connected to Postgres..." ok=true
time="2020-08-09T08:33:53+06:00" level=info msg=main port=7000
time="2020-08-09T08:42:26+06:00" level=info msg=INIT_DB message="connected to Postgres..." ok=true
time="2020-08-09T08:42:27+06:00" level=info msg=main port=7000
time="2020-08-09T08:42:54+06:00" level=info msg=JWT_TOKEN error="could not be split correctly" host="[::1]:43688" path=/test status=400
time="2020-08-09T08:43:22+06:00" level=info msg=INIT_DB message="connected to Postgres..." ok=true
time="2020-08-09T08:43:22+06:00" level=info msg=main port=7000
time="2020-08-09T08:44:42+06:00" level=info msg=INIT_DB message="connected to Postgres..." ok=true
time="2020-08-09T08:44:42+06:00" level=info msg=main port=7000
time="2020-08-09T08:46:17+06:00" level=info msg=INIT_DB message="connected to Postgres..." ok=true
time="2020-08-09T08:46:17+06:00" level=info msg=main port=7000
time="2020-08-09T08:47:39+06:00" level=info msg=INIT_DB message="connected to Postgres..." ok=true
time="2020-08-09T08:47:39+06:00" level=info msg=main port=7000
time="2020-08-09T08:52:14+06:00" level=info msg=INIT_DB message="connected to Postgres..." ok=true
time="2020-08-09T08:52:14+06:00" level=info msg=main port=7000
time="2020-08-09T08:53:47+06:00" level=info msg=INIT_DB message="connected to Postgres..." ok=true
time="2020-08-09T08:53:48+06:00" level=info msg=main port=7000
time="2020-08-09T09:08:57+06:00" level=info msg=INIT_DB message="connected to Postgres..." ok=true
time="2020-08-09T09:08:57+06:00" level=info msg=main port=7000
time="2020-08-09T11:44:18+06:00" level=info msg=INIT_DB message="connected to Postgres..." ok=true
time="2020-08-09T11:44:18+06:00" level=info msg=main port=7000
time="2020-08-09T11:46:18+06:00" level=info msg=GET_FILE message="closing the file..." ok=true
time="2020-08-09T11:46:18+06:00" level=info msg=fn_rotate_log_files message="finishing the rotate fr goroutine" ok=true
time="2020-08-09T11:46:29+06:00" level=info msg=INIT_DB message="connected to Postgres..." ok=true
time="2020-08-09T11:46:29+06:00" level=info msg=main port=7000
time="2020-08-09T11:47:35+06:00" level=info msg=INIT_DB message="connected to Postgres..." ok=true
time="2020-08-09T11:47:35+06:00" level=info msg=main port=7000
time="2020-08-09T11:50:29+06:00" level=info msg=INIT_DB message="connected to Postgres..." ok=true
time="2020-08-09T11:50:30+06:00" level=info msg=main port=7000
time="2020-08-09T11:51:55+06:00" level=info msg=INIT_DB message="connected to Postgres..." ok=true
time="2020-08-09T11:51:56+06:00" level=info msg=main port=7000
time="2020-08-09T11:53:26+06:00" level=info msg=INIT_DB message="connected to Postgres..." ok=true
time="2020-08-09T11:53:26+06:00" level=info msg=main port=7000
time="2020-08-09T12:20:27+06:00" level=info msg=INIT_DB message="connected to Postgres..." ok=true
time="2020-08-09T12:20:27+06:00" level=info msg=main port=7000
time="2020-08-09T12:22:01+06:00" level=info msg=INIT_DB message="connected to Postgres..." ok=true
time="2020-08-09T12:22:02+06:00" level=info msg=main port=7000
time="2020-08-09T12:24:31+06:00" level=info msg=Ganta_add_new_step error= host="[::1]:46752" path=/test status=200
time="2020-08-09T12:24:38+06:00" level=info msg=INIT_DB message="connected to Postgres..." ok=true
time="2020-08-09T12:24:39+06:00" level=info msg=main port=7000
time="2020-08-09T12:26:09+06:00" level=info msg=Ganta_add_new_step error="unsupported destination, should be slice or struct" host="[::1]:46784" path=/test status=400
time="2020-08-09T12:26:14+06:00" level=info msg=INIT_DB message="connected to Postgres..." ok=true
time="2020-08-09T12:26:14+06:00" level=info msg=main port=7000
time="2020-08-09T12:27:06+06:00" level=info msg=Ganta_add_new_step error= host="[::1]:46812" path=/test status=200
time="2020-08-09T12:27:10+06:00" level=info msg=INIT_DB message="connected to Postgres..." ok=true
time="2020-08-09T12:27:10+06:00" level=info msg=main port=7000
time="2020-08-09T12:28:38+06:00" level=info msg=Ganta_add_new_step error="pq: aggregate functions are not allowed in WHERE" host="[::1]:46832" path=/test status=400
time="2020-08-09T12:28:43+06:00" level=info msg=INIT_DB message="connected to Postgres..." ok=true
time="2020-08-09T12:28:44+06:00" level=info msg=main port=7000
time="2020-08-09T12:29:03+06:00" level=info msg=INIT_DB message="connected to Postgres..." ok=true
time="2020-08-09T12:29:04+06:00" level=info msg=main port=7000
time="2020-08-09T12:29:24+06:00" level=info msg=Ganta_add_new_step error= host="[::1]:46880" path=/test status=200
time="2020-08-09T12:29:28+06:00" level=info msg=INIT_DB message="connected to Postgres..." ok=true
time="2020-08-09T12:29:29+06:00" level=info msg=main port=7000
time="2020-08-09T12:29:38+06:00" level=info msg=Ganta_add_new_step error= host="[::1]:46900" path=/test status=200
time="2020-08-09T12:32:00+06:00" level=info msg=INIT_DB message="connected to Postgres..." ok=true
time="2020-08-09T12:32:00+06:00" level=info msg=main port=7000
time="2020-08-09T12:33:06+06:00" level=info msg=Ganta_add_new_step error= host="[::1]:46928" path=/test status=200
time="2020-08-09T12:33:10+06:00" level=info msg=INIT_DB message="connected to Postgres..." ok=true
time="2020-08-09T12:33:11+06:00" level=info msg=main port=7000
time="2020-08-09T12:34:36+06:00" level=info msg=Ganta_add_new_step error="pq: zero-length delimited identifier at or near \"\"\"\"" host="[::1]:46956" path=/test status=400
time="2020-08-09T12:34:40+06:00" level=info msg=INIT_DB message="connected to Postgres..." ok=true
time="2020-08-09T12:34:41+06:00" level=info msg=main port=7000
time="2020-08-09T12:36:22+06:00" level=info msg=INIT_DB message="connected to Postgres..." ok=true
time="2020-08-09T12:36:23+06:00" level=info msg=main port=7000
time="2020-08-09T12:36:34+06:00" level=info msg=Ganta_add_new_step error="pq: zero-length delimited identifier at or near \"\"\"\"" host="[::1]:47018" path=/test status=400
time="2020-08-09T12:37:15+06:00" level=info msg=Ganta_add_new_step error="pq: zero-length delimited identifier at or near \"\"\"\"" host="[::1]:47018" path=/test status=400
time="2020-08-09T12:37:19+06:00" level=info msg=INIT_DB message="connected to Postgres..." ok=true
time="2020-08-09T12:37:20+06:00" level=info msg=main port=7000
time="2020-08-09T12:38:25+06:00" level=info msg=Ganta_add_new_step error= host="[::1]:47040" path=/test status=200
time="2020-08-09T12:38:30+06:00" level=info msg=INIT_DB message="connected to Postgres..." ok=true
time="2020-08-09T12:38:30+06:00" level=info msg=main port=7000
time="2020-08-09T12:39:54+06:00" level=info msg=Ganta_add_new_step error= host="[::1]:47064" path=/test status=200
time="2020-08-09T12:39:58+06:00" level=info msg=INIT_DB message="connected to Postgres..." ok=true
time="2020-08-09T12:39:58+06:00" level=info msg=main port=7000
time="2020-08-09T12:48:46+06:00" level=info msg=Ganta_add_new_step error= host="[::1]:47088" path=/test status=200
time="2020-08-09T12:48:50+06:00" level=info msg=INIT_DB message="connected to Postgres..." ok=true
time="2020-08-09T12:48:51+06:00" level=info msg=main port=7000
time="2020-08-09T12:49:55+06:00" level=info msg=INIT_DB message="connected to Postgres..." ok=true
time="2020-08-09T12:49:55+06:00" level=info msg=main port=7000
time="2020-08-09T12:51:21+06:00" level=info msg=Ganta_add_new_step error= host="[::1]:47186" path=/test status=200
time="2020-08-09T12:58:59+06:00" level=info msg=Ganta_add_new_step error= host="[::1]:47186" path=/test status=200
time="2020-08-09T13:11:43+06:00" level=info msg=INIT_DB message="connected to Postgres..." ok=true
time="2020-08-09T13:11:43+06:00" level=info msg=main port=7000
time="2020-08-09T13:12:13+06:00" level=info msg=INIT_DB message="connected to Postgres..." ok=true
time="2020-08-09T13:12:14+06:00" level=info msg=main port=7000
time="2020-08-09T13:13:04+06:00" level=info msg=INIT_DB message="connected to Postgres..." ok=true
time="2020-08-09T13:13:05+06:00" level=info msg=main port=7000
time="2020-08-09T13:13:06+06:00" level=info msg=JWT_TOKEN error="could not be split correctly" host="[::1]:47376" path=/v1/administrate/ganta status=400
time="2020-08-09T13:13:24+06:00" level=info msg=INIT_DB message="connected to Postgres..." ok=true
time="2020-08-09T13:13:25+06:00" level=info msg=main port=7000
time="2020-08-09T13:14:35+06:00" level=info msg=INIT_DB message="connected to Postgres..." ok=true
time="2020-08-09T13:14:35+06:00" level=info msg=main port=7000
time="2020-08-09T13:17:29+06:00" level=info msg=INIT_DB message="connected to Postgres..." ok=true
time="2020-08-09T13:17:29+06:00" level=info msg=main port=7000
time="2020-08-09T13:18:18+06:00" level=info msg=Ganta_get_all_steps_by_project_id error= host="[::1]:47454" path=/v1/administrate/ganta status=200
time="2020-08-09T13:19:05+06:00" level=info msg=Ganta_get_all_steps_by_project_id error= host="[::1]:47454" path=/v1/administrate/ganta status=200
time="2020-08-09T13:19:32+06:00" level=info msg=INIT_DB message="connected to Postgres..." ok=true
time="2020-08-09T13:19:32+06:00" level=info msg=main port=7000
time="2020-08-09T13:19:44+06:00" level=info msg=Ganta_get_all_steps_by_project_id error= host="[::1]:47486" path=/v1/administrate/ganta status=200
time="2020-08-09T13:22:47+06:00" level=info msg=INIT_DB message="connected to Postgres..." ok=true
time="2020-08-09T13:22:48+06:00" level=info msg=main port=7000
time="2020-08-09T13:22:55+06:00" level=info msg=Ganta_get_all_steps_by_project_id error= host="[::1]:47518" path=/v1/administrate/ganta status=200
time="2020-08-09T13:23:45+06:00" level=info msg=INIT_DB message="connected to Postgres..." ok=true
time="2020-08-09T13:23:46+06:00" level=info msg=main port=7000
time="2020-08-09T13:26:43+06:00" level=info msg=INIT_DB message="connected to Postgres..." ok=true
time="2020-08-09T13:26:43+06:00" level=info msg=main port=7000
time="2020-08-09T13:27:02+06:00" level=info msg=Ganta_get_all_steps_by_project_id error= host="[::1]:47572" path=/v1/administrate/ganta status=200
time="2020-08-09T14:06:33+06:00" level=info msg=INIT_DB message="connected to Postgres..." ok=true
time="2020-08-09T14:06:34+06:00" level=info msg=main port=7000
time="2020-08-09T14:06:40+06:00" level=info msg=Update_ganta_step error="invalid character '}' looking for beginning of object key string" host="[::1]:47896" path=/v1/administrate/ganta status=400
time="2020-08-09T14:08:21+06:00" level=info msg=Update_ganta_step error="empty lang fields. ganta up date" host="[::1]:47896" path=/v1/administrate/ganta status=400
time="2020-08-09T14:11:45+06:00" level=info msg=Update_ganta_step error= host="[::1]:47896" path=/v1/administrate/ganta status=200
time="2020-08-09T14:20:26+06:00" level=info msg=INIT_DB message="connected to Postgres..." ok=true
time="2020-08-09T14:20:26+06:00" level=info msg=main port=7000
time="2020-08-09T14:20:28+06:00" level=info msg=Ganta_add_new_step error= host="[::1]:48016" path=/v1/administrate/ganta status=200
time="2020-08-09T14:21:02+06:00" level=info msg=GET_FILE message="closing the file..." ok=true
time="2020-08-09T14:21:02+06:00" level=info msg=fn_rotate_log_files message="finishing the rotate fr goroutine" ok=true
time="2020-08-09T14:21:04+06:00" level=info msg=INIT_DB message="connected to Postgres..." ok=true
time="2020-08-09T14:21:05+06:00" level=info msg=main port=7000
time="2020-08-09T14:21:24+06:00" level=info msg=Ganta_add_new_step error= host="[::1]:48030" path=/v1/administrate/ganta status=200
time="2020-08-09T14:29:21+06:00" level=info msg=GET_FILE message="closing the file..." ok=true
time="2020-08-09T14:29:21+06:00" level=info msg=fn_rotate_log_files message="finishing the rotate fr goroutine" ok=true
time="2020-08-09T14:29:23+06:00" level=info msg=INIT_DB message="connected to Postgres..." ok=true
time="2020-08-09T14:29:24+06:00" level=info msg=main port=7000
time="2020-08-09T14:29:37+06:00" level=info msg=Ganta_add_new_step error="pq: syntax error at or near \"and\"" host="[::1]:48096" path=/v1/administrate/ganta status=400
time="2020-08-09T14:30:16+06:00" level=info msg=GET_FILE message="closing the file..." ok=true
time="2020-08-09T14:30:16+06:00" level=info msg=fn_rotate_log_files message="finishing the rotate fr goroutine" ok=true
time="2020-08-09T14:30:19+06:00" level=info msg=INIT_DB message="connected to Postgres..." ok=true
time="2020-08-09T14:30:19+06:00" level=info msg=main port=7000
time="2020-08-09T14:30:21+06:00" level=info msg=Ganta_add_new_step error= host="[::1]:48116" path=/v1/administrate/ganta status=200
time="2020-08-09T14:30:33+06:00" level=info msg=Ganta_get_all_steps_by_project_id error= host="[::1]:48116" path=/v1/administrate/ganta status=200
time="2020-08-09T23:38:40+06:00" level=info msg=GET_FILE message="closing the file..." ok=true
time="2020-08-09T23:38:40+06:00" level=info msg=fn_rotate_log_files message="finishing the rotate fr goroutine" ok=true
