time="2020-07-28T12:33:30+06:00" level=info msg=INIT_DB message="connected to Postgres..." ok=true
time="2020-07-28T12:33:31+06:00" level=info msg=main port=7000
time="2020-07-28T12:33:37+06:00" level=info msg=INIT_DB message="connected to Postgres..." ok=true
time="2020-07-28T12:33:37+06:00" level=info msg=main port=7000
time="2020-07-28T12:34:05+06:00" level=info msg=MAIN error= host="[::1]:36522" path=/ status=200
time="2020-07-28T12:34:46+06:00" level=info msg=GET_FILE message="closing the file..." ok=true
time="2020-07-28T12:34:46+06:00" level=info msg=fn_rotate_log_files message="finishing the rotate fr goroutine" ok=true
time="2020-07-28T12:34:48+06:00" level=info msg=INIT_DB message="connected to Postgres..." ok=true
time="2020-07-28T12:34:48+06:00" level=info msg=main port=7000
time="2020-07-28T12:34:51+06:00" level=info msg=MAIN error= host="[::1]:36538" path=/ status=400
time="2020-07-28T12:36:03+06:00" level=info msg=GET_FILE message="closing the file..." ok=true
time="2020-07-28T12:36:03+06:00" level=info msg=fn_rotate_log_files message="finishing the rotate fr goroutine" ok=true
time="2020-07-28T12:36:05+06:00" level=info msg=INIT_DB message="connected to Postgres..." ok=true
time="2020-07-28T12:36:05+06:00" level=info msg=main port=7000
time="2020-07-28T12:36:08+06:00" level=info msg=MAIN error= host="[::1]:36554" path=/ status=400
time="2020-07-28T12:36:24+06:00" level=info msg=GET_FILE message="closing the file..." ok=true
time="2020-07-28T12:36:24+06:00" level=info msg=fn_rotate_log_files message="finishing the rotate fr goroutine" ok=true
time="2020-07-28T12:36:26+06:00" level=info msg=INIT_DB message="connected to Postgres..." ok=true
time="2020-07-28T12:36:26+06:00" level=info msg=main port=7000
time="2020-07-28T12:36:29+06:00" level=info msg=MAIN error= host="[::1]:36568" path=/ status=400
time="2020-07-28T12:39:19+06:00" level=info msg=GET_FILE message="closing the file..." ok=true
time="2020-07-28T12:39:19+06:00" level=info msg=fn_rotate_log_files message="finishing the rotate fr goroutine" ok=true
time="2020-07-28T12:39:21+06:00" level=info msg=INIT_DB message="connected to Postgres..." ok=true
time="2020-07-28T12:39:21+06:00" level=info msg=main port=7000
time="2020-07-28T12:39:24+06:00" level=info msg=GET_FILE message="closing the file..." ok=true
time="2020-07-28T12:39:24+06:00" level=info msg=fn_rotate_log_files message="finishing the rotate fr goroutine" ok=true
time="2020-07-28T12:39:29+06:00" level=info msg=INIT_DB message="connected to Postgres..." ok=true
time="2020-07-28T12:39:29+06:00" level=info msg=main port=7000
time="2020-07-28T12:50:43+06:00" level=info msg=Investor_sign_up error= host="[::1]:36660" path=/signup/investor status=200
time="2020-07-28T13:15:35+06:00" level=info msg=INIT_DB message="connected to Postgres..." ok=true
time="2020-07-28T13:15:36+06:00" level=info msg=main port=7000
time="2020-07-28T13:15:43+06:00" level=info msg=MAIN error= host="[::1]:37204" path=/ status=400
time="2020-07-28T13:18:24+06:00" level=info msg=Investor_sign_up error= host="[::1]:37204" path=/signup/investor status=200
time="2020-07-28T13:19:46+06:00" level=info msg=INIT_DB message="connected to Postgres..." ok=true
time="2020-07-28T13:19:46+06:00" level=info msg=main port=7000
time="2020-07-28T13:19:58+06:00" level=info msg=INIT_DB message="connected to Postgres..." ok=true
time="2020-07-28T13:19:58+06:00" level=info msg=main port=7000
time="2020-07-28T13:21:05+06:00" level=info msg=Investor_sign_up error= host="[::1]:37302" path=/signup/investor status=200
time="2020-07-28T13:22:35+06:00" level=info msg=INIT_DB message="connected to Postgres..." ok=true
time="2020-07-28T13:22:35+06:00" level=info msg=main port=7000
time="2020-07-28T13:54:53+06:00" level=info msg=INIT_DB message="connected to Postgres..." ok=true
time="2020-07-28T13:54:53+06:00" level=info msg=main port=7000
time="2020-07-28T13:56:08+06:00" level=info msg=Investor_sign_up error= host="[::1]:37758" path=/signup/investor status=200
time="2020-07-28T13:57:17+06:00" level=info msg=INIT_DB message="connected to Postgres..." ok=true
time="2020-07-28T13:57:17+06:00" level=info msg=main port=7000
time="2020-07-28T13:57:25+06:00" level=info msg=Investor_sign_up error= host="[::1]:37816" path=/signup/investor status=200
time="2020-07-28T16:55:58+06:00" level=info msg=INIT_DB message="connected to Postgres..." ok=true
time="2020-07-28T16:55:58+06:00" level=info msg=main port=7000
time="2020-07-28T16:56:11+06:00" level=info msg=Investor_sign_up error= host="[::1]:38966" path=/signup/investor status=200
time="2020-07-28T16:59:43+06:00" level=info msg=INIT_DB message="connected to Postgres..." ok=true
time="2020-07-28T16:59:43+06:00" level=info msg=main port=7000
time="2020-07-28T17:00:59+06:00" level=info msg=INIT_DB message="connected to Postgres..." ok=true
time="2020-07-28T17:00:59+06:00" level=info msg=main port=7000
time="2020-07-28T17:02:04+06:00" level=info msg=INIT_DB message="connected to Postgres..." ok=true
time="2020-07-28T17:02:04+06:00" level=info msg=main port=7000
time="2020-07-28T17:02:57+06:00" level=info msg=INIT_DB message="connected to Postgres..." ok=true
time="2020-07-28T17:02:57+06:00" level=info msg=main port=7000
time="2020-07-28T17:18:30+06:00" level=info msg=INIT_DB message="connected to Postgres..." ok=true
time="2020-07-28T17:18:30+06:00" level=info msg=main port=7000
time="2020-07-28T17:18:38+06:00" level=info msg=Sign_in error="record not found" host="[::1]:39224" path=/signin status=400
time="2020-07-28T17:21:40+06:00" level=info msg=INIT_DB message="connected to Postgres..." ok=true
time="2020-07-28T17:21:40+06:00" level=info msg=main port=7000
time="2020-07-28T17:21:47+06:00" level=info msg=Sign_in error="record not found" host="[::1]:39264" path=/signin status=400
time="2020-07-28T17:21:58+06:00" level=info msg=INIT_DB message="connected to Postgres..." ok=true
time="2020-07-28T17:21:58+06:00" level=info msg=main port=7000
time="2020-07-28T17:22:53+06:00" level=info msg=INIT_DB message="connected to Postgres..." ok=true
time="2020-07-28T17:22:53+06:00" level=info msg=main port=7000
time="2020-07-28T17:23:51+06:00" level=info msg=INIT_DB message="connected to Postgres..." ok=true
time="2020-07-28T17:23:52+06:00" level=info msg=main port=7000
time="2020-07-28T17:24:20+06:00" level=info msg=Sign_in error="there is not such user. user: invest1" host="[::1]:39326" path=/signin status=400
time="2020-07-28T17:24:22+06:00" level=info msg=Sign_in error="record not found" host="[::1]:39332" path=/signin status=400
time="2020-07-28T17:24:30+06:00" level=info msg=INIT_DB message="connected to Postgres..." ok=true
time="2020-07-28T17:24:30+06:00" level=info msg=main port=7000
time="2020-07-28T17:25:59+06:00" level=info msg=INIT_DB message="connected to Postgres..." ok=true
time="2020-07-28T17:25:59+06:00" level=info msg=main port=7000
time="2020-07-28T17:28:18+06:00" level=info msg=INIT_DB message="connected to Postgres..." ok=true
time="2020-07-28T17:28:18+06:00" level=info msg=main port=7000
time="2020-07-28T17:31:53+06:00" level=info msg=INIT_DB message="connected to Postgres..." ok=true
time="2020-07-28T17:31:53+06:00" level=info msg=main port=7000
time="2020-07-28T17:31:56+06:00" level=info msg=Investor_sign_up error= host="[::1]:39466" path=/signup/investor status=200
time="2020-07-28T17:31:58+06:00" level=info msg=Sign_in error="crypto/bcrypt: hashedSecret too short to be a bcrypted password" host="[::1]:39466" path=/signin status=400
time="2020-07-28T17:32:55+06:00" level=info msg=GET_FILE message="closing the file..." ok=true
time="2020-07-28T17:32:55+06:00" level=info msg=fn_rotate_log_files message="finishing the rotate fr goroutine" ok=true
time="2020-07-28T17:32:58+06:00" level=info msg=INIT_DB message="connected to Postgres..." ok=true
time="2020-07-28T17:32:58+06:00" level=info msg=main port=7000
time="2020-07-28T17:33:18+06:00" level=info msg=Investor_sign_up error= host="[::1]:39510" path=/signup/investor status=200
time="2020-07-28T17:33:21+06:00" level=info msg=Sign_in error="crypto/bcrypt: hashedSecret too short to be a bcrypted password" host="[::1]:39510" path=/signin status=400
time="2020-07-28T17:44:34+06:00" level=info msg=GET_FILE message="closing the file..." ok=true
time="2020-07-28T17:44:34+06:00" level=info msg=fn_rotate_log_files message="finishing the rotate fr goroutine" ok=true
time="2020-07-28T17:44:37+06:00" level=info msg=INIT_DB message="connected to Postgres..." ok=true
time="2020-07-28T17:44:37+06:00" level=info msg=main port=7000
time="2020-07-28T17:44:43+06:00" level=info msg=Investor_sign_up error= host="[::1]:39618" path=/signup/investor status=200
time="2020-07-28T17:44:54+06:00" level=info msg=Sign_in error="crypto/bcrypt: hashedSecret too short to be a bcrypted password" host="[::1]:39618" path=/signin status=400
time="2020-07-28T17:45:59+06:00" level=info msg=GET_FILE message="closing the file..." ok=true
time="2020-07-28T17:45:59+06:00" level=info msg=fn_rotate_log_files message="finishing the rotate fr goroutine" ok=true
time="2020-07-28T17:46:01+06:00" level=info msg=INIT_DB message="connected to Postgres..." ok=true
time="2020-07-28T17:46:01+06:00" level=info msg=main port=7000
time="2020-07-28T17:46:09+06:00" level=info msg=Sign_in error="crypto/bcrypt: hashedSecret too short to be a bcrypted password" host="[::1]:39652" path=/signin status=400
time="2020-07-28T17:49:20+06:00" level=info msg=INIT_DB message="connected to Postgres..." ok=true
time="2020-07-28T17:49:21+06:00" level=info msg=main port=7000
time="2020-07-28T17:49:38+06:00" level=info msg=Investor_sign_up error="pq: relation \"emails\" does not exist" host="[::1]:39776" path=/signup/investor status=400
time="2020-07-28T17:50:12+06:00" level=info msg=GET_FILE message="closing the file..." ok=true
time="2020-07-28T17:50:12+06:00" level=info msg=fn_rotate_log_files message="finishing the rotate fr goroutine" ok=true
time="2020-07-28T17:50:15+06:00" level=info msg=INIT_DB message="connected to Postgres..." ok=true
time="2020-07-28T17:50:15+06:00" level=info msg=main port=7000
time="2020-07-28T17:50:25+06:00" level=info msg=Investor_sign_up error= host="[::1]:39794" path=/signup/investor status=200
time="2020-07-28T17:50:28+06:00" level=info msg=Sign_in error="crypto/bcrypt: hashedSecret too short to be a bcrypted password" host="[::1]:39794" path=/signin status=400
time="2020-07-28T17:50:41+06:00" level=info msg=GET_FILE message="closing the file..." ok=true
time="2020-07-28T17:50:41+06:00" level=info msg=fn_rotate_log_files message="finishing the rotate fr goroutine" ok=true
time="2020-07-28T17:50:44+06:00" level=info msg=INIT_DB message="connected to Postgres..." ok=true
time="2020-07-28T17:50:44+06:00" level=info msg=main port=7000
time="2020-07-28T17:53:00+06:00" level=info msg=INIT_DB message="connected to Postgres..." ok=true
time="2020-07-28T17:53:00+06:00" level=info msg=main port=7000
time="2020-07-28T17:53:03+06:00" level=info msg=Investor_sign_up error= host="[::1]:39862" path=/signup/investor status=200
time="2020-07-28T17:53:08+06:00" level=info msg=Sign_in error="crypto/bcrypt: hashedSecret too short to be a bcrypted password" host="[::1]:39862" path=/signin status=400
time="2020-07-28T17:55:25+06:00" level=info msg=GET_FILE message="closing the file..." ok=true
time="2020-07-28T17:55:25+06:00" level=info msg=fn_rotate_log_files message="finishing the rotate fr goroutine" ok=true
time="2020-07-28T17:55:28+06:00" level=info msg=INIT_DB message="connected to Postgres..." ok=true
time="2020-07-28T17:55:28+06:00" level=info msg=main port=7000
time="2020-07-28T17:55:40+06:00" level=info msg=GET_FILE message="closing the file..." ok=true
time="2020-07-28T17:55:40+06:00" level=info msg=fn_rotate_log_files message="finishing the rotate fr goroutine" ok=true
time="2020-07-28T17:55:42+06:00" level=info msg=INIT_DB message="connected to Postgres..." ok=true
time="2020-07-28T17:55:42+06:00" level=info msg=main port=7000
time="2020-07-28T17:55:47+06:00" level=info msg=GET_FILE message="closing the file..." ok=true
time="2020-07-28T17:55:47+06:00" level=info msg=fn_rotate_log_files message="finishing the rotate fr goroutine" ok=true
time="2020-07-28T17:55:50+06:00" level=info msg=INIT_DB message="connected to Postgres..." ok=true
time="2020-07-28T17:55:50+06:00" level=info msg=main port=7000
time="2020-07-28T17:55:57+06:00" level=info msg=Investor_sign_up error= host="[::1]:39966" path=/signup/investor status=200
time="2020-07-28T17:55:59+06:00" level=info msg=Sign_in error="crypto/bcrypt: hashedSecret too short to be a bcrypted password" host="[::1]:39966" path=/signin status=400
time="2020-07-28T17:56:10+06:00" level=info msg=Sign_in error="crypto/bcrypt: hashedSecret too short to be a bcrypted password" host="[::1]:39966" path=/signin status=400
time="2020-07-28T18:00:06+06:00" level=info msg=GET_FILE message="closing the file..." ok=true
time="2020-07-28T18:00:06+06:00" level=info msg=fn_rotate_log_files message="finishing the rotate fr goroutine" ok=true
time="2020-07-28T18:00:08+06:00" level=info msg=INIT_DB message="connected to Postgres..." ok=true
time="2020-07-28T18:00:08+06:00" level=info msg=main port=7000
time="2020-07-28T18:00:20+06:00" level=info msg=Sign_in error="crypto/bcrypt: hashedSecret too short to be a bcrypted password" host="[::1]:40056" path=/signin status=400
time="2020-07-28T18:01:10+06:00" level=info msg=GET_FILE message="closing the file..." ok=true
time="2020-07-28T18:01:10+06:00" level=info msg=fn_rotate_log_files message="finishing the rotate fr goroutine" ok=true
time="2020-07-28T18:01:12+06:00" level=info msg=INIT_DB message="connected to Postgres..." ok=true
time="2020-07-28T18:01:13+06:00" level=info msg=main port=7000
time="2020-07-28T18:02:02+06:00" level=info msg=INIT_DB message="connected to Postgres..." ok=true
time="2020-07-28T18:02:02+06:00" level=info msg=main port=7000
time="2020-07-28T18:02:33+06:00" level=info msg=Sign_in error="crypto/bcrypt: hashedSecret too short to be a bcrypted password" host="[::1]:40094" path=/signin status=400
time="2020-07-28T18:02:41+06:00" level=info msg=INIT_DB message="connected to Postgres..." ok=true
time="2020-07-28T18:02:41+06:00" level=info msg=main port=7000
time="2020-07-28T18:05:22+06:00" level=info msg=INIT_DB message="connected to Postgres..." ok=true
time="2020-07-28T18:05:22+06:00" level=info msg=main port=7000
time="2020-07-28T18:05:44+06:00" level=info msg=Investor_sign_up error= host="[::1]:40164" path=/signup/investor status=200
time="2020-07-28T18:05:55+06:00" level=info msg=GET_FILE message="closing the file..." ok=true
time="2020-07-28T18:05:55+06:00" level=info msg=fn_rotate_log_files message="finishing the rotate fr goroutine" ok=true
time="2020-07-28T18:05:57+06:00" level=info msg=INIT_DB message="connected to Postgres..." ok=true
time="2020-07-28T18:05:57+06:00" level=info msg=main port=7000
time="2020-07-28T18:06:15+06:00" level=info msg=Investor_sign_up error= host="[::1]:40208" path=/signup/investor status=200
time="2020-07-28T18:06:51+06:00" level=info msg=GET_FILE message="closing the file..." ok=true
time="2020-07-28T18:06:51+06:00" level=info msg=fn_rotate_log_files message="finishing the rotate fr goroutine" ok=true
time="2020-07-28T18:10:48+06:00" level=info msg=INIT_DB message="connected to Postgres..." ok=true
time="2020-07-28T18:10:48+06:00" level=info msg=main port=7000
time="2020-07-28T18:11:00+06:00" level=info msg=Investor_sign_up error= host="[::1]:40280" path=/signup/investor status=200
time="2020-07-28T18:11:06+06:00" level=info msg=Sign_in error="crypto/bcrypt: hashedSecret too short to be a bcrypted password" host="[::1]:40280" path=/signin status=400
time="2020-07-28T18:14:49+06:00" level=info msg=Investor_sign_up error="pq: relation \"emails\" does not exist" host="[::1]:40280" path=/signup/investor status=400
time="2020-07-28T18:15:02+06:00" level=info msg=GET_FILE message="closing the file..." ok=true
time="2020-07-28T18:15:02+06:00" level=info msg=fn_rotate_log_files message="finishing the rotate fr goroutine" ok=true
time="2020-07-28T18:15:04+06:00" level=info msg=INIT_DB message="connected to Postgres..." ok=true
time="2020-07-28T18:15:04+06:00" level=info msg=main port=7000
time="2020-07-28T18:15:29+06:00" level=info msg=Investor_sign_up error= host="[::1]:40344" path=/signup/investor status=200
time="2020-07-28T18:18:05+06:00" level=info msg=GET_FILE message="closing the file..." ok=true
time="2020-07-28T18:18:05+06:00" level=info msg=fn_rotate_log_files message="finishing the rotate fr goroutine" ok=true
time="2020-07-28T18:18:08+06:00" level=info msg=INIT_DB message="connected to Postgres..." ok=true
time="2020-07-28T18:18:08+06:00" level=info msg=main port=7000
time="2020-07-28T18:18:59+06:00" level=info msg=INIT_DB message="connected to Postgres..." ok=true
time="2020-07-28T18:18:59+06:00" level=info msg=main port=7000
time="2020-07-28T18:19:25+06:00" level=info msg=Investor_sign_up error="pq: relation \"emails\" does not exist" host="[::1]:40438" path=/signup/investor status=400
time="2020-07-28T18:19:39+06:00" level=info msg=INIT_DB message="connected to Postgres..." ok=true
time="2020-07-28T18:19:40+06:00" level=info msg=main port=7000
time="2020-07-28T18:19:49+06:00" level=info msg=Investor_sign_up error= host="[::1]:40460" path=/signup/investor status=200
time="2020-07-28T18:21:05+06:00" level=info msg=INIT_DB message="connected to Postgres..." ok=true
time="2020-07-28T18:21:05+06:00" level=info msg=main port=7000
time="2020-07-28T18:21:39+06:00" level=info msg=INIT_DB message="connected to Postgres..." ok=true
time="2020-07-28T18:21:39+06:00" level=info msg=main port=7000
time="2020-07-28T18:21:41+06:00" level=info msg=Sign_in error= host="[::1]:40504" path=/signin status=400
time="2020-07-28T18:27:38+06:00" level=info msg=GET_FILE message="closing the file..." ok=true
time="2020-07-28T18:27:38+06:00" level=info msg=fn_rotate_log_files message="finishing the rotate fr goroutine" ok=true
time="2020-07-28T18:27:41+06:00" level=info msg=INIT_DB message="connected to Postgres..." ok=true
time="2020-07-28T18:27:41+06:00" level=info msg=main port=7000
time="2020-07-28T18:27:42+06:00" level=info msg=Sign_in error= host="[::1]:40544" path=/signin status=400
time="2020-07-28T18:28:26+06:00" level=info msg=GET_FILE message="closing the file..." ok=true
time="2020-07-28T18:28:26+06:00" level=info msg=fn_rotate_log_files message="finishing the rotate fr goroutine" ok=true
time="2020-07-28T18:28:28+06:00" level=info msg=INIT_DB message="connected to Postgres..." ok=true
time="2020-07-28T18:28:28+06:00" level=info msg=main port=7000
time="2020-07-28T18:28:30+06:00" level=info msg=Sign_in error= host="[::1]:40560" path=/signin status=400
time="2020-07-28T18:29:14+06:00" level=info msg=GET_FILE message="closing the file..." ok=true
time="2020-07-28T18:29:14+06:00" level=info msg=fn_rotate_log_files message="finishing the rotate fr goroutine" ok=true
time="2020-07-28T18:29:16+06:00" level=info msg=INIT_DB message="connected to Postgres..." ok=true
time="2020-07-28T18:29:16+06:00" level=info msg=main port=7000
time="2020-07-28T18:29:19+06:00" level=info msg=Sign_in error= host="[::1]:40576" path=/signin status=400
time="2020-07-28T18:29:58+06:00" level=info msg=GET_FILE message="closing the file..." ok=true
time="2020-07-28T18:29:58+06:00" level=info msg=fn_rotate_log_files message="finishing the rotate fr goroutine" ok=true
time="2020-07-28T18:30:00+06:00" level=info msg=INIT_DB message="connected to Postgres..." ok=true
time="2020-07-28T18:30:00+06:00" level=info msg=main port=7000
time="2020-07-28T18:30:03+06:00" level=info msg=Sign_in error= host="[::1]:40590" path=/signin status=400
time="2020-07-28T18:48:19+06:00" level=info msg=Investor_sign_up error= host="[::1]:40590" path=/signup/investor status=200
time="2020-07-28T18:50:35+06:00" level=info msg=GET_FILE message="closing the file..." ok=true
time="2020-07-28T18:50:35+06:00" level=info msg=fn_rotate_log_files message="finishing the rotate fr goroutine" ok=true
time="2020-07-28T18:50:37+06:00" level=info msg=INIT_DB message="connected to Postgres..." ok=true
time="2020-07-28T18:50:37+06:00" level=info msg=main port=7000
time="2020-07-28T18:50:41+06:00" level=info msg=Investor_sign_up error= host="[::1]:40814" path=/signup/investor status=200
time="2020-07-28T19:04:58+06:00" level=info msg=GET_FILE message="closing the file..." ok=true
time="2020-07-28T19:04:58+06:00" level=info msg=fn_rotate_log_files message="finishing the rotate fr goroutine" ok=true
time="2020-07-28T19:05:00+06:00" level=info msg=INIT_DB message="connected to Postgres..." ok=true
time="2020-07-28T19:05:00+06:00" level=info msg=main port=7000
time="2020-07-28T19:05:04+06:00" level=info msg=Investor_sign_up error= host="[::1]:40920" path=/signup/investor status=200
time="2020-07-28T19:05:07+06:00" level=info msg=Sign_in error="account is not verified yet" host="[::1]:40920" path=/signin status=400
time="2020-07-28T19:14:07+06:00" level=info msg=GET_FILE message="closing the file..." ok=true
time="2020-07-28T19:14:07+06:00" level=info msg=fn_rotate_log_files message="finishing the rotate fr goroutine" ok=true
time="2020-07-28T19:18:12+06:00" level=info msg=INIT_DB message="connected to Postgres..." ok=true
time="2020-07-28T19:18:12+06:00" level=info msg=main port=7000
time="2020-07-28T19:18:28+06:00" level=info msg=Investor_sign_up error="pq: relation \"emails\" does not exist" host="[::1]:41054" path=/signup/investor status=400
time="2020-07-28T19:19:25+06:00" level=info msg=GET_FILE message="closing the file..." ok=true
time="2020-07-28T19:19:25+06:00" level=info msg=fn_rotate_log_files message="finishing the rotate fr goroutine" ok=true
time="2020-07-28T19:19:27+06:00" level=info msg=INIT_DB message="connected to Postgres..." ok=true
time="2020-07-28T19:19:27+06:00" level=info msg=main port=7000
time="2020-07-28T19:19:48+06:00" level=info msg=Investor_sign_up error= host="[::1]:41084" path=/signup/investor status=200
time="2020-07-28T19:20:05+06:00" level=info msg=GET_FILE message="closing the file..." ok=true
time="2020-07-28T19:20:05+06:00" level=info msg=fn_rotate_log_files message="finishing the rotate fr goroutine" ok=true
time="2020-07-28T19:20:08+06:00" level=info msg=INIT_DB message="connected to Postgres..." ok=true
time="2020-07-28T19:20:08+06:00" level=info msg=main port=7000
time="2020-07-28T19:23:26+06:00" level=info msg=INIT_DB message="connected to Postgres..." ok=true
time="2020-07-28T19:23:26+06:00" level=info msg=main port=7000
time="2020-07-28T19:23:40+06:00" level=info msg=INIT_DB message="connected to Postgres..." ok=true
time="2020-07-28T19:23:41+06:00" level=info msg=main port=7000
time="2020-07-28T19:23:58+06:00" level=info msg=Investor_sign_up error= host="[::1]:41202" path=/signup/investor status=200
time="2020-07-28T19:37:59+06:00" level=info msg=INIT_DB message="connected to Postgres..." ok=true
time="2020-07-28T19:37:59+06:00" level=info msg=main port=7000
time="2020-07-28T19:40:24+06:00" level=info msg=INIT_DB message="connected to Postgres..." ok=true
time="2020-07-28T19:40:24+06:00" level=info msg=main port=7000
time="2020-07-28T19:41:28+06:00" level=info msg=INIT_DB message="connected to Postgres..." ok=true
time="2020-07-28T19:41:28+06:00" level=info msg=main port=7000
time="2020-07-28T19:42:51+06:00" level=info msg=Sign_in error="crypto/bcrypt: hashedPassword is not the hash of the given password" host="[::1]:41378" path=/signin status=400
time="2020-07-28T19:45:31+06:00" level=info msg=INIT_DB message="connected to Postgres..." ok=true
time="2020-07-28T19:45:31+06:00" level=info msg=main port=7000
time="2020-07-28T19:45:45+06:00" level=info msg=Sign_in error= host="[::1]:41418" path=/signin status=400
time="2020-07-28T19:47:26+06:00" level=info msg=INIT_DB message="connected to Postgres..." ok=true
time="2020-07-28T19:47:27+06:00" level=info msg=main port=7000
time="2020-07-28T19:47:32+06:00" level=info msg=Sign_in error= host="[::1]:41446" path=/signin status=400
time="2020-07-28T19:52:12+06:00" level=info msg=Sign_in error="account is not verified yet" host="[::1]:41446" path=/signin status=400
