time="2020-09-29T01:53:37+06:00" level=info msg=INIT_DB message="connected to Postgres..." ok=true
time="2020-09-29T01:53:37+06:00" level=info msg=main port=7000
time="2020-09-29T01:54:20+06:00" level=info msg=INIT_DB message="connected to Postgres..." ok=true
time="2020-09-29T01:54:20+06:00" level=info msg=main port=7000
time="2020-09-29T01:57:18+06:00" level=info msg=INIT_DB message="connected to Postgres..." ok=true
time="2020-09-29T01:57:18+06:00" level=info msg=main port=7000
time="2020-09-29T02:07:19+06:00" level=info msg=INIT_DB message="connected to Postgres..." ok=true
time="2020-09-29T02:07:19+06:00" level=info msg=main port=7000
time="2020-09-29T02:08:32+06:00" level=info msg=INIT_DB message="connected to Postgres..." ok=true
time="2020-09-29T02:08:33+06:00" level=info msg=main port=7000
time="2020-09-29T02:09:30+06:00" level=info msg=INIT_DB message="connected to Postgres..." ok=true
time="2020-09-29T02:09:31+06:00" level=info msg=main port=7000
time="2020-09-29T02:09:53+06:00" level=info msg=INIT_DB message="connected to Postgres..." ok=true
time="2020-09-29T02:09:53+06:00" level=info msg=main port=7000
time="2020-09-29T02:12:29+06:00" level=info msg=INIT_DB message="connected to Postgres..." ok=true
time="2020-09-29T02:21:40+06:00" level=info msg=INIT_DB message="connected to Postgres..." ok=true
time="2020-09-29T02:23:01+06:00" level=info msg=INIT_DB message="connected to Postgres..." ok=true
time="2020-09-29T02:23:02+06:00" level=info msg=main port=7000
time="2020-09-29T02:23:59+06:00" level=info msg=INIT_DB message="connected to Postgres..." ok=true
time="2020-09-29T02:24:00+06:00" level=info msg=main port=7000
time="2020-09-29T02:28:17+06:00" level=info msg=INIT_DB message="connected to Postgres..." ok=true
time="2020-09-29T02:28:17+06:00" level=info msg=main port=7000
time="2020-09-29T02:28:56+06:00" level=info msg=INIT_DB message="connected to Postgres..." ok=true
time="2020-09-29T02:28:56+06:00" level=info msg=main port=7000
time="2020-09-29T02:43:26+06:00" level=info msg=INIT_DB message="connected to Postgres..." ok=true
time="2020-09-29T02:43:26+06:00" level=info msg=main port=7000
time="2020-09-29T02:47:13+06:00" level=info msg=INIT_DB message="connected to Postgres..." ok=true
time="2020-09-29T02:47:13+06:00" level=info msg=main port=7000
time="2020-09-29T02:48:14+06:00" level=info msg=INIT_DB message="connected to Postgres..." ok=true
time="2020-09-29T02:48:14+06:00" level=info msg=main port=7000
time="2020-09-29T02:50:18+06:00" level=info msg=INIT_DB message="connected to Postgres..." ok=true
time="2020-09-29T02:50:18+06:00" level=info msg=main port=7000
time="2020-09-29T02:53:15+06:00" level=info msg=INIT_DB message="connected to Postgres..." ok=true
time="2020-09-29T02:53:15+06:00" level=info msg=main port=7000
time="2020-09-29T02:59:32+06:00" level=info msg=INIT_DB message="connected to Postgres..." ok=true
time="2020-09-29T02:59:32+06:00" level=info msg=main port=7000
time="2020-09-29T03:03:25+06:00" level=info msg=INIT_DB message="connected to Postgres..." ok=true
time="2020-09-29T03:03:56+06:00" level=info msg=main port=7000
time="2020-09-29T03:04:29+06:00" level=info msg=INIT_DB message="connected to Postgres..." ok=true
time="2020-09-29T03:04:38+06:00" level=info msg=main port=7000
time="2020-09-29T07:28:32+06:00" level=info msg="User_get_own_info 1" error= host="[::1]:53814" path=/v1/profile/own status=200
time="2020-09-29T07:30:04+06:00" level=info msg="Get_full_user_info 1" error="record not found" host="[::1]:53814" path=/v1/profile/other status=404
time="2020-09-29T07:30:09+06:00" level=info msg="Get_full_user_info 1" error="record not found" host="[::1]:53814" path=/v1/profile/other status=404
time="2020-09-29T18:15:08+06:00" level=info msg=INIT_DB message="connected to Postgres..." ok=true
time="2020-09-29T18:15:09+06:00" level=info msg=main port=7000
time="2020-09-29T18:16:53+06:00" level=info msg="JWT_TOKEN 1" error="could not be split correctly" host="[::1]:56794" path=/v1/project/docs status=421
time="2020-09-29T18:17:12+06:00" level=info msg="Sign_in 3" error= host="[::1]:56800" path=/v1/signin status=200
time="2020-09-29T18:18:56+06:00" level=info msg="Project_add_document_to_project add" error= host="[::1]:56800" path=/v1/project/docs status=200
time="2020-09-29T18:23:59+06:00" level=info msg="Get_full_user_info 1" error="record not found" host="[::1]:56800" path=/v1/profile/other status=404
time="2020-09-29T18:24:11+06:00" level=info msg="Sign_in 3" error= host="[::1]:56800" path=/v1/signin status=200
time="2020-09-29T18:24:19+06:00" level=info msg="Sign_in 3" error= host="[::1]:56800" path=/v1/signin status=200
time="2020-09-29T18:24:31+06:00" level=info error="only admins can access. your role is: investor" host="[::1]:56800" path=/v1/profile/other status=405
time="2020-09-29T18:24:45+06:00" level=info msg="User_get_own_info 1" error= host="[::1]:56800" path=/v1/profile/own status=200
time="2020-09-29T18:26:07+06:00" level=info msg="Sign_in 3" error= host="[::1]:56800" path=/v1/signin status=200
time="2020-09-29T18:26:25+06:00" level=info msg="User_get_own_info 1" error= host="[::1]:56800" path=/v1/profile/own status=200
time="2020-09-29T18:26:38+06:00" level=info msg="Get_full_user_info 1" error= host="[::1]:56800" path=/v1/profile/other status=200
time="2020-09-29T18:26:56+06:00" level=info msg="Get_full_user_info 1" error= host="[::1]:56800" path=/v1/profile/other status=200
time="2020-09-29T18:27:18+06:00" level=info msg="User_get_own_info 1" error= host="[::1]:56800" path=/v1/profile/own status=200
time="2020-09-29T18:31:56+06:00" level=info msg="JWT_TOKEN 1" error="could not be split correctly" host="[::1]:56800" path=/v1/project/docs status=421
time="2020-09-29T18:35:30+06:00" level=info msg="JWT_TOKEN 1" error="could not be split correctly" host="[::1]:56800" path=/v1/project/docs status=421
time="2020-09-29T18:35:58+06:00" level=info msg="Ganta_get_parent_ganta_steps ganta" error="can't preload field Document for model.Ganta" host="[::1]:56800" path=/v1/project/docs status=417
time="2020-09-29T18:38:55+06:00" level=info msg="Ganta_get_parent_ganta_steps ganta" error="can't preload field Document for model.Ganta" host="[::1]:56800" path=/v1/project/docs status=417
time="2020-09-29T18:39:00+06:00" level=info msg=INIT_DB message="connected to Postgres..." ok=true
time="2020-09-29T18:39:01+06:00" level=info msg=main port=7000
time="2020-09-29T18:39:15+06:00" level=info msg="Ganta_get_parent_ganta_steps ganta" error= host="[::1]:57022" path=/v1/project/docs status=200
time="2020-09-29T18:40:41+06:00" level=info msg="Ganta_get_parent_ganta_steps ganta" error= host="[::1]:57022" path=/v1/project/docs status=200
time="2020-09-29T18:40:46+06:00" level=info msg=INIT_DB message="connected to Postgres..." ok=true
time="2020-09-29T18:40:46+06:00" level=info msg=main port=7000
time="2020-09-29T18:40:51+06:00" level=info msg="Ganta_get_parent_ganta_steps ganta" error= host="[::1]:57054" path=/v1/project/docs status=200
time="2020-09-29T18:42:27+06:00" level=info msg="Ganta_get_parent_ganta_steps ganta" error= host="[::1]:57054" path=/v1/project/docs status=200
time="2020-09-29T18:42:32+06:00" level=info msg=INIT_DB message="connected to Postgres..." ok=true
time="2020-09-29T18:42:33+06:00" level=info msg=main port=7000
time="2020-09-29T18:42:38+06:00" level=info msg="Ganta_get_parent_ganta_steps ganta" error= host="[::1]:57078" path=/v1/project/docs status=200
time="2020-09-29T18:43:03+06:00" level=info msg=INIT_DB message="connected to Postgres..." ok=true
time="2020-09-29T18:43:03+06:00" level=info msg=main port=7000
time="2020-09-29T18:43:30+06:00" level=info msg="Ganta_get_parent_ganta_steps ganta" error= host="[::1]:57098" path=/v1/project/docs status=200
time="2020-09-29T18:43:35+06:00" level=info msg=INIT_DB message="connected to Postgres..." ok=true
time="2020-09-29T18:43:36+06:00" level=info msg=main port=7000
time="2020-09-29T18:43:40+06:00" level=info msg="Ganta_get_parent_ganta_steps ganta" error= host="[::1]:57118" path=/v1/project/docs status=200
time="2020-09-29T18:44:39+06:00" level=info msg="Ganta_get_parent_ganta_steps ganta" error= host="[::1]:57118" path=/v1/project/docs status=200
time="2020-09-29T18:44:43+06:00" level=info msg=INIT_DB message="connected to Postgres..." ok=true
time="2020-09-29T18:44:44+06:00" level=info msg=main port=7000
time="2020-09-29T18:44:51+06:00" level=info msg="Ganta_get_parent_ganta_steps ganta" error= host="[::1]:57140" path=/v1/project/docs status=200
time="2020-09-29T18:52:11+06:00" level=info msg="JWT_TOKEN 1" error="could not be split correctly" host="[::1]:57140" path=/v1/ganta/restricted/parents status=421
time="2020-09-29T18:52:23+06:00" level=info msg="JWT_TOKEN 1" error="could not be split correctly" host="[::1]:57140" path=/v1/ganta/restricted/parents status=421
time="2020-09-29T18:52:32+06:00" level=info msg="Ganta_get_parent_ganta_steps is" error="not admin, investor of the project or spk user, who is assigned to it" host="[::1]:57140" path=/v1/ganta/restricted/parents status=405
time="2020-09-29T18:54:13+06:00" level=info msg="Ganta_get_parent_ganta_steps is" error="not admin, investor of the project or spk user, who is assigned to it" host="[::1]:57140" path=/v1/ganta/restricted/parents status=405
time="2020-09-29T18:54:19+06:00" level=info msg=INIT_DB message="connected to Postgres..." ok=true
time="2020-09-29T18:54:19+06:00" level=info msg=main port=7000
time="2020-09-29T18:56:04+06:00" level=info msg="Ganta_get_parent_ganta_steps is" error="not admin, investor of the project or spk user, who is assigned to it" host="[::1]:57250" path=/v1/ganta/restricted/parents status=405
time="2020-09-29T18:56:32+06:00" level=info msg="Ganta_get_parent_ganta_steps ganta" error= host="[::1]:57250" path=/v1/ganta/restricted/parents status=200
time="2020-09-29T19:28:19+06:00" level=info msg=INIT_DB message="connected to Postgres..." ok=true
time="2020-09-29T19:28:20+06:00" level=info msg=main port=7000
time="2020-09-29T19:28:26+06:00" level=info msg="Ganta_get_parent_ganta_steps ganta" error= host="[::1]:57734" path=/v1/ganta/restricted/parents status=200
time="2020-09-29T19:30:47+06:00" level=info msg="Project_get_status_of_project check" error="not admin, investor of the project or spk user, who is assigned to it" host="[::1]:57734" path=/v1/project/status status=405
time="2020-09-29T19:31:05+06:00" level=info msg="Project_get_status_of_project check" error= host="[::1]:57734" path=/v1/project/status status=200
time="2020-09-29T19:31:21+06:00" level=info msg="Project_get_status_of_project check" error= host="[::1]:57734" path=/v1/project/status status=200
time="2020-09-29T19:31:50+06:00" level=info msg=INIT_DB message="connected to Postgres..." ok=true
time="2020-09-29T19:31:50+06:00" level=info msg=main port=7000
time="2020-09-29T19:33:45+06:00" level=info msg="Project_get_status_of_project check" error= host="[::1]:57774" path=/v1/project/status status=200
time="2020-09-29T19:35:55+06:00" level=info msg=INIT_DB message="connected to Postgres..." ok=true
time="2020-09-29T19:35:55+06:00" level=info msg=main port=7000
time="2020-09-29T19:36:04+06:00" level=info error= host="[::1]:57822" path=/v1/project/status status=200
time="2020-09-29T19:38:36+06:00" level=info msg=INIT_DB message="connected to Postgres..." ok=true
time="2020-09-29T19:38:36+06:00" level=info msg=main port=7000
time="2020-09-29T19:38:42+06:00" level=info error= host="[::1]:57862" path=/v1/project/status status=200
time="2020-09-29T19:39:07+06:00" level=info msg=INIT_DB message="connected to Postgres..." ok=true
time="2020-09-29T19:39:07+06:00" level=info msg=main port=7000
time="2020-09-29T19:39:11+06:00" level=info error= host="[::1]:57880" path=/v1/project/status status=200
time="2020-09-29T19:39:34+06:00" level=info msg=INIT_DB message="connected to Postgres..." ok=true
time="2020-09-29T19:39:35+06:00" level=info msg=main port=7000
time="2020-09-29T19:39:41+06:00" level=info error= host="[::1]:57902" path=/v1/project/status status=200
