time="2020-08-05T12:02:14+06:00" level=info msg=INIT_DB message="connected to Postgres..." ok=true
time="2020-08-05T12:02:15+06:00" level=info msg=main port=7000
time="2020-08-05T12:02:49+06:00" level=info msg=INIT_DB message="connected to Postgres..." ok=true
time="2020-08-05T12:02:49+06:00" level=info msg=main port=7000
time="2020-08-05T12:04:04+06:00" level=info msg=INIT_DB message="connected to Postgres..." ok=true
time="2020-08-05T12:04:04+06:00" level=info msg=main port=7000
time="2020-08-05T12:04:19+06:00" level=info msg="Create_project 2" error= host="[::1]:60960" path=/v1/projects_make_changes/project status=200
time="2020-08-05T12:06:06+06:00" level=info msg=GET_FILE message="closing the file..." ok=true
time="2020-08-05T12:06:06+06:00" level=info msg=fn_rotate_log_files message="finishing the rotate fr goroutine" ok=true
time="2020-08-05T12:06:09+06:00" level=info msg=INIT_DB message="connected to Postgres..." ok=true
time="2020-08-05T12:06:09+06:00" level=info msg=main port=7000
time="2020-08-05T12:06:14+06:00" level=info msg="Create_project 2" error= host="[::1]:32794" path=/v1/projects_make_changes/project status=200
time="2020-08-05T12:08:36+06:00" level=info msg=GET_FILE message="closing the file..." ok=true
time="2020-08-05T12:08:36+06:00" level=info msg=fn_rotate_log_files message="finishing the rotate fr goroutine" ok=true
time="2020-08-05T12:08:39+06:00" level=info msg=INIT_DB message="connected to Postgres..." ok=true
time="2020-08-05T12:08:39+06:00" level=info msg=main port=7000
time="2020-08-05T12:08:44+06:00" level=info msg=Project_add_document_to_project error= host="[::1]:32932" path=/v1/projects_make_changes/project/docs status=200
time="2020-08-05T12:13:58+06:00" level=info msg=GET_FILE message="closing the file..." ok=true
time="2020-08-05T12:13:58+06:00" level=info msg=fn_rotate_log_files message="finishing the rotate fr goroutine" ok=true
time="2020-08-05T12:14:01+06:00" level=info msg=INIT_DB message="connected to Postgres..." ok=true
time="2020-08-05T12:14:01+06:00" level=info msg=main port=7000
time="2020-08-05T12:14:12+06:00" level=info msg="Create_project 2" error= host="[::1]:33036" path=/v1/projects_make_changes/project status=200
time="2020-08-05T12:15:34+06:00" level=info msg=Project_add_document_to_project error= host="[::1]:33036" path=/v1/projects_make_changes/project/docs status=200
time="2020-08-05T12:16:23+06:00" level=info msg=INIT_DB message="connected to Postgres..." ok=true
time="2020-08-05T12:16:23+06:00" level=info msg=main port=7000
time="2020-08-05T12:16:27+06:00" level=info msg=Project_add_document_to_project error= host="[::1]:33088" path=/v1/projects_make_changes/project/docs status=200
time="2020-08-05T12:20:56+06:00" level=info msg=INIT_DB message="connected to Postgres..." ok=true
time="2020-08-05T12:20:57+06:00" level=info msg=main port=7000
time="2020-08-05T12:21:10+06:00" level=info msg="Create_project 2" error= host="[::1]:33180" path=/v1/projects_make_changes/project status=200
time="2020-08-05T12:21:53+06:00" level=info msg=Project_add_document_to_project error= host="[::1]:33180" path=/v1/projects_make_changes/project/docs status=200
time="2020-08-05T12:22:03+06:00" level=info msg=Project_add_document_to_project error= host="[::1]:33180" path=/v1/projects_make_changes/project/docs status=200
time="2020-08-05T12:22:29+06:00" level=info msg=INIT_DB message="connected to Postgres..." ok=true
time="2020-08-05T12:22:30+06:00" level=info msg=main port=7000
time="2020-08-05T12:22:41+06:00" level=info msg=Project_add_document_to_project error="pq: duplicate key value violates unique constraint \"documents_name_key\"" host="[::1]:33228" path=/v1/projects_make_changes/project/docs status=400
time="2020-08-05T12:25:09+06:00" level=info msg=INIT_DB message="connected to Postgres..." ok=true
time="2020-08-05T12:25:09+06:00" level=info msg=main port=7000
time="2020-08-05T12:25:22+06:00" level=info msg=Project_add_document_to_project error="pq: duplicate key value violates unique constraint \"documents_name_key\"" host="[::1]:33280" path=/v1/projects_make_changes/project/docs status=400
time="2020-08-05T12:26:09+06:00" level=info msg=Project_add_document_to_project error="pq: duplicate key value violates unique constraint \"documents_name_key\"" host="[::1]:33280" path=/v1/projects_make_changes/project/docs status=400
time="2020-08-05T12:26:19+06:00" level=info msg=INIT_DB message="connected to Postgres..." ok=true
time="2020-08-05T12:26:20+06:00" level=info msg=main port=7000
time="2020-08-05T12:26:30+06:00" level=info msg=Project_add_document_to_project error="pq: duplicate key value violates unique constraint \"documents_name_key\"" host="[::1]:33318" path=/v1/projects_make_changes/project/docs status=400
time="2020-08-05T12:27:09+06:00" level=info msg=INIT_DB message="connected to Postgres..." ok=true
time="2020-08-05T12:27:10+06:00" level=info msg=main port=7000
time="2020-08-05T12:28:05+06:00" level=info msg=Project_add_document_to_project error= host="[::1]:33346" path=/v1/projects_make_changes/project/docs status=200
time="2020-08-05T12:28:23+06:00" level=info msg=Project_add_document_to_project error= host="[::1]:33346" path=/v1/projects_make_changes/project/docs status=200
time="2020-08-05T12:28:28+06:00" level=info msg=INIT_DB message="connected to Postgres..." ok=true
time="2020-08-05T12:28:28+06:00" level=info msg=main port=7000
time="2020-08-05T12:28:54+06:00" level=info msg=INIT_DB message="connected to Postgres..." ok=true
time="2020-08-05T12:28:55+06:00" level=info msg=main port=7000
time="2020-08-06T16:46:13+06:00" level=info msg=GET_FILE message="closing the file..." ok=true
time="2020-08-06T16:46:13+06:00" level=info msg=fn_rotate_log_files message="finishing the rotate fr goroutine" ok=true
