time="2020-08-27T00:50:20+06:00" level=info msg=INIT_DB message="connected to Postgres..." ok=true
time="2020-08-27T00:50:20+06:00" level=info msg=main port=7000
time="2020-08-27T00:50:22+06:00" level=info msg=GET_FILE message="closing the file..." ok=true
time="2020-08-27T00:50:22+06:00" level=info msg=fn_rotate_log_files message="finishing the rotate fr goroutine" ok=true
time="2020-08-27T01:05:55+06:00" level=info msg=INIT_DB message="connected to Postgres..." ok=true
time="2020-08-27T01:05:55+06:00" level=info msg=main port=7000
time="2020-08-27T01:06:52+06:00" level=info msg="check_whether_user_has_such_permission 2" error="user has not got such permission or invalid parameters have been provided" host="[::1]:47130" path=/v1/all/signin status=405
time="2020-08-27T01:06:52+06:00" level=info msg="Sign_in 3" error= host="[::1]:47130" path=/v1/all/signin status=200
time="2020-08-27T01:46:08+06:00" level=info msg=GET_FILE message="closing the file..." ok=true
time="2020-08-27T01:46:08+06:00" level=info msg=fn_rotate_log_files message="finishing the rotate fr goroutine" ok=true
time="2020-08-27T01:46:34+06:00" level=info msg=INIT_DB message="connected to Postgres..." ok=true
time="2020-08-27T01:46:34+06:00" level=info msg=main port=7000
time="2020-08-27T01:46:58+06:00" level=info msg="Sign_in 3" error= host="[::1]:47470" path=/v1/all/signin status=200
time="2020-08-27T01:48:03+06:00" level=info msg=INIT_DB message="connected to Postgres..." ok=true
time="2020-08-27T01:48:03+06:00" level=info msg=main port=7000
time="2020-08-27T01:48:22+06:00" level=info msg="Sign_in 3" error= host="[::1]:47500" path=/v1/all/signin status=200
time="2020-08-27T01:49:29+06:00" level=info msg=INIT_DB message="connected to Postgres..." ok=true
time="2020-08-27T01:49:30+06:00" level=info msg=main port=7000
time="2020-08-27T01:49:43+06:00" level=info msg="Sign_in 3" error= host="[::1]:47534" path=/v1/all/signin status=200
time="2020-08-27T01:57:37+06:00" level=info msg=INIT_DB message="connected to Postgres..." ok=true
time="2020-08-27T01:57:37+06:00" level=info msg=main port=7000
time="2020-08-27T01:57:44+06:00" level=info msg="Sign_in 3" error= host="[::1]:47658" path=/v1/all/signin status=200
time="2020-08-27T01:58:28+06:00" level=info msg="User_project_get_all 1" error= host="[::1]:47658" path=/v1/projects_see_own/project status=200
time="2020-08-27T07:21:14+06:00" level=info msg=INIT_DB message="connected to Postgres..." ok=true
time="2020-08-27T07:21:14+06:00" level=info msg=main port=7000
time="2020-08-27T07:22:06+06:00" level=info msg=INIT_DB message="connected to Postgres..." ok=true
time="2020-08-27T07:22:06+06:00" level=info msg=main port=7000
time="2020-08-27T07:26:59+06:00" level=info msg=INIT_DB message="connected to Postgres..." ok=true
time="2020-08-27T07:27:00+06:00" level=info msg=main port=7000
time="2020-08-27T07:27:48+06:00" level=info msg=INIT_DB message="connected to Postgres..." ok=true
time="2020-08-27T07:27:48+06:00" level=info msg=main port=7000
time="2020-08-27T07:30:14+06:00" level=info msg=INIT_DB message="connected to Postgres..." ok=true
time="2020-08-27T07:30:15+06:00" level=info msg=main port=7000
time="2020-08-27T07:36:23+06:00" level=info msg=INIT_DB message="connected to Postgres..." ok=true
time="2020-08-27T07:36:24+06:00" level=info msg=main port=7000
time="2020-08-27T07:36:50+06:00" level=info msg=INIT_DB message="connected to Postgres..." ok=true
time="2020-08-27T07:36:50+06:00" level=info msg=main port=7000
time="2020-08-27T08:00:11+06:00" level=info msg=INIT_DB message="connected to Postgres..." ok=true
time="2020-08-27T08:00:11+06:00" level=info msg=main port=7000
time="2020-08-27T08:17:26+06:00" level=info msg=INIT_DB message="connected to Postgres..." ok=true
time="2020-08-27T08:17:27+06:00" level=info msg=main port=7000
time="2020-08-27T08:17:51+06:00" level=info msg=INIT_DB message="connected to Postgres..." ok=true
time="2020-08-27T08:17:52+06:00" level=info msg=main port=7000
time="2020-08-27T08:19:21+06:00" level=info msg=INIT_DB message="connected to Postgres..." ok=true
time="2020-08-27T08:19:22+06:00" level=info msg=main port=7000
time="2020-08-27T08:19:46+06:00" level=info msg=INIT_DB message="connected to Postgres..." ok=true
time="2020-08-27T08:19:46+06:00" level=info msg=main port=7000
time="2020-08-27T08:20:24+06:00" level=info msg=INIT_DB message="connected to Postgres..." ok=true
time="2020-08-27T08:20:25+06:00" level=info msg=main port=7000
time="2020-08-27T08:26:08+06:00" level=info msg=INIT_DB message="connected to Postgres..." ok=true
time="2020-08-27T08:26:09+06:00" level=info msg=main port=7000
time="2020-08-27T08:30:24+06:00" level=info error= host="[::1]:48934" path=/v1/projects_make_changes/project status=200
time="2020-08-27T14:49:13+06:00" level=info msg=INIT_DB message="connected to Postgres..." ok=true
time="2020-08-27T14:49:13+06:00" level=info msg=main port=7000
time="2020-08-27T14:49:35+06:00" level=info msg="Sign_in 3" error= host="[::1]:38348" path=/v1/all/signin status=200
time="2020-08-27T14:51:47+06:00" level=info error="pq: duplicate key value violates unique constraint \"projects_name_key\"" host="[::1]:38348" path=/v1/projects_make_changes/project status=417
time="2020-08-27T14:59:24+06:00" level=info msg=INIT_DB message="connected to Postgres..." ok=true
time="2020-08-27T14:59:24+06:00" level=info msg=main port=7000
