time="2020-07-30T16:06:51+06:00" level=info msg=INIT_DB message="connected to Postgres..." ok=true
time="2020-07-30T16:08:01+06:00" level=info msg=INIT_DB message="connected to Postgres..." ok=true
time="2020-07-30T16:08:30+06:00" level=info msg=INIT_DB message="connected to Postgres..." ok=true
time="2020-07-30T16:11:37+06:00" level=info msg=INIT_DB message="connected to Postgres..." ok=true
time="2020-07-30T17:28:38+06:00" level=info msg=INIT_DB message="connected to Postgres..." ok=true
time="2020-07-30T17:29:59+06:00" level=info msg=INIT_DB message="connected to Postgres..." ok=true
time="2020-07-30T17:30:32+06:00" level=info msg=INIT_DB message="connected to Postgres..." ok=true
time="2020-07-30T17:31:06+06:00" level=info msg=INIT_DB message="connected to Postgres..." ok=true
time="2020-07-30T17:31:06+06:00" level=info msg=main port=7000
time="2020-07-30T17:31:32+06:00" level=info msg=GET_FILE message="closing the file..." ok=true
time="2020-07-30T17:31:32+06:00" level=info msg=fn_rotate_log_files message="finishing the rotate fr goroutine" ok=true
time="2020-07-30T17:32:24+06:00" level=info msg=INIT_DB message="connected to Postgres..." ok=true
time="2020-07-30T17:32:52+06:00" level=info msg=INIT_DB message="connected to Postgres..." ok=true
time="2020-07-30T17:34:08+06:00" level=info msg=INIT_DB message="connected to Postgres..." ok=true
time="2020-07-30T17:34:46+06:00" level=info msg=INIT_DB message="connected to Postgres..." ok=true
time="2020-07-30T17:34:46+06:00" level=info msg=main port=7000
time="2020-07-30T19:12:44+06:00" level=info msg=GET_FILE message="closing the file..." ok=true
time="2020-07-30T19:12:44+06:00" level=info msg=fn_rotate_log_files message="finishing the rotate fr goroutine" ok=true
time="2020-07-30T19:12:46+06:00" level=info msg=INIT_DB message="connected to Postgres..." ok=true
time="2020-07-30T19:12:47+06:00" level=info msg=main port=7000
time="2020-07-30T19:12:57+06:00" level=info msg=MAIN error= host="[::1]:47612" path=/ status=400
time="2020-07-31T02:29:13+06:00" level=info msg=GET_FILE message="closing the file..." ok=true
time="2020-07-31T02:29:13+06:00" level=info msg=fn_rotate_log_files message="finishing the rotate fr goroutine" ok=true
