time="2020-12-02T19:21:37+06:00" level=info msg=main port=7000
time="2020-12-02T19:21:42+06:00" level=info msg=GET_FILE message="closing the file..." ok=true
time="2020-12-02T19:21:42+06:00" level=info msg=fn_rotate_log_files message="finishing the rotate fr goroutine" ok=true
time="2020-12-02T19:22:06+06:00" level=info msg=main port=7000
time="2020-12-02T19:22:07+06:00" level=info msg=GET_FILE message="closing the file..." ok=true
time="2020-12-02T19:22:07+06:00" level=info msg=fn_rotate_log_files message="finishing the rotate fr goroutine" ok=true
time="2020-12-02T19:28:00+06:00" level=info msg=main port=7000
time="2020-12-02T19:28:17+06:00" level=info msg=MAIN error= host="[::1]:44876" path=/v1/home status=400
time="2020-12-02T19:29:08+06:00" level=info msg=GET_FILE message="closing the file..." ok=true
time="2020-12-02T19:29:08+06:00" level=info msg=fn_rotate_log_files message="finishing the rotate fr goroutine" ok=true
time="2020-12-02T19:29:11+06:00" level=info msg=main port=7000
time="2020-12-02T19:29:13+06:00" level=info error= host="[::1]:44894" path=/v1/home status=200
time="2020-12-02T20:33:43+06:00" level=info msg=GET_FILE message="closing the file..." ok=true
time="2020-12-02T20:33:43+06:00" level=info msg=fn_rotate_log_files message="finishing the rotate fr goroutine" ok=true
time="2020-12-02T20:33:47+06:00" level=info msg=main port=7000
time="2020-12-02T20:33:51+06:00" level=info msg=GET_FILE message="closing the file..." ok=true
time="2020-12-02T20:33:51+06:00" level=info msg=fn_rotate_log_files message="finishing the rotate fr goroutine" ok=true
time="2020-12-02T20:35:41+06:00" level=warning msg=INIT_DB message="open /home/yerassyl/go/src/invest/env/sendgrid.env: no such file or directory" ok=false
time="2020-12-02T20:35:41+06:00" level=info msg=main port=7000
time="2020-12-02T20:37:37+06:00" level=info msg=GET_FILE message="closing the file..." ok=true
time="2020-12-02T20:37:37+06:00" level=info msg=fn_rotate_log_files message="finishing the rotate fr goroutine" ok=true
time="2020-12-02T20:37:40+06:00" level=info msg=main port=7000
time="2020-12-02T20:37:45+06:00" level=info error= host="[::1]:45350" path=/v1/home status=200
time="2020-12-02T20:37:51+06:00" level=info error= host="[::1]:45350" path=/v1/home status=200
