time="2020-10-18T03:06:34+06:00" level=info msg=main port=7000
time="2020-10-18T03:06:39+06:00" level=info msg="Sign_in 3" error= host="[::1]:45504" path=/v1/signin status=200
time="2020-10-18T03:07:00+06:00" level=info msg="Sign_in 3" error="record not found" host="[::1]:45504" path=/v1/signin status=404
time="2020-10-18T03:07:46+06:00" level=info msg="Sign_in 3" error="password either does not match or invalid" host="[::1]:45504" path=/v1/signin status=400
time="2020-10-18T03:09:25+06:00" level=info msg=GET_FILE message="closing the file..." ok=true
time="2020-10-18T03:09:25+06:00" level=info msg=fn_rotate_log_files message="finishing the rotate fr goroutine" ok=true
time="2020-10-18T03:09:29+06:00" level=info msg=main port=7000
time="2020-10-18T03:09:31+06:00" level=info msg="Sign_in 3" error="password either does not match or invalid" host="[::1]:46938" path=/v1/signin status=400
time="2020-10-18T03:09:49+06:00" level=info msg=GET_FILE message="closing the file..." ok=true
time="2020-10-18T03:09:49+06:00" level=info msg=fn_rotate_log_files message="finishing the rotate fr goroutine" ok=true
time="2020-10-18T03:10:45+06:00" level=info msg=main port=7000
time="2020-10-18T03:11:18+06:00" level=info msg="Sign_in 3" error="password either does not match or invalid" host="[::1]:47856" path=/v1/signin status=400
time="2020-10-18T03:11:36+06:00" level=info msg="Sign_in 3" error= host="[::1]:47856" path=/v1/signin status=200
time="2020-10-18T03:11:59+06:00" level=info msg=GET_FILE message="closing the file..." ok=true
time="2020-10-18T03:11:59+06:00" level=info msg=fn_rotate_log_files message="finishing the rotate fr goroutine" ok=true
time="2020-10-18T03:12:03+06:00" level=info msg=main port=7000
time="2020-10-18T03:12:05+06:00" level=info msg="Sign_in 3" error="password either does not match or invalid" host="[::1]:48266" path=/v1/signin status=400
time="2020-10-18T03:12:10+06:00" level=info msg="Sign_in 3" error="password either does not match or invalid" host="[::1]:48266" path=/v1/signin status=400
time="2020-10-18T03:12:52+06:00" level=info msg=GET_FILE message="closing the file..." ok=true
time="2020-10-18T03:12:52+06:00" level=info msg=fn_rotate_log_files message="finishing the rotate fr goroutine" ok=true
time="2020-10-18T03:12:56+06:00" level=info msg=main port=7000
time="2020-10-18T03:13:21+06:00" level=info msg="Sign_in 3" error= host="[::1]:48934" path=/v1/signin status=200
time="2020-10-18T03:13:25+06:00" level=info msg=GET_FILE message="closing the file..." ok=true
time="2020-10-18T03:13:25+06:00" level=info msg=fn_rotate_log_files message="finishing the rotate fr goroutine" ok=true
time="2020-10-18T03:13:36+06:00" level=info msg=main port=7000
time="2020-10-18T03:13:44+06:00" level=info msg="Sign_in 3" error= host="[::1]:49178" path=/v1/signin status=200
time="2020-10-18T03:14:31+06:00" level=info msg="Sign_in 3" error= host="[::1]:49178" path=/v1/signin status=200
time="2020-10-18T03:14:59+06:00" level=info msg="Sign_in 3" error= host="[::1]:49178" path=/v1/signin status=200
time="2020-10-18T03:16:15+06:00" level=info msg="Sign_in 3" error= host="[::1]:49178" path=/v1/signin status=200
time="2020-10-18T03:37:49+06:00" level=info msg="Sign_in 3" error="password either does not match or invalid" host="[::1]:49178" path=/v1/signin status=400
time="2020-10-18T04:13:09+06:00" level=info msg=main port=7000
time="2020-10-18T04:13:22+06:00" level=info msg="User_project_get_all own" error= host="[::1]:39140" path=/v1/list/projects/own status=200
time="2020-10-18T04:13:28+06:00" level=info msg="Get_all_projects get" error= host="[::1]:39140" path=/v1/list/projects/all status=200
time="2020-10-18T04:13:48+06:00" level=info msg=GET_FILE message="closing the file..." ok=true
time="2020-10-18T04:13:48+06:00" level=info msg=fn_rotate_log_files message="finishing the rotate fr goroutine" ok=true
time="2020-10-18T04:13:58+06:00" level=info msg=main port=7000
time="2020-10-18T04:14:09+06:00" level=info msg="Get_all_projects get" error= host="[::1]:39164" path=/v1/list/projects/all status=200
time="2020-10-18T04:14:14+06:00" level=info msg="Get_all_projects get" error= host="[::1]:39164" path=/v1/list/projects/all status=200
time="2020-10-18T04:14:17+06:00" level=info msg="Get_all_projects get" error= host="[::1]:39164" path=/v1/list/projects/all status=200
time="2020-10-18T04:14:18+06:00" level=info msg="Get_all_projects get" error= host="[::1]:39164" path=/v1/list/projects/all status=200
time="2020-10-18T04:14:34+06:00" level=info msg="Get_all_projects get" error= host="[::1]:39164" path=/v1/list/projects/all status=200
time="2020-10-18T04:14:40+06:00" level=info msg="User_project_get_all own" error= host="[::1]:39164" path=/v1/list/projects/own status=200
time="2020-10-18T04:14:54+06:00" level=info msg="User_project_get_all own" error= host="[::1]:39164" path=/v1/list/projects/own status=200
time="2020-10-18T04:19:47+06:00" level=info msg=GET_FILE message="closing the file..." ok=true
time="2020-10-18T04:19:47+06:00" level=info msg=fn_rotate_log_files message="finishing the rotate fr goroutine" ok=true
time="2020-10-18T04:19:58+06:00" level=info msg=main port=7000
time="2020-10-18T04:44:05+06:00" level=info msg=GET_FILE message="closing the file..." ok=true
time="2020-10-18T04:44:05+06:00" level=info msg=fn_rotate_log_files message="finishing the rotate fr goroutine" ok=true
time="2020-10-18T04:44:16+06:00" level=info msg=main port=7000
time="2020-10-18T04:44:18+06:00" level=info msg="Analysis_get analysis" error= host="[::1]:39668" path=/v1/analysis status=200
time="2020-10-18T04:45:06+06:00" level=info msg=GET_FILE message="closing the file..." ok=true
time="2020-10-18T04:45:06+06:00" level=info msg=fn_rotate_log_files message="finishing the rotate fr goroutine" ok=true
time="2020-10-18T04:45:21+06:00" level=info msg=main port=7000
time="2020-10-18T04:53:36+06:00" level=info msg=fn_rotate_log_files message="finishing the rotate fr goroutine" ok=true
time="2020-10-18T04:53:36+06:00" level=info msg=GET_FILE message="closing the file..." ok=true
time="2020-10-18T04:53:48+06:00" level=info msg=main port=7000
time="2020-10-18T04:53:54+06:00" level=info msg="Analysis_get analysis" error= host="[::1]:39786" path=/v1/analysis status=200
time="2020-10-18T05:01:11+06:00" level=info msg=GET_FILE message="closing the file..." ok=true
time="2020-10-18T05:01:11+06:00" level=info msg=fn_rotate_log_files message="finishing the rotate fr goroutine" ok=true
time="2020-10-18T05:01:23+06:00" level=info msg=main port=7000
time="2020-10-18T05:01:28+06:00" level=info msg="Analysis_get analysis" error= host="[::1]:39902" path=/v1/analysis status=200
time="2020-10-18T05:03:41+06:00" level=info msg=GET_FILE message="closing the file..." ok=true
time="2020-10-18T05:03:41+06:00" level=info msg=fn_rotate_log_files message="finishing the rotate fr goroutine" ok=true
time="2020-10-18T05:03:51+06:00" level=info msg=main port=7000
time="2020-10-18T05:03:53+06:00" level=info msg="Analysis_get analysis" error= host="[::1]:39936" path=/v1/analysis status=200
time="2020-10-18T05:04:42+06:00" level=info msg=GET_FILE message="closing the file..." ok=true
time="2020-10-18T05:04:42+06:00" level=info msg=fn_rotate_log_files message="finishing the rotate fr goroutine" ok=true
time="2020-10-18T05:04:52+06:00" level=info msg=main port=7000
time="2020-10-18T05:04:52+06:00" level=info msg="Analysis_get analysis" error= host="[::1]:39964" path=/v1/analysis status=200
time="2020-10-18T05:05:35+06:00" level=info msg="Analysis_get analysis" error= host="[::1]:39964" path=/v1/analysis status=200
time="2020-10-18T05:07:02+06:00" level=info msg=GET_FILE message="closing the file..." ok=true
time="2020-10-18T05:07:02+06:00" level=info msg=fn_rotate_log_files message="finishing the rotate fr goroutine" ok=true
time="2020-10-18T05:07:13+06:00" level=info msg=main port=7000
time="2020-10-18T05:07:16+06:00" level=info msg="Analysis_get analysis" error= host="[::1]:40072" path=/v1/analysis status=200
time="2020-10-18T05:07:55+06:00" level=info msg=GET_FILE message="closing the file..." ok=true
time="2020-10-18T05:07:55+06:00" level=info msg=fn_rotate_log_files message="finishing the rotate fr goroutine" ok=true
time="2020-10-18T05:08:05+06:00" level=info msg=main port=7000
time="2020-10-18T05:08:05+06:00" level=info msg="Analysis_get analysis" error= host="[::1]:40092" path=/v1/analysis status=200
time="2020-10-18T05:08:35+06:00" level=info msg=fn_rotate_log_files message="finishing the rotate fr goroutine" ok=true
time="2020-10-18T05:08:35+06:00" level=info msg=GET_FILE message="closing the file..." ok=true
time="2020-10-18T05:08:45+06:00" level=info msg=main port=7000
time="2020-10-18T05:08:49+06:00" level=info msg="Analysis_get analysis" error= host="[::1]:40106" path=/v1/analysis status=200
time="2020-10-18T05:33:56+06:00" level=info msg=GET_FILE message="closing the file..." ok=true
time="2020-10-18T05:33:56+06:00" level=info msg=fn_rotate_log_files message="finishing the rotate fr goroutine" ok=true
time="2020-10-18T05:34:07+06:00" level=info msg=main port=7000
time="2020-10-18T05:34:08+06:00" level=info msg="Analysis_get analysis" error= host="[::1]:40430" path=/v1/analysis status=200
time="2020-10-18T05:36:36+06:00" level=info msg=GET_FILE message="closing the file..." ok=true
time="2020-10-18T05:36:36+06:00" level=info msg=fn_rotate_log_files message="finishing the rotate fr goroutine" ok=true
time="2020-10-18T05:36:51+06:00" level=info msg=main port=7000
time="2020-10-18T05:36:51+06:00" level=info msg="Analysis_get analysis" error= host="[::1]:40500" path=/v1/analysis status=200
time="2020-10-18T05:45:49+06:00" level=info msg=GET_FILE message="closing the file..." ok=true
time="2020-10-18T05:45:49+06:00" level=info msg=fn_rotate_log_files message="finishing the rotate fr goroutine" ok=true
time="2020-10-18T05:46:04+06:00" level=info msg=main port=7000
time="2020-10-18T05:46:09+06:00" level=info msg="Analysis_get analysis" error= host="[::1]:41068" path=/v1/analysis status=200
time="2020-10-18T06:09:25+06:00" level=info msg=GET_FILE message="closing the file..." ok=true
time="2020-10-18T06:09:25+06:00" level=info msg=fn_rotate_log_files message="finishing the rotate fr goroutine" ok=true
time="2020-10-18T06:10:16+06:00" level=info msg=main port=7000
time="2020-10-18T06:13:02+06:00" level=info msg="Get_all_assigned_users_to_project get" error="record not found" host="[::1]:41426" path=/v1/list/users/by_project status=417
time="2020-10-18T06:13:09+06:00" level=info msg="Get_all_assigned_users_to_project get" error= host="[::1]:41426" path=/v1/list/users/by_project status=200
time="2020-10-18T06:13:14+06:00" level=info msg="User_project_get_all 1" error= host="[::1]:41426" path=/v1/list/projects/by_user status=200
time="2020-10-18T06:13:23+06:00" level=info msg="Get_all_projects get" error= host="[::1]:41426" path=/v1/list/projects/all status=200
time="2020-10-18T06:13:36+06:00" level=info msg="User_project_get_all own" error= host="[::1]:41426" path=/v1/list/projects/own status=200
time="2020-10-18T06:13:55+06:00" level=info msg="User_project_get_all own" error= host="[::1]:41426" path=/v1/list/projects/own status=200
time="2020-10-18T06:14:31+06:00" level=info msg="User_project_get_all own" error= host="[::1]:41426" path=/v1/list/projects/own status=200
time="2020-10-18T06:14:36+06:00" level=info msg="User_project_get_all own" error= host="[::1]:41426" path=/v1/list/projects/own status=200
time="2020-10-18T06:14:43+06:00" level=info msg="User_project_get_all own" error= host="[::1]:41426" path=/v1/list/projects/own status=200
time="2020-10-18T06:14:57+06:00" level=info msg="User_project_get_all own" error= host="[::1]:41426" path=/v1/list/projects/own status=200
time="2020-10-18T06:15:03+06:00" level=info msg="User_project_get_all own" error= host="[::1]:41426" path=/v1/list/projects/own status=200
time="2020-10-18T06:15:19+06:00" level=info msg="Get_all_projects get" error= host="[::1]:41426" path=/v1/list/projects/all status=200
time="2020-10-18T06:15:25+06:00" level=info msg="Get_all_projects get" error= host="[::1]:41426" path=/v1/list/projects/all status=200
time="2020-10-18T06:21:17+06:00" level=info msg=GET_FILE message="closing the file..." ok=true
time="2020-10-18T06:21:17+06:00" level=info msg=fn_rotate_log_files message="finishing the rotate fr goroutine" ok=true
time="2020-10-18T06:21:30+06:00" level=info msg=main port=7000
time="2020-10-18T06:21:30+06:00" level=info msg="Get_all_projects get" error= host="[::1]:41562" path=/v1/list/projects/all status=200
time="2020-10-18T06:21:42+06:00" level=info msg="Get_all_projects get" error= host="[::1]:41562" path=/v1/list/projects/all status=200
time="2020-10-18T06:21:53+06:00" level=info msg="Get_all_projects get" error= host="[::1]:41562" path=/v1/list/projects/all status=200
time="2020-10-18T06:22:00+06:00" level=info msg=GET_FILE message="closing the file..." ok=true
time="2020-10-18T06:22:00+06:00" level=info msg=fn_rotate_log_files message="finishing the rotate fr goroutine" ok=true
time="2020-10-18T06:38:47+06:00" level=info msg=main port=7000
time="2020-10-18T06:38:57+06:00" level=info msg="User_project_get_all 1" error= host="[::1]:41804" path=/v1/list/projects/by_user status=200
time="2020-10-18T06:39:05+06:00" level=info msg="User_project_get_all 1" error= host="[::1]:41804" path=/v1/list/projects/by_user status=200
time="2020-10-18T06:39:10+06:00" level=info msg="User_project_get_all 1" error= host="[::1]:41804" path=/v1/list/projects/by_user status=200
time="2020-10-18T06:39:20+06:00" level=info msg="User_project_get_all 1" error= host="[::1]:41804" path=/v1/list/projects/by_user status=200
time="2020-10-18T06:39:22+06:00" level=info msg="User_project_get_all 1" error= host="[::1]:41804" path=/v1/list/projects/by_user status=200
time="2020-10-18T06:40:08+06:00" level=info msg="User_project_get_all 1" error= host="[::1]:41804" path=/v1/list/projects/by_user status=200
time="2020-10-18T06:40:15+06:00" level=info msg="Get_all_assigned_users_to_project get" error= host="[::1]:41804" path=/v1/list/users/by_project status=200
time="2020-10-18T06:40:24+06:00" level=info msg="Analysis_get analysis" error= host="[::1]:41804" path=/v1/analysis/file status=200
time="2020-10-18T06:41:02+06:00" level=info msg="Analysis_get analysis" error= host="[::1]:41804" path=/v1/analysis/file status=200
time="2020-10-18T08:13:04+06:00" level=info msg=GET_FILE message="closing the file..." ok=true
time="2020-10-18T08:13:04+06:00" level=info msg=fn_rotate_log_files message="finishing the rotate fr goroutine" ok=true
time="2020-10-18T08:13:21+06:00" level=info msg=main port=7000
time="2020-10-18T08:39:29+06:00" level=info msg=GET_FILE message="closing the file..." ok=true
time="2020-10-18T08:39:29+06:00" level=info msg=fn_rotate_log_files message="finishing the rotate fr goroutine" ok=true
time="2020-10-18T08:39:48+06:00" level=info msg=main port=7000
time="2020-10-18T08:41:34+06:00" level=info error="there is a nil element inside the map. get info by bin" host="[::1]:50374" path=/v1/organization status=503
time="2020-10-18T08:42:32+06:00" level=info error= host="[::1]:50374" path=/v1/organization status=200
time="2020-10-18T08:45:53+06:00" level=info msg=main port=7000
time="2020-10-18T08:48:32+06:00" level=info msg=main port=7000
time="2020-10-18T08:48:45+06:00" level=info error="Get https://stat.gov.kz/api/juridicalusr/counter/gov/?bin=190240004115&lang=rus: net/http: request canceled (Client.Timeout exceeded while awaiting headers)" host="[::1]:54742" path=/v1/organization status=503
time="2020-10-18T08:52:40+06:00" level=info error="Get https://stat.gov.kz/api/juridicalusr/counter/gov/?bin=190240004115&lang=rus: net/http: request canceled (Client.Timeout exceeded while awaiting headers)" host="[::1]:54742" path=/v1/organization status=503
time="2020-10-18T08:53:16+06:00" level=info msg="Sign_in 3" error="password either does not match or invalid" host="[::1]:57064" path=/v1/signin status=400
time="2020-10-18T08:53:37+06:00" level=info msg="Sign_in 3" error= host="[::1]:57064" path=/v1/signin status=200
time="2020-10-18T08:53:55+06:00" level=info msg="Sign_in 3" error= host="[::1]:57064" path=/v1/signin status=200
time="2020-10-18T09:00:30+06:00" level=info msg=main port=7000
