time="2020-11-03T11:34:59+06:00" level=info msg=main port=7000
time="2020-11-03T11:37:16+06:00" level=info msg=GET_FILE message="closing the file..." ok=true
time="2020-11-03T11:37:16+06:00" level=info msg=fn_rotate_log_files message="finishing the rotate fr goroutine" ok=true
time="2020-11-03T11:37:19+06:00" level=info msg=main port=7000
time="2020-11-03T11:40:47+06:00" level=info msg=GET_FILE message="closing the file..." ok=true
time="2020-11-03T11:40:47+06:00" level=info msg=fn_rotate_log_files message="finishing the rotate fr goroutine" ok=true
time="2020-11-03T11:41:05+06:00" level=info msg=main port=7000
time="2020-11-03T11:41:09+06:00" level=info msg="smtp_create json" error=EOF host="[::1]:57748" path=/v1/smtp status=400
time="2020-11-03T11:41:09+06:00" level=info msg="smtp_create 2" error="only admins can access this" host="[::1]:57748" path=/v1/smtp status=405
time="2020-11-03T11:41:44+06:00" level=info msg=main port=7000
time="2020-11-03T11:44:41+06:00" level=info msg="smtp_create 2" error="only admins can access this" host="[::1]:57794" path=/v1/smtp status=405
time="2020-11-03T11:45:00+06:00" level=info msg=main port=7000
time="2020-11-03T11:46:01+06:00" level=info msg=main port=7000
time="2020-11-03T11:46:24+06:00" level=info msg="smtp_create resp" error="check: invalid string" host="[::1]:57832" path=/v1/smtp status=417
time="2020-11-03T11:48:50+06:00" level=info msg=main port=7000
time="2020-11-03T11:49:11+06:00" level=info msg="smtp_create resp" error= host="[::1]:57896" path=/v1/smtp status=200
time="2020-11-03T11:49:58+06:00" level=info msg="smtp_create resp" error= host="[::1]:57896" path=/v1/smtp status=200
time="2020-11-03T11:52:55+06:00" level=info msg=main port=7000
time="2020-11-03T11:53:02+06:00" level=info msg="smtp_create resp" error= host="[::1]:57936" path=/v1/smtp status=200
time="2020-11-03T11:54:57+06:00" level=info msg="JWT_TOKEN 1" error="could not be split correctly | len: 1 | token: " host="[::1]:57936" path=/v1/smtp status=421
time="2020-11-03T11:55:26+06:00" level=info msg="smtp_create resp" error= host="[::1]:57936" path=/v1/smtp status=200
time="2020-11-03T11:57:43+06:00" level=info msg=main port=7000
time="2020-11-03T11:57:51+06:00" level=info msg="smtp_create resp" error= host="[::1]:58000" path=/v1/smtp status=200
time="2020-11-03T12:00:46+06:00" level=info msg=main port=7000
time="2020-11-03T12:00:52+06:00" level=info msg="smtp_create resp" error= host="[::1]:58030" path=/v1/smtp status=200
time="2020-11-03T12:02:20+06:00" level=info msg="JWT_TOKEN 1" error="could not be split correctly | len: 1 | token: " host="[::1]:58030" path=/v1/smtp status=421
time="2020-11-03T12:02:38+06:00" level=info msg="Smtp_get 1" error= host="[::1]:58030" path=/v1/smtp status=200
time="2020-11-03T12:04:10+06:00" level=info msg="smtp_create resp" error= host="[::1]:58030" path=/v1/smtp status=200
time="2020-11-03T12:22:23+06:00" level=info msg=main port=7000
time="2020-11-03T12:32:34+06:00" level=info msg=main port=7000
time="2020-11-03T12:38:08+06:00" level=info msg=main port=7000
