time="2020-09-17T12:57:53+06:00" level=info msg=INIT_DB message="connected to Postgres..." ok=true
time="2020-09-17T12:58:02+06:00" level=info msg=main port=7000
time="2020-09-17T13:04:18+06:00" level=info msg="Project_get_all_assigned_users 1" error= host="[::1]:52128" path=/v1/administrate/project/stat status=417
time="2020-09-17T13:05:13+06:00" level=info msg=GET_FILE message="closing the file..." ok=true
time="2020-09-17T13:05:13+06:00" level=info msg=fn_rotate_log_files message="finishing the rotate fr goroutine" ok=true
time="2020-09-17T13:05:17+06:00" level=info msg=INIT_DB message="connected to Postgres..." ok=true
time="2020-09-17T13:05:29+06:00" level=info msg=main port=7000
time="2020-09-17T13:05:31+06:00" level=info msg="Project_get_all_assigned_users 1" error= host="[::1]:52740" path=/v1/administrate/project/stat status=417
time="2020-09-17T13:06:16+06:00" level=info msg=GET_FILE message="closing the file..." ok=true
time="2020-09-17T13:06:16+06:00" level=info msg=fn_rotate_log_files message="finishing the rotate fr goroutine" ok=true
time="2020-09-17T13:06:19+06:00" level=info msg=INIT_DB message="connected to Postgres..." ok=true
time="2020-09-17T13:06:36+06:00" level=info msg=main port=7000
time="2020-09-17T13:07:11+06:00" level=info msg="Project_get_all_assigned_users 1" error="record not found" host="[::1]:53314" path=/v1/administrate/project/stat status=417
time="2020-09-17T13:07:35+06:00" level=info msg="Project_get_all_assigned_users 1" error= host="[::1]:53314" path=/v1/administrate/project/stat status=200
time="2020-09-17T13:20:13+06:00" level=info msg="Project_get_all_assigned_users 1" error= host="[::1]:53314" path=/v1/administrate/project/stat status=200
time="2020-09-17T13:20:34+06:00" level=info msg="Project_get_all_assigned_users 1" error= host="[::1]:53314" path=/v1/administrate/project/stat status=200
time="2020-09-17T13:21:51+06:00" level=info msg=INIT_DB message="connected to Postgres..." ok=true
time="2020-09-17T13:22:07+06:00" level=info msg=main port=7000
time="2020-09-17T13:22:43+06:00" level=info msg="Project_get_all_assigned_users 1" error= host="[::1]:32888" path=/v1/administrate/project/stat status=200
time="2020-09-17T13:26:27+06:00" level=info msg=INIT_DB message="connected to Postgres..." ok=true
time="2020-09-17T13:26:37+06:00" level=info msg=main port=7000
time="2020-09-17T13:26:44+06:00" level=info msg="Project_get_all_assigned_users 1" error= host="[::1]:34828" path=/v1/administrate/project/stat status=200
time="2020-09-17T13:33:26+06:00" level=info msg=INIT_DB message="connected to Postgres..." ok=true
time="2020-09-17T13:33:37+06:00" level=info msg=main port=7000
time="2020-09-17T14:47:00+06:00" level=info error= host="[::1]:44366" path=/v1/administrate/user status=201
time="2020-09-17T14:50:21+06:00" level=info error= host="[::1]:44366" path=/v1/administrate/user status=200
time="2020-09-17T14:56:00+06:00" level=info msg=INIT_DB message="connected to Postgres..." ok=true
time="2020-09-17T14:56:08+06:00" level=info msg=main port=7000
time="2020-09-17T14:58:39+06:00" level=info msg=INIT_DB message="connected to Postgres..." ok=true
time="2020-09-17T14:58:47+06:00" level=info msg=INIT_DB message="connected to Postgres..." ok=true
time="2020-09-17T14:59:02+06:00" level=info msg=main port=7000
time="2020-09-17T14:59:12+06:00" level=info error= host="[::1]:51564" path=/v1/administrate/user status=200
time="2020-09-17T15:00:12+06:00" level=info msg=INIT_DB message="connected to Postgres..." ok=true
time="2020-09-17T15:00:24+06:00" level=info msg=main port=7000
time="2020-09-17T15:00:52+06:00" level=info error= host="[::1]:52276" path=/v1/administrate/user status=200
time="2020-09-17T15:02:45+06:00" level=info error= host="[::1]:52276" path=/v1/administrate/user status=200
time="2020-09-17T15:15:19+06:00" level=info msg=INIT_DB message="connected to Postgres..." ok=true
time="2020-09-17T15:15:28+06:00" level=info msg=main port=7000
time="2020-09-17T15:18:31+06:00" level=info msg="Get_project_by_project_id 1" error= host="[::1]:32868" path=/v1/administrate/project/stat status=200
time="2020-09-17T15:18:49+06:00" level=info msg="Project_get_all_assigned_users 1" error= host="[::1]:32868" path=/v1/all/project/stat status=200
time="2020-09-17T15:19:34+06:00" level=info msg="Get_project_by_project_id 1" error= host="[::1]:32868" path=/v1/administrate/project/stat status=200
time="2020-09-17T15:20:24+06:00" level=info msg="Project_get_all_assigned_users 1" error= host="[::1]:32868" path=/v1/all/project/stat status=200
time="2020-09-17T15:27:10+06:00" level=info msg="Project_get_all_assigned_users 1" error= host="[::1]:32868" path=/v1/all/project/stat status=200
time="2020-09-17T15:27:35+06:00" level=info msg=INIT_DB message="connected to Postgres..." ok=true
time="2020-09-17T15:27:45+06:00" level=info msg=main port=7000
time="2020-09-17T15:27:48+06:00" level=info msg="Project_get_all_assigned_users 1" error= host="[::1]:37374" path=/v1/administrate/project/stat status=200
time="2020-09-17T15:28:37+06:00" level=info msg="Get_project_by_project_id 1" error= host="[::1]:37374" path=/v1/all/project/stat status=200
time="2020-09-17T15:28:47+06:00" level=info msg="Project_get_all_assigned_users 1" error= host="[::1]:37374" path=/v1/administrate/project/stat status=200
time="2020-09-17T15:31:18+06:00" level=info msg=INIT_DB message="connected to Postgres..." ok=true
time="2020-09-17T15:31:27+06:00" level=info msg=main port=7000
time="2020-09-17T15:31:35+06:00" level=info msg="Project_get_all_assigned_users 1" error= host="[::1]:39190" path=/v1/administrate/project/stat status=200
time="2020-09-17T15:39:15+06:00" level=info msg="User_project_get_all 1" error= host="[::1]:39190" path=/v1/projects_see_all/project status=200
time="2020-09-17T17:50:14+06:00" level=info msg=INIT_DB message="connected to Postgres..." ok=true
time="2020-09-17T17:50:27+06:00" level=info msg=main port=7000
time="2020-09-17T17:56:25+06:00" level=info msg="Project_add_document_to_project 2" error="http: no such file" host="[::1]:46366" path=/v1/projects_make_changes/project/docs status=400
time="2020-09-17T18:01:03+06:00" level=info msg="Project_add_document_to_project 2" error="http: no such file" host="[::1]:46366" path=/v1/projects_make_changes/project/docs status=400
time="2020-09-17T18:01:04+06:00" level=info msg="Project_add_document_to_project 3" error= host="[::1]:46446" path=/v1/projects_make_changes/project/docs status=200
time="2020-09-17T20:19:28+06:00" level=info msg=INIT_DB message="connected to Postgres..." ok=true
time="2020-09-17T20:19:39+06:00" level=info msg=main port=7000
