time="2020-08-13T13:22:45+06:00" level=info msg=INIT_DB message="connected to Postgres..." ok=true
time="2020-08-13T13:22:45+06:00" level=info msg=main port=7000
time="2020-08-13T13:25:37+06:00" level=info msg=GET_FILE message="closing the file..." ok=true
time="2020-08-13T13:25:37+06:00" level=info msg=fn_rotate_log_files message="finishing the rotate fr goroutine" ok=true
time="2020-08-13T13:25:44+06:00" level=info msg=INIT_DB message="connected to Postgres..." ok=true
time="2020-08-13T13:25:45+06:00" level=info msg=main port=7000
time="2020-08-13T13:26:43+06:00" level=info msg=INIT_DB message="connected to Postgres..." ok=true
time="2020-08-13T13:26:44+06:00" level=info msg=main port=7000
time="2020-08-13T13:28:47+06:00" level=info msg=INIT_DB message="connected to Postgres..." ok=true
time="2020-08-13T13:28:47+06:00" level=info msg=main port=7000
time="2020-08-13T13:29:26+06:00" level=info msg=INIT_DB message="connected to Postgres..." ok=true
time="2020-08-13T13:29:26+06:00" level=info msg=main port=7000
time="2020-08-13T13:31:59+06:00" level=info msg=INIT_DB message="connected to Postgres..." ok=true
time="2020-08-13T13:31:59+06:00" level=info msg=main port=7000
time="2020-08-13T13:32:34+06:00" level=info msg=INIT_DB message="connected to Postgres..." ok=true
time="2020-08-13T13:32:35+06:00" level=info msg=main port=7000
time="2020-08-13T13:33:25+06:00" level=info msg=INIT_DB message="connected to Postgres..." ok=true
time="2020-08-13T13:33:25+06:00" level=info msg=main port=7000
time="2020-08-13T13:35:08+06:00" level=info msg=INIT_DB message="connected to Postgres..." ok=true
time="2020-08-13T13:35:08+06:00" level=info msg=main port=7000
time="2020-08-13T13:35:46+06:00" level=info msg=INIT_DB message="connected to Postgres..." ok=true
time="2020-08-13T13:35:46+06:00" level=info msg=main port=7000
time="2020-08-13T13:36:06+06:00" level=info msg=INIT_DB message="connected to Postgres..." ok=true
time="2020-08-13T13:36:06+06:00" level=info msg=main port=7000
time="2020-08-13T13:37:07+06:00" level=info msg=INIT_DB message="connected to Postgres..." ok=true
time="2020-08-13T13:37:08+06:00" level=info msg=main port=7000
time="2020-08-13T13:37:31+06:00" level=info msg=INIT_DB message="connected to Postgres..." ok=true
time="2020-08-13T13:37:32+06:00" level=info msg=main port=7000
time="2020-08-13T13:52:44+06:00" level=info msg=INIT_DB message="connected to Postgres..." ok=true
time="2020-08-13T13:52:44+06:00" level=info msg=main port=7000
time="2020-08-13T13:55:15+06:00" level=info msg=INIT_DB message="connected to Postgres..." ok=true
time="2020-08-13T13:55:15+06:00" level=info msg=main port=7000
time="2020-08-13T13:56:02+06:00" level=info msg=INIT_DB message="connected to Postgres..." ok=true
time="2020-08-13T13:56:03+06:00" level=info msg=main port=7000
time="2020-08-13T13:57:05+06:00" level=info msg=INIT_DB message="connected to Postgres..." ok=true
time="2020-08-13T13:57:05+06:00" level=info msg=main port=7000
time="2020-08-13T13:57:42+06:00" level=info msg=INIT_DB message="connected to Postgres..." ok=true
time="2020-08-13T13:57:42+06:00" level=info msg=main port=7000
time="2020-08-13T14:00:01+06:00" level=info msg=INIT_DB message="connected to Postgres..." ok=true
time="2020-08-13T14:00:01+06:00" level=info msg=main port=7000
time="2020-08-13T14:02:17+06:00" level=info msg=INIT_DB message="connected to Postgres..." ok=true
time="2020-08-13T14:02:17+06:00" level=info msg=main port=7000
time="2020-08-13T14:04:05+06:00" level=info msg=INIT_DB message="connected to Postgres..." ok=true
time="2020-08-13T14:04:06+06:00" level=info msg=main port=7000
time="2020-08-13T14:07:13+06:00" level=info msg=INIT_DB message="connected to Postgres..." ok=true
time="2020-08-13T14:07:14+06:00" level=info msg=main port=7000
time="2020-08-13T14:07:35+06:00" level=info msg=INIT_DB message="connected to Postgres..." ok=true
time="2020-08-13T14:07:35+06:00" level=info msg=main port=7000
time="2020-08-13T14:50:49+06:00" level=info msg=INIT_DB message="connected to Postgres..." ok=true
time="2020-08-13T14:50:49+06:00" level=info msg=main port=7000
time="2020-08-13T14:51:04+06:00" level=info msg=INIT_DB message="connected to Postgres..." ok=true
time="2020-08-13T14:51:05+06:00" level=info msg=main port=7000
time="2020-08-13T14:52:02+06:00" level=info msg=Finresult_and_project_evaluation_table error= host="[::1]:51450" path=/v1/projects_make_changes/finresult status=200
time="2020-08-13T14:52:45+06:00" level=info msg=INIT_DB message="connected to Postgres..." ok=true
time="2020-08-13T14:52:46+06:00" level=info msg=main port=7000
time="2020-08-13T15:23:39+06:00" level=info msg=INIT_DB message="connected to Postgres..." ok=true
time="2020-08-13T15:23:40+06:00" level=info msg=main port=7000
time="2020-08-13T15:24:38+06:00" level=info msg=INIT_DB message="connected to Postgres..." ok=true
time="2020-08-13T15:24:38+06:00" level=info msg=main port=7000
time="2020-08-13T15:25:20+06:00" level=info msg=INIT_DB message="connected to Postgres..." ok=true
time="2020-08-13T15:25:20+06:00" level=info msg=main port=7000
time="2020-08-13T20:11:03+06:00" level=info msg=INIT_DB message="connected to Postgres..." ok=true
time="2020-08-13T20:11:03+06:00" level=info msg=main port=7000
