time="2020-10-08T03:13:25+06:00" level=info msg=INIT_DB message="connected to Postgres..." ok=true
time="2020-10-08T03:13:25+06:00" level=info msg=main port=7000
time="2020-10-08T04:56:08+06:00" level=info msg="Get_all_projects get" error= host="[::1]:47096" path=/v1/list/projects/all status=200
time="2020-10-08T04:59:12+06:00" level=info msg="Project_add_document_to_project add" error= host="[::1]:47096" path=/v1/project/docs/file status=200
time="2020-10-08T05:01:46+06:00" level=info msg=INIT_DB message="connected to Postgres..." ok=true
time="2020-10-08T05:01:47+06:00" level=info msg=main port=7000
time="2020-10-08T05:05:19+06:00" level=info msg="Project_add_document_to_project add" error= host="[::1]:47186" path=/v1/project/docs/file status=200
time="2020-10-08T05:08:56+06:00" level=info msg=INIT_DB message="connected to Postgres..." ok=true
time="2020-10-08T05:08:57+06:00" level=info msg=main port=7000
time="2020-10-08T05:09:04+06:00" level=info msg="Project_add_document_to_project add" error= host="[::1]:47308" path=/v1/project/docs/file status=200
time="2020-10-08T05:12:46+06:00" level=info msg="Project_add_document_to_project add" error="document is already uploaded. first delete" host="[::1]:47308" path=/v1/project/docs/file status=405
time="2020-10-08T05:13:29+06:00" level=info msg="Admin_assign_user_to_project asg" error="pq: duplicate key value violates unique constraint \"projects_users_pkey\"" host="[::1]:47308" path=/v1/assign status=417
time="2020-10-08T05:16:14+06:00" level=info msg="Admin_assign_user_to_project asg" error= host="[::1]:47308" path=/v1/assign status=200
time="2020-10-08T05:17:13+06:00" level=info error="responsible: admin | your role: expert" host="[::1]:47308" path=/v1/ganta/change/status status=405
time="2020-10-08T05:17:34+06:00" level=info msg="Sign_in 3" error= host="[::1]:47308" path=/v1/signin status=200
time="2020-10-08T05:36:35+06:00" level=info msg="Ganta_shift_to_the_next_ganta_step status" error= host="[::1]:47308" path=/v1/ganta/change/status status=200
time="2020-10-08T05:36:44+06:00" level=info msg="Project_get_status_of_project check" error="record not found" host="[::1]:47308" path=/v1/project/status status=417
time="2020-10-08T05:36:50+06:00" level=info msg="Project_get_status_of_project proj" error= host="[::1]:47308" path=/v1/project/status status=200
time="2020-10-08T05:37:46+06:00" level=info msg=INIT_DB message="connected to Postgres..." ok=true
time="2020-10-08T05:37:46+06:00" level=info msg=main port=7000
time="2020-10-08T05:38:03+06:00" level=info msg="Project_remove_document remove" error="remove /home/yerassyl/go/src/invest/documents/docs/GcP76uWYnFtUCh6ZtF8uEif4mUVoU1EhkGHRJCdHaFYC6DznUI.pdf: no such file or directory" host="[::1]:47774" path=/v1/project/docs/file status=417
time="2020-10-08T05:40:26+06:00" level=info msg="Project_remove_document remove" error= host="[::1]:47774" path=/v1/project/docs/file status=200
time="2020-10-08T05:40:39+06:00" level=info msg="Project_add_document_to_project add" error= host="[::1]:47774" path=/v1/project/docs/file status=200
time="2020-10-08T05:40:44+06:00" level=info msg="Project_get_status_of_project proj" error= host="[::1]:47774" path=/v1/project/status status=200
time="2020-10-08T05:42:39+06:00" level=info msg="Sign_in 3" error= host="[::1]:47774" path=/v1/signin status=200
time="2020-10-08T05:42:51+06:00" level=info msg="Add_comment_to_project security" error="record not found" host="[::1]:47774" path=/v1/spk_comment status=405
time="2020-10-08T05:44:06+06:00" level=info msg=GET_FILE message="closing the file..." ok=true
time="2020-10-08T05:44:06+06:00" level=info msg=fn_rotate_log_files message="finishing the rotate fr goroutine" ok=true
time="2020-10-08T05:44:09+06:00" level=info msg=INIT_DB message="connected to Postgres..." ok=true
time="2020-10-08T05:44:10+06:00" level=info msg=main port=7000
time="2020-10-08T05:44:33+06:00" level=info msg="Add_comment_to_project security" error="record not found" host="[::1]:47870" path=/v1/spk_comment status=405
time="2020-10-08T05:44:33+06:00" level=info msg="Sign_in 3" error= host="[::1]:47878" path=/v1/signin status=200
time="2020-10-08T05:44:39+06:00" level=info msg=INIT_DB message="connected to Postgres..." ok=true
time="2020-10-08T05:44:40+06:00" level=info msg=main port=7000
time="2020-10-08T05:44:41+06:00" level=info msg="Sign_in 3" error= host="[::1]:47910" path=/v1/signin status=200
time="2020-10-08T05:45:58+06:00" level=info msg="Add_comment_to_project 2" error= host="[::1]:47910" path=/v1/spk_comment status=200
time="2020-10-08T05:46:04+06:00" level=info msg="Project_get_status_of_project proj" error= host="[::1]:47910" path=/v1/project/status status=200
time="2020-10-08T05:49:23+06:00" level=info msg="Project_get_status_of_project proj" error= host="[::1]:47910" path=/v1/project/status status=200
time="2020-10-08T05:50:34+06:00" level=info msg=INIT_DB message="connected to Postgres..." ok=true
time="2020-10-08T05:50:35+06:00" level=info msg=main port=7000
time="2020-10-08T05:51:26+06:00" level=info msg=INIT_DB message="connected to Postgres..." ok=true
time="2020-10-08T05:51:26+06:00" level=info msg=main port=7000
time="2020-10-08T05:52:04+06:00" level=info msg="Add_comment_to_project 2" error= host="[::1]:48046" path=/v1/spk_comment status=200
time="2020-10-08T05:54:45+06:00" level=info msg="Project_get_status_of_project proj" error= host="[::1]:48046" path=/v1/project/status status=200
time="2020-10-08T05:56:31+06:00" level=info msg="Ganta_shift_to_the_next_ganta_step status" error= host="[::1]:48046" path=/v1/ganta/change/status status=200
time="2020-10-08T05:56:38+06:00" level=info msg="Project_get_status_of_project proj" error= host="[::1]:48046" path=/v1/project/status status=200
time="2020-10-08T06:00:12+06:00" level=info msg="Project_remove_document remove" error= host="[::1]:48046" path=/v1/project/docs/file status=200
time="2020-10-08T06:00:32+06:00" level=info msg="Project_add_document_to_project add" error= host="[::1]:48046" path=/v1/project/docs/file status=200
time="2020-10-08T06:00:45+06:00" level=info msg="Project_get_status_of_project proj" error= host="[::1]:48046" path=/v1/project/status status=200
time="2020-10-08T06:02:40+06:00" level=info msg="Sign_in 3" error= host="[::1]:48046" path=/v1/signin status=200
time="2020-10-08T06:03:10+06:00" level=info msg="Add_comment_to_project 2" error= host="[::1]:48046" path=/v1/spk_comment status=200
time="2020-10-08T06:03:59+06:00" level=info msg="Project_get_status_of_project proj" error= host="[::1]:48046" path=/v1/project/status status=200
time="2020-10-08T06:04:19+06:00" level=info error="responsible: manager | your role: admin" host="[::1]:48046" path=/v1/ganta/change/status status=405
time="2020-10-08T06:06:41+06:00" level=info msg=INIT_DB message="connected to Postgres..." ok=true
time="2020-10-08T06:06:42+06:00" level=info msg=main port=7000
time="2020-10-08T06:07:01+06:00" level=info msg="Ganta_shift_to_the_next_ganta_step status" error= host="[::1]:48280" path=/v1/ganta/change/status status=200
time="2020-10-08T06:08:14+06:00" level=info msg="Project_get_status_of_project proj" error= host="[::1]:48280" path=/v1/project/status status=200
time="2020-10-08T06:10:54+06:00" level=info msg=INIT_DB message="connected to Postgres..." ok=true
time="2020-10-08T06:10:54+06:00" level=info msg=main port=7000
time="2020-10-08T06:10:58+06:00" level=info msg="Project_get_status_of_project proj" error= host="[::1]:48358" path=/v1/project/status status=200
time="2020-10-08T08:41:49+06:00" level=info msg="Project_get_status_of_project proj" error= host="[::1]:48358" path=/v1/project/status status=200
time="2020-10-08T08:42:01+06:00" level=info msg="Ganta_shift_to_the_next_ganta_step status" error= host="[::1]:48358" path=/v1/ganta/change/status status=200
time="2020-10-08T08:42:09+06:00" level=info msg="Project_get_status_of_project proj" error= host="[::1]:48358" path=/v1/project/status status=200
time="2020-10-08T08:44:17+06:00" level=info msg=INIT_DB message="connected to Postgres..." ok=true
time="2020-10-08T08:44:18+06:00" level=info msg=main port=7000
time="2020-10-08T08:50:53+06:00" level=info msg=INIT_DB message="connected to Postgres..." ok=true
time="2020-10-08T08:50:53+06:00" level=info msg=main port=7000
time="2020-10-08T08:51:00+06:00" level=info msg="Ganta_shift_to_the_next_ganta_step status" error="record not found" host="[::1]:49264" path=/v1/ganta/change/status status=417
time="2020-10-08T08:51:20+06:00" level=info msg="Ganta_shift_to_the_next_ganta_step status" error="record not found" host="[::1]:49264" path=/v1/ganta/change/status status=417
time="2020-10-08T08:52:04+06:00" level=info msg="Project_get_status_of_project proj" error= host="[::1]:49264" path=/v1/project/status status=200
time="2020-10-08T08:56:23+06:00" level=info msg="Ganta_shift_to_the_next_ganta_step status" error="record not found" host="[::1]:49264" path=/v1/ganta/change/status status=417
time="2020-10-08T08:56:36+06:00" level=info msg="Project_get_status_of_project proj" error= host="[::1]:49264" path=/v1/project/status status=200
time="2020-10-08T08:57:35+06:00" level=info msg="Ganta_shift_to_the_next_ganta_step status" error="record not found" host="[::1]:49264" path=/v1/ganta/change/status status=417
time="2020-10-08T09:03:25+06:00" level=info msg=INIT_DB message="connected to Postgres..." ok=true
time="2020-10-08T09:03:26+06:00" level=info msg=main port=7000
time="2020-10-08T09:03:33+06:00" level=info msg="Ganta_shift_to_the_next_ganta_step status" error= host="[::1]:49438" path=/v1/ganta/change/status status=200
time="2020-10-08T09:04:52+06:00" level=info msg=INIT_DB message="connected to Postgres..." ok=true
time="2020-10-08T09:04:53+06:00" level=info msg=main port=7000
time="2020-10-08T09:05:15+06:00" level=info msg="Ganta_shift_to_the_next_ganta_step status" error= host="[::1]:49478" path=/v1/ganta/change/status status=200
time="2020-10-08T09:05:24+06:00" level=info msg="Project_get_status_of_project proj" error= host="[::1]:49478" path=/v1/project/status status=200
time="2020-10-08T09:06:01+06:00" level=info msg="Ganta_shift_to_the_next_ganta_step status" error= host="[::1]:49478" path=/v1/ganta/change/status status=200
time="2020-10-08T09:07:37+06:00" level=info msg="Ganta_shift_to_the_next_ganta_step status" error= host="[::1]:49478" path=/v1/ganta/change/status status=200
time="2020-10-08T09:08:13+06:00" level=info msg="Ganta_shift_to_the_next_ganta_step status" error= host="[::1]:49478" path=/v1/ganta/change/status status=200
time="2020-10-08T09:08:25+06:00" level=info msg="Project_get_status_of_project proj" error= host="[::1]:49478" path=/v1/project/status status=200
time="2020-10-08T09:10:02+06:00" level=info msg=INIT_DB message="connected to Postgres..." ok=true
time="2020-10-08T09:10:02+06:00" level=info msg=main port=7000
time="2020-10-08T09:11:22+06:00" level=info msg=INIT_DB message="connected to Postgres..." ok=true
time="2020-10-08T09:11:23+06:00" level=info msg=main port=7000
time="2020-10-08T09:11:41+06:00" level=info msg="Project_get_status_of_project proj" error= host="[::1]:49586" path=/v1/project/status status=200
time="2020-10-08T09:12:27+06:00" level=info msg="Ganta_shift_to_the_next_ganta_step status" error= host="[::1]:49586" path=/v1/ganta/change/status status=200
time="2020-10-08T09:13:52+06:00" level=info msg="Project_get_status_of_project proj" error= host="[::1]:49586" path=/v1/project/status status=200
time="2020-10-08T09:14:05+06:00" level=info msg="Project_get_status_of_project proj" error= host="[::1]:49586" path=/v1/project/status status=200
time="2020-10-08T09:17:15+06:00" level=info msg="Project_get_status_of_project proj" error= host="[::1]:49586" path=/v1/project/status status=200
time="2020-10-08T09:18:06+06:00" level=info msg="Ganta_shift_to_the_next_ganta_step status" error= host="[::1]:49586" path=/v1/ganta/change/status status=200
time="2020-10-08T09:18:15+06:00" level=info msg="Project_get_status_of_project proj" error= host="[::1]:49586" path=/v1/project/status status=200
time="2020-10-08T09:19:41+06:00" level=info msg=INIT_DB message="connected to Postgres..." ok=true
time="2020-10-08T09:19:42+06:00" level=info msg=main port=7000
time="2020-10-08T09:20:17+06:00" level=info msg="Ganta_shift_to_the_next_ganta_step status" error= host="[::1]:49708" path=/v1/ganta/change/status status=200
time="2020-10-08T09:20:46+06:00" level=info msg=INIT_DB message="connected to Postgres..." ok=true
time="2020-10-08T09:20:47+06:00" level=info msg=main port=7000
time="2020-10-08T09:20:53+06:00" level=info msg="Ganta_shift_to_the_next_ganta_step status" error= host="[::1]:49740" path=/v1/ganta/change/status status=200
time="2020-10-08T09:21:03+06:00" level=info msg="Project_get_status_of_project proj" error="record not found" host="[::1]:49740" path=/v1/project/status status=417
time="2020-10-08T09:22:30+06:00" level=info msg=INIT_DB message="connected to Postgres..." ok=true
time="2020-10-08T09:22:30+06:00" level=info msg=main port=7000
time="2020-10-08T09:22:41+06:00" level=info msg=INIT_DB message="connected to Postgres..." ok=true
time="2020-10-08T09:22:41+06:00" level=info msg=main port=7000
time="2020-10-08T09:23:43+06:00" level=info msg="Project_get_status_of_project proj" error="record not found" host="[::1]:49818" path=/v1/project/status status=417
time="2020-10-08T09:25:00+06:00" level=info msg="Project_get_status_of_project proj" error="record not found" host="[::1]:49818" path=/v1/project/status status=417
time="2020-10-08T09:25:05+06:00" level=info msg=INIT_DB message="connected to Postgres..." ok=true
time="2020-10-08T09:25:06+06:00" level=info msg=main port=7000
time="2020-10-08T09:25:09+06:00" level=info msg="Project_get_status_of_project proj" error= host="[::1]:49878" path=/v1/project/status status=200
time="2020-10-08T09:25:39+06:00" level=info msg="Ganta_shift_to_the_next_ganta_step status" error= host="[::1]:49878" path=/v1/ganta/change/status status=200
time="2020-10-08T09:25:48+06:00" level=info msg="Project_get_status_of_project proj" error= host="[::1]:49878" path=/v1/project/status status=200
