time="2020-08-11T01:32:06+06:00" level=info msg=INIT_DB message="connected to Postgres..." ok=true
time="2020-08-11T01:32:06+06:00" level=info msg=main port=7000
time="2020-08-11T01:33:15+06:00" level=info msg=INIT_DB message="connected to Postgres..." ok=true
time="2020-08-11T01:33:16+06:00" level=info msg=main port=7000
time="2020-08-11T01:33:38+06:00" level=info msg=INIT_DB message="connected to Postgres..." ok=true
time="2020-08-11T01:33:39+06:00" level=info msg=main port=7000
time="2020-08-11T01:34:01+06:00" level=info msg=INIT_DB message="connected to Postgres..." ok=true
time="2020-08-11T01:34:01+06:00" level=info msg=main port=7000
time="2020-08-11T03:35:41+06:00" level=info msg=INIT_DB message="connected to Postgres..." ok=true
time="2020-08-11T03:35:41+06:00" level=info msg=main port=7000
time="2020-08-11T03:37:08+06:00" level=info msg=INIT_DB message="connected to Postgres..." ok=true
time="2020-08-11T03:37:08+06:00" level=info msg=main port=7000
time="2020-08-11T03:39:35+06:00" level=info msg=INIT_DB message="connected to Postgres..." ok=true
time="2020-08-11T03:39:35+06:00" level=info msg=main port=7000
time="2020-08-11T03:41:02+06:00" level=info msg=INIT_DB message="connected to Postgres..." ok=true
time="2020-08-11T03:41:02+06:00" level=info msg=main port=7000
time="2020-08-11T19:44:56+06:00" level=info msg=INIT_DB message="connected to Postgres..." ok=true
time="2020-08-11T19:44:56+06:00" level=info msg=main port=7000
time="2020-08-11T19:45:22+06:00" level=info msg=Finance_table error= host="[::1]:56816" path=/v1/projects_make_changes/finance status=200
time="2020-08-11T19:45:26+06:00" level=info msg=Finresult_and_project_evaluation_table error= host="[::1]:56816" path=/v1/projects_make_changes/finresult status=200
time="2020-08-11T19:47:19+06:00" level=info msg=GET_FILE message="closing the file..." ok=true
time="2020-08-11T19:47:19+06:00" level=info msg=fn_rotate_log_files message="finishing the rotate fr goroutine" ok=true
time="2020-08-11T19:47:22+06:00" level=info msg=INIT_DB message="connected to Postgres..." ok=true
time="2020-08-11T19:47:23+06:00" level=info msg=main port=7000
time="2020-08-11T19:48:29+06:00" level=info msg=Finresult_and_project_evaluation_table error= host="[::1]:56876" path=/v1/projects_make_changes/finresult status=200
time="2020-08-11T19:51:03+06:00" level=info msg=Finance_table error="the finance table of the project already exists" host="[::1]:56876" path=/v1/projects_make_changes/finance status=400
time="2020-08-11T19:51:36+06:00" level=info msg=Finresult_and_project_evaluation_table error= host="[::1]:56876" path=/v1/projects_make_changes/finresult status=200
time="2020-08-11T19:51:47+06:00" level=info msg=Finance_table error= host="[::1]:56876" path=/v1/projects_make_changes/finance status=200
