time="2020-09-13T12:50:41+06:00" level=info msg=INIT_DB message="connected to Postgres..." ok=true
time="2020-09-13T12:50:41+06:00" level=info msg=main port=7000
time="2020-09-13T12:53:29+06:00" level=info msg=GET_FILE message="closing the file..." ok=true
time="2020-09-13T12:53:29+06:00" level=info msg=fn_rotate_log_files message="finishing the rotate fr goroutine" ok=true
time="2020-09-13T13:00:35+06:00" level=info msg=INIT_DB message="connected to Postgres..." ok=true
time="2020-09-13T13:00:35+06:00" level=info msg=main port=7000
time="2020-09-13T13:01:00+06:00" level=info error= host="[::1]:53170" path=/v1/administrate/user status=201
time="2020-09-13T13:01:21+06:00" level=info error= host="[::1]:53170" path=/v1/administrate/user status=200
time="2020-09-13T13:04:59+06:00" level=info error= host="[::1]:53170" path=/v1/administrate/user status=200
time="2020-09-13T13:05:31+06:00" level=info error="pq: duplicate key value violates unique constraint \"users_username_key\"" host="[::1]:53170" path=/v1/administrate/user status=417
time="2020-09-13T13:06:13+06:00" level=info error= host="[::1]:53170" path=/v1/administrate/user status=201
time="2020-09-13T13:07:06+06:00" level=info msg=GET_FILE message="closing the file..." ok=true
time="2020-09-13T13:07:06+06:00" level=info msg=fn_rotate_log_files message="finishing the rotate fr goroutine" ok=true
time="2020-09-13T13:07:09+06:00" level=info msg=INIT_DB message="connected to Postgres..." ok=true
time="2020-09-13T13:07:09+06:00" level=info msg=main port=7000
time="2020-09-13T13:07:24+06:00" level=info msg=INIT_DB message="connected to Postgres..." ok=true
time="2020-09-13T13:07:25+06:00" level=info msg=main port=7000
time="2020-09-13T13:09:21+06:00" level=info error= host="[::1]:53250" path=/v1/administrate/user status=201
time="2020-09-13T13:09:51+06:00" level=info error="pq: duplicate key value violates unique constraint \"emails_address_key\"" host="[::1]:53250" path=/v1/administrate/user status=417
time="2020-09-13T13:19:51+06:00" level=info error="record not found" host="[::1]:53250" path=/v1/administrate/user status=417
time="2020-09-13T13:20:11+06:00" level=info error= host="[::1]:53250" path=/v1/administrate/user status=201
time="2020-09-13T13:20:35+06:00" level=info error= host="[::1]:53250" path=/v1/administrate/user status=200
time="2020-09-13T13:20:52+06:00" level=info error= host="[::1]:53250" path=/v1/administrate/user status=200
time="2020-09-13T13:29:40+06:00" level=info error= host="[::1]:53250" path=/v1/administrate/user status=200
time="2020-09-13T13:30:10+06:00" level=info error= host="[::1]:53250" path=/v1/administrate/user status=200
time="2020-09-13T13:30:16+06:00" level=info error= host="[::1]:53250" path=/v1/administrate/user/block status=200
time="2020-09-13T13:30:37+06:00" level=info error= host="[::1]:53250" path=/v1/administrate/user/block status=200
time="2020-09-13T13:30:45+06:00" level=info msg=INIT_DB message="connected to Postgres..." ok=true
time="2020-09-13T13:30:46+06:00" level=info msg=main port=7000
time="2020-09-13T13:30:50+06:00" level=info error= host="[::1]:53476" path=/v1/administrate/user/block status=200
time="2020-09-13T13:31:03+06:00" level=info error= host="[::1]:53476" path=/v1/administrate/user status=200
time="2020-09-13T15:08:40+06:00" level=info msg=INIT_DB message="connected to Postgres..." ok=true
time="2020-09-13T15:08:40+06:00" level=info msg=main port=7000
time="2020-09-13T15:08:56+06:00" level=info error= host="[::1]:53952" path=/v1/administrate/user status=200
time="2020-09-13T15:09:43+06:00" level=info msg=INIT_DB message="connected to Postgres..." ok=true
time="2020-09-13T15:09:44+06:00" level=info msg=main port=7000
time="2020-09-13T15:09:49+06:00" level=info error="pq: syntax error at or near \")\"" host="[::1]:53982" path=/v1/administrate/user/delete status=417
time="2020-09-13T15:12:47+06:00" level=info msg=INIT_DB message="connected to Postgres..." ok=true
time="2020-09-13T15:12:48+06:00" level=info msg=main port=7000
time="2020-09-13T15:12:56+06:00" level=info error= host="[::1]:54014" path=/v1/administrate/user/delete status=200
time="2020-09-13T15:13:25+06:00" level=info error= host="[::1]:54014" path=/v1/administrate/user/delete status=200
time="2020-09-13T15:14:10+06:00" level=info error="record not found" host="[::1]:54014" path=/v1/administrate/user/delete status=417
time="2020-09-13T15:14:30+06:00" level=info error= host="[::1]:54014" path=/v1/administrate/user/delete status=200
time="2020-09-13T15:15:01+06:00" level=info error= host="[::1]:54014" path=/v1/administrate/user status=200
time="2020-09-13T15:15:48+06:00" level=info msg=INIT_DB message="connected to Postgres..." ok=true
time="2020-09-13T15:15:49+06:00" level=info msg=main port=7000
time="2020-09-13T15:16:05+06:00" level=info error= host="[::1]:54064" path=/v1/administrate/user status=200
time="2020-09-13T17:45:42+06:00" level=info msg=INIT_DB message="connected to Postgres..." ok=true
time="2020-09-13T17:45:42+06:00" level=info msg=main port=7000
time="2020-09-13T17:46:40+06:00" level=info msg=INIT_DB message="connected to Postgres..." ok=true
time="2020-09-13T17:46:41+06:00" level=info msg=main port=7000
time="2020-09-13T17:47:09+06:00" level=info msg="JWT_TOKEN 1" error="could not be split correctly" host="[::1]:55128" path=/v1/administrate/stat/project status=421
time="2020-09-13T17:48:36+06:00" level=info msg="Stats_on_projects_based_on_user_or_status 1" error= host="[::1]:55128" path=/v1/administrate/stat/project status=200
time="2020-09-13T17:50:30+06:00" level=info msg="Stats_on_projects_based_on_user_or_status 1" error= host="[::1]:55128" path=/v1/administrate/stat/project status=200
time="2020-09-13T17:51:15+06:00" level=info msg=INIT_DB message="connected to Postgres..." ok=true
time="2020-09-13T17:51:15+06:00" level=info msg=main port=7000
time="2020-09-13T17:51:29+06:00" level=info msg="Stats_on_projects_based_on_user_or_status 1" error= host="[::1]:55176" path=/v1/administrate/stat/project status=200
time="2020-09-13T18:03:31+06:00" level=info msg=INIT_DB message="connected to Postgres..." ok=true
time="2020-09-13T18:03:32+06:00" level=info msg=main port=7000
time="2020-09-13T18:05:25+06:00" level=info msg="check_whether_user_has_such_permission 2" error="user has not got such permission or invalid parameters have been provided" host="[::1]:55298" path=/v1/administrate/project status=424
time="2020-09-13T18:06:37+06:00" level=info msg=Admin_assign_user_to_project error= host="[::1]:55298" path=/v1/administrate/project status=200
time="2020-09-13T18:11:15+06:00" level=info error= host="[::1]:55298" path=/v1/administrate/user status=200
time="2020-09-13T18:12:19+06:00" level=info error="pq: duplicate key value violates unique constraint \"emails_address_key\"" host="[::1]:55298" path=/v1/administrate/user status=417
time="2020-09-13T18:15:01+06:00" level=info msg=INIT_DB message="connected to Postgres..." ok=true
time="2020-09-13T18:15:02+06:00" level=info msg=main port=7000
time="2020-09-13T18:15:22+06:00" level=info error= host="[::1]:55406" path=/v1/administrate/user status=201
time="2020-09-13T18:15:36+06:00" level=info error= host="[::1]:55406" path=/v1/administrate/user status=200
time="2020-09-13T18:21:51+06:00" level=info msg="User_get_own_info 1" error= host="[::1]:55406" path=/v1/all/info status=200
time="2020-09-13T18:22:08+06:00" level=info msg="Sign_in 3" error= host="[::1]:55406" path=/v1/all/signin status=200
time="2020-09-13T18:22:23+06:00" level=info msg="User_get_own_info 1" error= host="[::1]:55406" path=/v1/all/info status=200
time="2020-09-13T18:23:36+06:00" level=info msg=INIT_DB message="connected to Postgres..." ok=true
time="2020-09-13T18:23:37+06:00" level=info msg=main port=7000
time="2020-09-13T18:25:10+06:00" level=info msg=INIT_DB message="connected to Postgres..." ok=true
time="2020-09-13T18:25:11+06:00" level=info msg=main port=7000
time="2020-09-13T18:26:06+06:00" level=info msg=INIT_DB message="connected to Postgres..." ok=true
time="2020-09-13T18:26:06+06:00" level=info msg=main port=7000
time="2020-09-13T18:26:52+06:00" level=info msg=INIT_DB message="connected to Postgres..." ok=true
time="2020-09-13T18:26:52+06:00" level=info msg=main port=7000
time="2020-09-13T18:26:57+06:00" level=info msg="User_get_own_info 1" error= host="[::1]:55566" path=/v1/all/info status=200
time="2020-09-13T18:32:19+06:00" level=info msg="Sign_in 3" error= host="[::1]:55566" path=/v1/all/signin status=200
time="2020-09-13T18:32:59+06:00" level=info msg=INIT_DB message="connected to Postgres..." ok=true
time="2020-09-13T18:32:59+06:00" level=info msg=main port=7000
time="2020-09-13T18:33:15+06:00" level=info msg="Get_full_user_info 1" error= host="[::1]:55628" path=/v1/administrate/profile status=200
time="2020-09-13T18:34:25+06:00" level=info error= host="[::1]:55628" path=/v1/administrate/user/password status=200
time="2020-09-13T18:34:44+06:00" level=info msg=INIT_DB message="connected to Postgres..." ok=true
time="2020-09-13T18:34:45+06:00" level=info msg=main port=7000
time="2020-09-13T18:35:19+06:00" level=info error= host="[::1]:55654" path=/v1/administrate/user/password status=200
